{"/Users/nickolasdarselio/Documents/HACKTIV8 BSD/3 PHASE/finalproject/server/app.js": {"path":"/Users/nickolasdarselio/Documents/HACKTIV8 BSD/3 PHASE/finalproject/server/app.js","statementMap":{"0":{"start":{"line":1,"column":0},"end":{"line":3,"column":1}},"1":{"start":{"line":2,"column":4},"end":{"line":2,"column":30}},"2":{"start":{"line":5,"column":16},"end":{"line":5,"column":34}},"3":{"start":{"line":6,"column":12},"end":{"line":6,"column":21}},"4":{"start":{"line":7,"column":13},"end":{"line":7,"column":37}},"5":{"start":{"line":8,"column":15},"end":{"line":8,"column":41}},"6":{"start":{"line":9,"column":25},"end":{"line":9,"column":62}},"7":{"start":{"line":10,"column":13},"end":{"line":10,"column":28}},"8":{"start":{"line":12,"column":0},"end":{"line":12,"column":15}},"9":{"start":{"line":13,"column":0},"end":{"line":13,"column":23}},"10":{"start":{"line":14,"column":0},"end":{"line":14,"column":48}},"11":{"start":{"line":15,"column":0},"end":{"line":15,"column":15}},"12":{"start":{"line":16,"column":0},"end":{"line":16,"column":21}},"13":{"start":{"line":22,"column":0},"end":{"line":22,"column":20}}},"fnMap":{},"branchMap":{"0":{"loc":{"start":{"line":1,"column":0},"end":{"line":3,"column":1}},"type":"if","locations":[{"start":{"line":1,"column":0},"end":{"line":3,"column":1}},{"start":{},"end":{}}],"line":1},"1":{"loc":{"start":{"line":7,"column":13},"end":{"line":7,"column":37}},"type":"binary-expr","locations":[{"start":{"line":7,"column":13},"end":{"line":7,"column":29}},{"start":{"line":7,"column":33},"end":{"line":7,"column":37}}],"line":7}},"s":{"0":6,"1":6,"2":6,"3":6,"4":6,"5":6,"6":6,"7":6,"8":6,"9":6,"10":6,"11":6,"12":6,"13":6},"f":{},"b":{"0":[6,0],"1":[6,0]},"_coverageSchema":"1a1c01bbd47fc00a2c39e90264f33305004495a9","hash":"33694c2d84aab3837dce2ded84b2450d5207b1f9"}
,"/Users/nickolasdarselio/Documents/HACKTIV8 BSD/3 PHASE/finalproject/server/controllers/categoryController.js": {"path":"/Users/nickolasdarselio/Documents/HACKTIV8 BSD/3 PHASE/finalproject/server/controllers/categoryController.js","statementMap":{"0":{"start":{"line":1,"column":21},"end":{"line":1,"column":47}},"1":{"start":{"line":6,"column":8},"end":{"line":14,"column":9}},"2":{"start":{"line":7,"column":27},"end":{"line":7,"column":51}},"3":{"start":{"line":8,"column":12},"end":{"line":10,"column":13}},"4":{"start":{"line":13,"column":12},"end":{"line":13,"column":21}},"5":{"start":{"line":18,"column":8},"end":{"line":33,"column":9}},"6":{"start":{"line":19,"column":29},"end":{"line":19,"column":41}},"7":{"start":{"line":21,"column":12},"end":{"line":23,"column":13}},"8":{"start":{"line":22,"column":16},"end":{"line":22,"column":44}},"9":{"start":{"line":25,"column":27},"end":{"line":27,"column":14}},"10":{"start":{"line":29,"column":12},"end":{"line":29,"column":45}},"11":{"start":{"line":32,"column":12},"end":{"line":32,"column":21}},"12":{"start":{"line":37,"column":8},"end":{"line":55,"column":9}},"13":{"start":{"line":38,"column":27},"end":{"line":38,"column":41}},"14":{"start":{"line":40,"column":27},"end":{"line":44,"column":14}},"15":{"start":{"line":46,"column":12},"end":{"line":48,"column":13}},"16":{"start":{"line":47,"column":16},"end":{"line":47,"column":45}},"17":{"start":{"line":49,"column":12},"end":{"line":51,"column":14}},"18":{"start":{"line":54,"column":12},"end":{"line":54,"column":21}},"19":{"start":{"line":59,"column":0},"end":{"line":59,"column":35}}},"fnMap":{"0":{"name":"(anonymous_0)","decl":{"start":{"line":5,"column":4},"end":{"line":5,"column":5}},"loc":{"start":{"line":5,"column":57},"end":{"line":15,"column":5}},"line":5},"1":{"name":"(anonymous_1)","decl":{"start":{"line":17,"column":4},"end":{"line":17,"column":5}},"loc":{"start":{"line":17,"column":59},"end":{"line":34,"column":5}},"line":17},"2":{"name":"(anonymous_2)","decl":{"start":{"line":36,"column":4},"end":{"line":36,"column":5}},"loc":{"start":{"line":36,"column":59},"end":{"line":56,"column":5}},"line":36}},"branchMap":{"0":{"loc":{"start":{"line":21,"column":12},"end":{"line":23,"column":13}},"type":"if","locations":[{"start":{"line":21,"column":12},"end":{"line":23,"column":13}},{"start":{},"end":{}}],"line":21},"1":{"loc":{"start":{"line":46,"column":12},"end":{"line":48,"column":13}},"type":"if","locations":[{"start":{"line":46,"column":12},"end":{"line":48,"column":13}},{"start":{},"end":{}}],"line":46}},"s":{"0":6,"1":1,"2":1,"3":1,"4":0,"5":2,"6":2,"7":2,"8":1,"9":1,"10":1,"11":1,"12":2,"13":2,"14":2,"15":2,"16":1,"17":1,"18":1,"19":6},"f":{"0":1,"1":2,"2":2},"b":{"0":[1,1],"1":[1,1]},"_coverageSchema":"1a1c01bbd47fc00a2c39e90264f33305004495a9","hash":"dc2e3b652236af0524b231ab9f64eff01053a65b"}
,"/Users/nickolasdarselio/Documents/HACKTIV8 BSD/3 PHASE/finalproject/server/controllers/dressController.js": {"path":"/Users/nickolasdarselio/Documents/HACKTIV8 BSD/3 PHASE/finalproject/server/controllers/dressController.js","statementMap":{"0":{"start":{"line":1,"column":42},"end":{"line":1,"column":62}},"1":{"start":{"line":2,"column":26},"end":{"line":2,"column":58}},"2":{"start":{"line":3,"column":15},"end":{"line":3,"column":35}},"3":{"start":{"line":4,"column":22},"end":{"line":4,"column":42}},"4":{"start":{"line":6,"column":14},"end":{"line":6,"column":32}},"5":{"start":{"line":8,"column":14},"end":{"line":8,"column":49}},"6":{"start":{"line":12,"column":8},"end":{"line":73,"column":9}},"7":{"start":{"line":13,"column":29},"end":{"line":13,"column":58}},"8":{"start":{"line":15,"column":12},"end":{"line":18,"column":13}},"9":{"start":{"line":16,"column":34},"end":{"line":16,"column":56}},"10":{"start":{"line":17,"column":16},"end":{"line":17,"column":61}},"11":{"start":{"line":20,"column":26},"end":{"line":20,"column":28}},"12":{"start":{"line":21,"column":57},"end":{"line":21,"column":70}},"13":{"start":{"line":23,"column":12},"end":{"line":25,"column":13}},"14":{"start":{"line":24,"column":16},"end":{"line":24,"column":56}},"15":{"start":{"line":27,"column":12},"end":{"line":29,"column":13}},"16":{"start":{"line":28,"column":16},"end":{"line":28,"column":45}},"17":{"start":{"line":31,"column":12},"end":{"line":33,"column":13}},"18":{"start":{"line":32,"column":16},"end":{"line":32,"column":35}},"19":{"start":{"line":35,"column":12},"end":{"line":37,"column":13}},"20":{"start":{"line":36,"column":16},"end":{"line":36,"column":39}},"21":{"start":{"line":39,"column":25},"end":{"line":39,"column":78}},"22":{"start":{"line":40,"column":28},"end":{"line":40,"column":88}},"23":{"start":{"line":42,"column":12},"end":{"line":44,"column":13}},"24":{"start":{"line":43,"column":16},"end":{"line":43,"column":51}},"25":{"start":{"line":46,"column":36},"end":{"line":55,"column":13}},"26":{"start":{"line":57,"column":27},"end":{"line":62,"column":14}},"27":{"start":{"line":64,"column":12},"end":{"line":66,"column":13}},"28":{"start":{"line":65,"column":16},"end":{"line":65,"column":49}},"29":{"start":{"line":68,"column":12},"end":{"line":68,"column":60}},"30":{"start":{"line":70,"column":12},"end":{"line":70,"column":45}},"31":{"start":{"line":72,"column":12},"end":{"line":72,"column":21}},"32":{"start":{"line":77,"column":8},"end":{"line":94,"column":9}},"33":{"start":{"line":78,"column":27},"end":{"line":78,"column":41}},"34":{"start":{"line":79,"column":27},"end":{"line":84,"column":14}},"35":{"start":{"line":86,"column":12},"end":{"line":88,"column":13}},"36":{"start":{"line":87,"column":16},"end":{"line":87,"column":43}},"37":{"start":{"line":90,"column":12},"end":{"line":90,"column":45}},"38":{"start":{"line":93,"column":12},"end":{"line":93,"column":21}},"39":{"start":{"line":98,"column":20},"end":{"line":98,"column":49}},"40":{"start":{"line":99,"column":8},"end":{"line":139,"column":9}},"41":{"start":{"line":100,"column":121},"end":{"line":100,"column":133}},"42":{"start":{"line":101,"column":12},"end":{"line":103,"column":13}},"43":{"start":{"line":102,"column":16},"end":{"line":102,"column":54}},"44":{"start":{"line":105,"column":27},"end":{"line":113,"column":36}},"45":{"start":{"line":117,"column":35},"end":{"line":130,"column":36}},"46":{"start":{"line":132,"column":12},"end":{"line":132,"column":30}},"47":{"start":{"line":133,"column":12},"end":{"line":133,"column":35}},"48":{"start":{"line":134,"column":12},"end":{"line":134,"column":65}},"49":{"start":{"line":136,"column":12},"end":{"line":136,"column":32}},"50":{"start":{"line":138,"column":12},"end":{"line":138,"column":21}},"51":{"start":{"line":143,"column":20},"end":{"line":143,"column":49}},"52":{"start":{"line":144,"column":8},"end":{"line":195,"column":9}},"53":{"start":{"line":145,"column":27},"end":{"line":145,"column":41}},"54":{"start":{"line":146,"column":112},"end":{"line":146,"column":124}},"55":{"start":{"line":148,"column":27},"end":{"line":160,"column":14}},"56":{"start":{"line":161,"column":12},"end":{"line":163,"column":13}},"57":{"start":{"line":162,"column":16},"end":{"line":162,"column":43}},"58":{"start":{"line":165,"column":28},"end":{"line":170,"column":14}},"59":{"start":{"line":172,"column":32},"end":{"line":185,"column":36}},"60":{"start":{"line":186,"column":12},"end":{"line":186,"column":30}},"61":{"start":{"line":187,"column":12},"end":{"line":187,"column":35}},"62":{"start":{"line":188,"column":12},"end":{"line":190,"column":14}},"63":{"start":{"line":192,"column":12},"end":{"line":192,"column":32}},"64":{"start":{"line":194,"column":12},"end":{"line":194,"column":21}},"65":{"start":{"line":199,"column":20},"end":{"line":199,"column":49}},"66":{"start":{"line":200,"column":8},"end":{"line":224,"column":9}},"67":{"start":{"line":202,"column":27},"end":{"line":202,"column":41}},"68":{"start":{"line":203,"column":27},"end":{"line":208,"column":14}},"69":{"start":{"line":210,"column":12},"end":{"line":212,"column":13}},"70":{"start":{"line":211,"column":16},"end":{"line":211,"column":45}},"71":{"start":{"line":214,"column":12},"end":{"line":214,"column":30}},"72":{"start":{"line":215,"column":12},"end":{"line":215,"column":35}},"73":{"start":{"line":216,"column":12},"end":{"line":218,"column":14}},"74":{"start":{"line":221,"column":12},"end":{"line":221,"column":32}},"75":{"start":{"line":223,"column":12},"end":{"line":223,"column":21}},"76":{"start":{"line":228,"column":0},"end":{"line":228,"column":32}}},"fnMap":{"0":{"name":"(anonymous_0)","decl":{"start":{"line":11,"column":4},"end":{"line":11,"column":5}},"loc":{"start":{"line":11,"column":52},"end":{"line":74,"column":5}},"line":11},"1":{"name":"(anonymous_1)","decl":{"start":{"line":76,"column":4},"end":{"line":76,"column":5}},"loc":{"start":{"line":76,"column":58},"end":{"line":95,"column":5}},"line":76},"2":{"name":"(anonymous_2)","decl":{"start":{"line":97,"column":4},"end":{"line":97,"column":5}},"loc":{"start":{"line":97,"column":54},"end":{"line":140,"column":5}},"line":97},"3":{"name":"(anonymous_3)","decl":{"start":{"line":142,"column":4},"end":{"line":142,"column":5}},"loc":{"start":{"line":142,"column":54},"end":{"line":196,"column":5}},"line":142},"4":{"name":"(anonymous_4)","decl":{"start":{"line":198,"column":4},"end":{"line":198,"column":5}},"loc":{"start":{"line":198,"column":54},"end":{"line":225,"column":5}},"line":198}},"branchMap":{"0":{"loc":{"start":{"line":15,"column":12},"end":{"line":18,"column":13}},"type":"if","locations":[{"start":{"line":15,"column":12},"end":{"line":18,"column":13}},{"start":{},"end":{}}],"line":15},"1":{"loc":{"start":{"line":23,"column":12},"end":{"line":25,"column":13}},"type":"if","locations":[{"start":{"line":23,"column":12},"end":{"line":25,"column":13}},{"start":{},"end":{}}],"line":23},"2":{"loc":{"start":{"line":27,"column":12},"end":{"line":29,"column":13}},"type":"if","locations":[{"start":{"line":27,"column":12},"end":{"line":29,"column":13}},{"start":{},"end":{}}],"line":27},"3":{"loc":{"start":{"line":31,"column":12},"end":{"line":33,"column":13}},"type":"if","locations":[{"start":{"line":31,"column":12},"end":{"line":33,"column":13}},{"start":{},"end":{}}],"line":31},"4":{"loc":{"start":{"line":35,"column":12},"end":{"line":37,"column":13}},"type":"if","locations":[{"start":{"line":35,"column":12},"end":{"line":37,"column":13}},{"start":{},"end":{}}],"line":35},"5":{"loc":{"start":{"line":39,"column":25},"end":{"line":39,"column":78}},"type":"cond-expr","locations":[{"start":{"line":39,"column":46},"end":{"line":39,"column":74}},{"start":{"line":39,"column":77},"end":{"line":39,"column":78}}],"line":39},"6":{"loc":{"start":{"line":40,"column":28},"end":{"line":40,"column":88}},"type":"cond-expr","locations":[{"start":{"line":40,"column":52},"end":{"line":40,"column":83}},{"start":{"line":40,"column":86},"end":{"line":40,"column":88}}],"line":40},"7":{"loc":{"start":{"line":42,"column":12},"end":{"line":44,"column":13}},"type":"if","locations":[{"start":{"line":42,"column":12},"end":{"line":44,"column":13}},{"start":{},"end":{}}],"line":42},"8":{"loc":{"start":{"line":42,"column":16},"end":{"line":42,"column":41}},"type":"binary-expr","locations":[{"start":{"line":42,"column":16},"end":{"line":42,"column":25}},{"start":{"line":42,"column":29},"end":{"line":42,"column":41}}],"line":42},"9":{"loc":{"start":{"line":64,"column":12},"end":{"line":66,"column":13}},"type":"if","locations":[{"start":{"line":64,"column":12},"end":{"line":66,"column":13}},{"start":{},"end":{}}],"line":64},"10":{"loc":{"start":{"line":86,"column":12},"end":{"line":88,"column":13}},"type":"if","locations":[{"start":{"line":86,"column":12},"end":{"line":88,"column":13}},{"start":{},"end":{}}],"line":86},"11":{"loc":{"start":{"line":101,"column":12},"end":{"line":103,"column":13}},"type":"if","locations":[{"start":{"line":101,"column":12},"end":{"line":103,"column":13}},{"start":{},"end":{}}],"line":101},"12":{"loc":{"start":{"line":101,"column":16},"end":{"line":101,"column":54}},"type":"binary-expr","locations":[{"start":{"line":101,"column":16},"end":{"line":101,"column":26}},{"start":{"line":101,"column":30},"end":{"line":101,"column":40}},{"start":{"line":101,"column":44},"end":{"line":101,"column":54}}],"line":101},"13":{"loc":{"start":{"line":161,"column":12},"end":{"line":163,"column":13}},"type":"if","locations":[{"start":{"line":161,"column":12},"end":{"line":163,"column":13}},{"start":{},"end":{}}],"line":161},"14":{"loc":{"start":{"line":210,"column":12},"end":{"line":212,"column":13}},"type":"if","locations":[{"start":{"line":210,"column":12},"end":{"line":212,"column":13}},{"start":{},"end":{}}],"line":210}},"s":{"0":6,"1":6,"2":6,"3":6,"4":6,"5":6,"6":3,"7":3,"8":3,"9":2,"10":2,"11":1,"12":1,"13":1,"14":0,"15":1,"16":0,"17":1,"18":0,"19":1,"20":0,"21":1,"22":1,"23":1,"24":0,"25":1,"26":1,"27":1,"28":0,"29":1,"30":1,"31":0,"32":2,"33":2,"34":2,"35":2,"36":1,"37":1,"38":1,"39":2,"40":2,"41":2,"42":2,"43":1,"44":1,"45":1,"46":1,"47":1,"48":1,"49":1,"50":1,"51":2,"52":2,"53":2,"54":2,"55":2,"56":2,"57":1,"58":1,"59":1,"60":1,"61":1,"62":1,"63":1,"64":1,"65":2,"66":2,"67":2,"68":2,"69":2,"70":1,"71":1,"72":1,"73":1,"74":1,"75":1,"76":6},"f":{"0":3,"1":2,"2":2,"3":2,"4":2},"b":{"0":[2,1],"1":[0,1],"2":[0,1],"3":[0,1],"4":[0,1],"5":[0,1],"6":[0,1],"7":[0,1],"8":[1,1],"9":[0,1],"10":[1,1],"11":[1,1],"12":[2,2,2],"13":[1,1],"14":[1,1]},"_coverageSchema":"1a1c01bbd47fc00a2c39e90264f33305004495a9","hash":"9bb622e3034b12760a4e20ff31ddfa90a8038d91"}
,"/Users/nickolasdarselio/Documents/HACKTIV8 BSD/3 PHASE/finalproject/server/controllers/favoriteController.js": {"path":"/Users/nickolasdarselio/Documents/HACKTIV8 BSD/3 PHASE/finalproject/server/controllers/favoriteController.js","statementMap":{"0":{"start":{"line":1,"column":28},"end":{"line":1,"column":48}},"1":{"start":{"line":5,"column":8},"end":{"line":18,"column":9}},"2":{"start":{"line":6,"column":27},"end":{"line":11,"column":14}},"3":{"start":{"line":12,"column":12},"end":{"line":14,"column":13}},"4":{"start":{"line":17,"column":12},"end":{"line":17,"column":21}},"5":{"start":{"line":22,"column":8},"end":{"line":45,"column":9}},"6":{"start":{"line":23,"column":27},"end":{"line":23,"column":41}},"7":{"start":{"line":25,"column":27},"end":{"line":36,"column":14}},"8":{"start":{"line":38,"column":12},"end":{"line":40,"column":13}},"9":{"start":{"line":39,"column":16},"end":{"line":39,"column":52}},"10":{"start":{"line":42,"column":12},"end":{"line":42,"column":45}},"11":{"start":{"line":44,"column":12},"end":{"line":44,"column":21}},"12":{"start":{"line":49,"column":8},"end":{"line":69,"column":9}},"13":{"start":{"line":50,"column":27},"end":{"line":50,"column":41}},"14":{"start":{"line":53,"column":27},"end":{"line":58,"column":14}},"15":{"start":{"line":59,"column":12},"end":{"line":61,"column":13}},"16":{"start":{"line":60,"column":16},"end":{"line":60,"column":45}},"17":{"start":{"line":63,"column":12},"end":{"line":65,"column":14}},"18":{"start":{"line":68,"column":12},"end":{"line":68,"column":21}},"19":{"start":{"line":73,"column":0},"end":{"line":73,"column":35}}},"fnMap":{"0":{"name":"(anonymous_0)","decl":{"start":{"line":4,"column":4},"end":{"line":4,"column":5}},"loc":{"start":{"line":4,"column":55},"end":{"line":19,"column":5}},"line":4},"1":{"name":"(anonymous_1)","decl":{"start":{"line":21,"column":4},"end":{"line":21,"column":5}},"loc":{"start":{"line":21,"column":54},"end":{"line":46,"column":5}},"line":21},"2":{"name":"(anonymous_2)","decl":{"start":{"line":48,"column":4},"end":{"line":48,"column":5}},"loc":{"start":{"line":48,"column":57},"end":{"line":70,"column":5}},"line":48}},"branchMap":{"0":{"loc":{"start":{"line":38,"column":12},"end":{"line":40,"column":13}},"type":"if","locations":[{"start":{"line":38,"column":12},"end":{"line":40,"column":13}},{"start":{},"end":{}}],"line":38},"1":{"loc":{"start":{"line":59,"column":12},"end":{"line":61,"column":13}},"type":"if","locations":[{"start":{"line":59,"column":12},"end":{"line":61,"column":13}},{"start":{},"end":{}}],"line":59}},"s":{"0":6,"1":1,"2":1,"3":1,"4":0,"5":1,"6":1,"7":1,"8":1,"9":0,"10":1,"11":0,"12":2,"13":2,"14":2,"15":2,"16":1,"17":1,"18":1,"19":6},"f":{"0":1,"1":1,"2":2},"b":{"0":[0,1],"1":[1,1]},"_coverageSchema":"1a1c01bbd47fc00a2c39e90264f33305004495a9","hash":"9dbbaccf7b58decdcaa891b68a9d86f271fee9a2"}
,"/Users/nickolasdarselio/Documents/HACKTIV8 BSD/3 PHASE/finalproject/server/controllers/googleMapsController.js": {"path":"/Users/nickolasdarselio/Documents/HACKTIV8 BSD/3 PHASE/finalproject/server/controllers/googleMapsController.js","statementMap":{"0":{"start":{"line":1,"column":14},"end":{"line":1,"column":35}},"1":{"start":{"line":2,"column":13},"end":{"line":2,"column":28}},"2":{"start":{"line":3,"column":15},"end":{"line":3,"column":46}},"3":{"start":{"line":4,"column":19},"end":{"line":4,"column":42}},"4":{"start":{"line":5,"column":25},"end":{"line":5,"column":65}},"5":{"start":{"line":6,"column":42},"end":{"line":6,"column":62}},"6":{"start":{"line":7,"column":14},"end":{"line":7,"column":49}},"7":{"start":{"line":8,"column":0},"end":{"line":11,"column":3}},"8":{"start":{"line":9,"column":4},"end":{"line":9,"column":29}},"9":{"start":{"line":10,"column":4},"end":{"line":10,"column":29}},"10":{"start":{"line":12,"column":14},"end":{"line":12,"column":49}},"11":{"start":{"line":13,"column":0},"end":{"line":16,"column":2}},"12":{"start":{"line":14,"column":4},"end":{"line":14,"column":29}},"13":{"start":{"line":15,"column":4},"end":{"line":15,"column":29}},"14":{"start":{"line":18,"column":14},"end":{"line":18,"column":32}},"15":{"start":{"line":20,"column":14},"end":{"line":20,"column":49}},"16":{"start":{"line":25,"column":30},"end":{"line":25,"column":92}},"17":{"start":{"line":26,"column":8},"end":{"line":65,"column":9}},"18":{"start":{"line":27,"column":27},"end":{"line":27,"column":54}},"19":{"start":{"line":29,"column":12},"end":{"line":32,"column":13}},"20":{"start":{"line":30,"column":32},"end":{"line":30,"column":52}},"21":{"start":{"line":31,"column":16},"end":{"line":31,"column":54}},"22":{"start":{"line":33,"column":29},"end":{"line":37,"column":14}},"23":{"start":{"line":41,"column":12},"end":{"line":53,"column":14}},"24":{"start":{"line":43,"column":16},"end":{"line":52,"column":18}},"25":{"start":{"line":55,"column":12},"end":{"line":55,"column":41}},"26":{"start":{"line":56,"column":12},"end":{"line":56,"column":41}},"27":{"start":{"line":60,"column":12},"end":{"line":60,"column":73}},"28":{"start":{"line":61,"column":12},"end":{"line":61,"column":56}},"29":{"start":{"line":64,"column":12},"end":{"line":64,"column":21}},"30":{"start":{"line":69,"column":34},"end":{"line":79,"column":9}},"31":{"start":{"line":81,"column":8},"end":{"line":88,"column":11}},"32":{"start":{"line":82,"column":12},"end":{"line":87,"column":13}},"33":{"start":{"line":83,"column":16},"end":{"line":83,"column":51}},"34":{"start":{"line":86,"column":16},"end":{"line":86,"column":25}},"35":{"start":{"line":92,"column":8},"end":{"line":103,"column":9}},"36":{"start":{"line":93,"column":33},"end":{"line":93,"column":83}},"37":{"start":{"line":94,"column":29},"end":{"line":94,"column":32}},"38":{"start":{"line":95,"column":24},"end":{"line":95,"column":121}},"39":{"start":{"line":99,"column":12},"end":{"line":99,"column":30}},"40":{"start":{"line":102,"column":12},"end":{"line":102,"column":21}},"41":{"start":{"line":107,"column":8},"end":{"line":122,"column":9}},"42":{"start":{"line":108,"column":32},"end":{"line":108,"column":42}},"43":{"start":{"line":109,"column":29},"end":{"line":109,"column":133}},"44":{"start":{"line":111,"column":12},"end":{"line":113,"column":13}},"45":{"start":{"line":112,"column":16},"end":{"line":112,"column":65}},"46":{"start":{"line":115,"column":25},"end":{"line":115,"column":46}},"47":{"start":{"line":117,"column":33},"end":{"line":117,"column":44}},"48":{"start":{"line":118,"column":12},"end":{"line":118,"column":47}},"49":{"start":{"line":121,"column":12},"end":{"line":121,"column":21}},"50":{"start":{"line":126,"column":0},"end":{"line":126,"column":37}}},"fnMap":{"0":{"name":"(anonymous_0)","decl":{"start":{"line":8,"column":15},"end":{"line":8,"column":16}},"loc":{"start":{"line":8,"column":23},"end":{"line":11,"column":1}},"line":8},"1":{"name":"(anonymous_1)","decl":{"start":{"line":13,"column":14},"end":{"line":13,"column":15}},"loc":{"start":{"line":13,"column":22},"end":{"line":16,"column":1}},"line":13},"2":{"name":"(anonymous_2)","decl":{"start":{"line":24,"column":4},"end":{"line":24,"column":5}},"loc":{"start":{"line":24,"column":42},"end":{"line":66,"column":5}},"line":24},"3":{"name":"(anonymous_3)","decl":{"start":{"line":41,"column":42},"end":{"line":41,"column":43}},"loc":{"start":{"line":41,"column":56},"end":{"line":53,"column":13}},"line":41},"4":{"name":"(anonymous_4)","decl":{"start":{"line":68,"column":4},"end":{"line":68,"column":5}},"loc":{"start":{"line":68,"column":47},"end":{"line":89,"column":5}},"line":68},"5":{"name":"(anonymous_5)","decl":{"start":{"line":81,"column":55},"end":{"line":81,"column":56}},"loc":{"start":{"line":81,"column":74},"end":{"line":88,"column":9}},"line":81},"6":{"name":"(anonymous_6)","decl":{"start":{"line":91,"column":4},"end":{"line":91,"column":5}},"loc":{"start":{"line":91,"column":48},"end":{"line":104,"column":5}},"line":91},"7":{"name":"(anonymous_7)","decl":{"start":{"line":106,"column":4},"end":{"line":106,"column":5}},"loc":{"start":{"line":106,"column":49},"end":{"line":123,"column":5}},"line":106}},"branchMap":{"0":{"loc":{"start":{"line":29,"column":12},"end":{"line":32,"column":13}},"type":"if","locations":[{"start":{"line":29,"column":12},"end":{"line":32,"column":13}},{"start":{},"end":{}}],"line":29},"1":{"loc":{"start":{"line":82,"column":12},"end":{"line":87,"column":13}},"type":"if","locations":[{"start":{"line":82,"column":12},"end":{"line":87,"column":13}},{"start":{"line":84,"column":19},"end":{"line":87,"column":13}}],"line":82},"2":{"loc":{"start":{"line":111,"column":12},"end":{"line":113,"column":13}},"type":"if","locations":[{"start":{"line":111,"column":12},"end":{"line":113,"column":13}},{"start":{},"end":{}}],"line":111}},"s":{"0":6,"1":6,"2":6,"3":6,"4":6,"5":6,"6":6,"7":6,"8":120,"9":120,"10":6,"11":6,"12":360,"13":360,"14":6,"15":6,"16":1,"17":1,"18":1,"19":1,"20":1,"21":1,"22":0,"23":0,"24":0,"25":0,"26":0,"27":0,"28":0,"29":0,"30":1,"31":1,"32":1,"33":1,"34":0,"35":1,"36":1,"37":1,"38":1,"39":1,"40":0,"41":1,"42":1,"43":1,"44":1,"45":0,"46":1,"47":1,"48":1,"49":0,"50":6},"f":{"0":120,"1":360,"2":1,"3":0,"4":1,"5":1,"6":1,"7":1},"b":{"0":[1,0],"1":[1,0],"2":[0,1]},"_coverageSchema":"1a1c01bbd47fc00a2c39e90264f33305004495a9","hash":"dcf4e0a0623aa2f87fcb9c6cf3406241c380c998"}
,"/Users/nickolasdarselio/Documents/HACKTIV8 BSD/3 PHASE/finalproject/server/controllers/storeController.js": {"path":"/Users/nickolasdarselio/Documents/HACKTIV8 BSD/3 PHASE/finalproject/server/controllers/storeController.js","statementMap":{"0":{"start":{"line":1,"column":18},"end":{"line":1,"column":44}},"1":{"start":{"line":4,"column":8},"end":{"line":12,"column":9}},"2":{"start":{"line":5,"column":27},"end":{"line":5,"column":48}},"3":{"start":{"line":6,"column":12},"end":{"line":8,"column":13}},"4":{"start":{"line":11,"column":12},"end":{"line":11,"column":21}},"5":{"start":{"line":16,"column":8},"end":{"line":31,"column":9}},"6":{"start":{"line":17,"column":27},"end":{"line":17,"column":41}},"7":{"start":{"line":18,"column":27},"end":{"line":22,"column":14}},"8":{"start":{"line":23,"column":12},"end":{"line":25,"column":13}},"9":{"start":{"line":24,"column":16},"end":{"line":24,"column":43}},"10":{"start":{"line":27,"column":12},"end":{"line":27,"column":45}},"11":{"start":{"line":30,"column":12},"end":{"line":30,"column":21}},"12":{"start":{"line":35,"column":8},"end":{"line":53,"column":9}},"13":{"start":{"line":36,"column":51},"end":{"line":36,"column":63}},"14":{"start":{"line":38,"column":12},"end":{"line":40,"column":13}},"15":{"start":{"line":39,"column":16},"end":{"line":39,"column":44}},"16":{"start":{"line":42,"column":27},"end":{"line":46,"column":14}},"17":{"start":{"line":49,"column":12},"end":{"line":49,"column":45}},"18":{"start":{"line":52,"column":12},"end":{"line":52,"column":21}},"19":{"start":{"line":57,"column":8},"end":{"line":73,"column":9}},"20":{"start":{"line":58,"column":27},"end":{"line":58,"column":41}},"21":{"start":{"line":59,"column":27},"end":{"line":63,"column":14}},"22":{"start":{"line":64,"column":12},"end":{"line":66,"column":13}},"23":{"start":{"line":65,"column":16},"end":{"line":65,"column":45}},"24":{"start":{"line":67,"column":12},"end":{"line":69,"column":14}},"25":{"start":{"line":72,"column":12},"end":{"line":72,"column":21}},"26":{"start":{"line":77,"column":0},"end":{"line":77,"column":32}}},"fnMap":{"0":{"name":"(anonymous_0)","decl":{"start":{"line":3,"column":4},"end":{"line":3,"column":5}},"loc":{"start":{"line":3,"column":52},"end":{"line":13,"column":5}},"line":3},"1":{"name":"(anonymous_1)","decl":{"start":{"line":15,"column":4},"end":{"line":15,"column":5}},"loc":{"start":{"line":15,"column":58},"end":{"line":32,"column":5}},"line":15},"2":{"name":"(anonymous_2)","decl":{"start":{"line":34,"column":4},"end":{"line":34,"column":5}},"loc":{"start":{"line":34,"column":54},"end":{"line":54,"column":5}},"line":34},"3":{"name":"(anonymous_3)","decl":{"start":{"line":56,"column":4},"end":{"line":56,"column":5}},"loc":{"start":{"line":56,"column":54},"end":{"line":74,"column":5}},"line":56}},"branchMap":{"0":{"loc":{"start":{"line":23,"column":12},"end":{"line":25,"column":13}},"type":"if","locations":[{"start":{"line":23,"column":12},"end":{"line":25,"column":13}},{"start":{},"end":{}}],"line":23},"1":{"loc":{"start":{"line":38,"column":12},"end":{"line":40,"column":13}},"type":"if","locations":[{"start":{"line":38,"column":12},"end":{"line":40,"column":13}},{"start":{},"end":{}}],"line":38},"2":{"loc":{"start":{"line":38,"column":16},"end":{"line":38,"column":49}},"type":"binary-expr","locations":[{"start":{"line":38,"column":16},"end":{"line":38,"column":21}},{"start":{"line":38,"column":25},"end":{"line":38,"column":33}},{"start":{"line":38,"column":37},"end":{"line":38,"column":49}}],"line":38},"3":{"loc":{"start":{"line":64,"column":12},"end":{"line":66,"column":13}},"type":"if","locations":[{"start":{"line":64,"column":12},"end":{"line":66,"column":13}},{"start":{},"end":{}}],"line":64}},"s":{"0":6,"1":1,"2":1,"3":1,"4":0,"5":2,"6":2,"7":2,"8":2,"9":1,"10":1,"11":1,"12":2,"13":2,"14":2,"15":1,"16":1,"17":1,"18":1,"19":2,"20":2,"21":2,"22":2,"23":1,"24":1,"25":1,"26":6},"f":{"0":1,"1":2,"2":2,"3":2},"b":{"0":[1,1],"1":[1,1],"2":[2,1,1],"3":[1,1]},"_coverageSchema":"1a1c01bbd47fc00a2c39e90264f33305004495a9","hash":"1ee4e66d1ce1678500fb12d3a6f4f86efec0e1eb"}
,"/Users/nickolasdarselio/Documents/HACKTIV8 BSD/3 PHASE/finalproject/server/controllers/userController.js": {"path":"/Users/nickolasdarselio/Documents/HACKTIV8 BSD/3 PHASE/finalproject/server/controllers/userController.js","statementMap":{"0":{"start":{"line":1,"column":28},"end":{"line":1,"column":56}},"1":{"start":{"line":2,"column":24},"end":{"line":2,"column":49}},"2":{"start":{"line":3,"column":17},"end":{"line":3,"column":43}},"3":{"start":{"line":7,"column":8},"end":{"line":26,"column":9}},"4":{"start":{"line":8,"column":72},"end":{"line":8,"column":84}},"5":{"start":{"line":11,"column":28},"end":{"line":18,"column":14}},"6":{"start":{"line":19,"column":12},"end":{"line":21,"column":13}},"7":{"start":{"line":25,"column":12},"end":{"line":25,"column":21}},"8":{"start":{"line":30,"column":8},"end":{"line":68,"column":9}},"9":{"start":{"line":31,"column":40},"end":{"line":31,"column":52}},"10":{"start":{"line":33,"column":12},"end":{"line":35,"column":13}},"11":{"start":{"line":34,"column":16},"end":{"line":34,"column":41}},"12":{"start":{"line":37,"column":25},"end":{"line":41,"column":14}},"13":{"start":{"line":43,"column":12},"end":{"line":45,"column":13}},"14":{"start":{"line":44,"column":16},"end":{"line":44,"column":41}},"15":{"start":{"line":47,"column":36},"end":{"line":47,"column":76}},"16":{"start":{"line":48,"column":12},"end":{"line":50,"column":13}},"17":{"start":{"line":49,"column":16},"end":{"line":49,"column":41}},"18":{"start":{"line":52,"column":26},"end":{"line":57,"column":14}},"19":{"start":{"line":59,"column":12},"end":{"line":64,"column":14}},"20":{"start":{"line":67,"column":12},"end":{"line":67,"column":21}},"21":{"start":{"line":73,"column":0},"end":{"line":73,"column":31}}},"fnMap":{"0":{"name":"(anonymous_0)","decl":{"start":{"line":6,"column":4},"end":{"line":6,"column":5}},"loc":{"start":{"line":6,"column":55},"end":{"line":27,"column":5}},"line":6},"1":{"name":"(anonymous_1)","decl":{"start":{"line":29,"column":4},"end":{"line":29,"column":5}},"loc":{"start":{"line":29,"column":52},"end":{"line":69,"column":5}},"line":29}},"branchMap":{"0":{"loc":{"start":{"line":33,"column":12},"end":{"line":35,"column":13}},"type":"if","locations":[{"start":{"line":33,"column":12},"end":{"line":35,"column":13}},{"start":{},"end":{}}],"line":33},"1":{"loc":{"start":{"line":33,"column":16},"end":{"line":33,"column":35}},"type":"binary-expr","locations":[{"start":{"line":33,"column":16},"end":{"line":33,"column":22}},{"start":{"line":33,"column":26},"end":{"line":33,"column":35}}],"line":33},"2":{"loc":{"start":{"line":43,"column":12},"end":{"line":45,"column":13}},"type":"if","locations":[{"start":{"line":43,"column":12},"end":{"line":45,"column":13}},{"start":{},"end":{}}],"line":43},"3":{"loc":{"start":{"line":48,"column":12},"end":{"line":50,"column":13}},"type":"if","locations":[{"start":{"line":48,"column":12},"end":{"line":50,"column":13}},{"start":{},"end":{}}],"line":48}},"s":{"0":6,"1":6,"2":6,"3":5,"4":5,"5":5,"6":1,"7":4,"8":3,"9":3,"10":3,"11":1,"12":2,"13":2,"14":1,"15":1,"16":1,"17":0,"18":1,"19":1,"20":2,"21":6},"f":{"0":5,"1":3},"b":{"0":[1,2],"1":[3,2],"2":[1,1],"3":[0,1]},"_coverageSchema":"1a1c01bbd47fc00a2c39e90264f33305004495a9","hash":"62d267c62cc01058b102d70fcc4d5288c51df3c3"}
,"/Users/nickolasdarselio/Documents/HACKTIV8 BSD/3 PHASE/finalproject/server/helpers/bcrypt.js": {"path":"/Users/nickolasdarselio/Documents/HACKTIV8 BSD/3 PHASE/finalproject/server/helpers/bcrypt.js","statementMap":{"0":{"start":{"line":1,"column":15},"end":{"line":1,"column":34}},"1":{"start":{"line":2,"column":13},"end":{"line":2,"column":35}},"2":{"start":{"line":5,"column":4},"end":{"line":5,"column":47}},"3":{"start":{"line":9,"column":4},"end":{"line":9,"column":51}},"4":{"start":{"line":12,"column":0},"end":{"line":12,"column":50}}},"fnMap":{"0":{"name":"hashPassword","decl":{"start":{"line":4,"column":9},"end":{"line":4,"column":21}},"loc":{"start":{"line":4,"column":37},"end":{"line":6,"column":1}},"line":4},"1":{"name":"comparePassword","decl":{"start":{"line":8,"column":9},"end":{"line":8,"column":24}},"loc":{"start":{"line":8,"column":46},"end":{"line":10,"column":1}},"line":8}},"branchMap":{},"s":{"0":6,"1":6,"2":22,"3":1,"4":6},"f":{"0":22,"1":1},"b":{},"_coverageSchema":"1a1c01bbd47fc00a2c39e90264f33305004495a9","hash":"6ad36df0029b3b40468702f9fbc95128ad43b1ac"}
,"/Users/nickolasdarselio/Documents/HACKTIV8 BSD/3 PHASE/finalproject/server/helpers/jwt.js": {"path":"/Users/nickolasdarselio/Documents/HACKTIV8 BSD/3 PHASE/finalproject/server/helpers/jwt.js","statementMap":{"0":{"start":{"line":1,"column":12},"end":{"line":1,"column":35}},"1":{"start":{"line":2,"column":15},"end":{"line":2,"column":37}},"2":{"start":{"line":5,"column":4},"end":{"line":5,"column":36}},"3":{"start":{"line":9,"column":4},"end":{"line":9,"column":36}},"4":{"start":{"line":12,"column":0},"end":{"line":12,"column":45}}},"fnMap":{"0":{"name":"createToken","decl":{"start":{"line":4,"column":9},"end":{"line":4,"column":20}},"loc":{"start":{"line":4,"column":30},"end":{"line":6,"column":1}},"line":4},"1":{"name":"verifyToken","decl":{"start":{"line":8,"column":9},"end":{"line":8,"column":20}},"loc":{"start":{"line":8,"column":28},"end":{"line":10,"column":1}},"line":8}},"branchMap":{},"s":{"0":6,"1":6,"2":1,"3":19,"4":6},"f":{"0":1,"1":19},"b":{},"_coverageSchema":"1a1c01bbd47fc00a2c39e90264f33305004495a9","hash":"55c95d258da778eb78b777f209ded5bf715ef318"}
,"/Users/nickolasdarselio/Documents/HACKTIV8 BSD/3 PHASE/finalproject/server/helpers/pagination.js": {"path":"/Users/nickolasdarselio/Documents/HACKTIV8 BSD/3 PHASE/finalproject/server/helpers/pagination.js","statementMap":{"0":{"start":{"line":1,"column":22},"end":{"line":19,"column":1}},"1":{"start":{"line":2,"column":22},"end":{"line":2,"column":58}},"2":{"start":{"line":3,"column":25},"end":{"line":3,"column":37}},"3":{"start":{"line":4,"column":24},"end":{"line":4,"column":33}},"4":{"start":{"line":5,"column":25},"end":{"line":5,"column":66}},"5":{"start":{"line":6,"column":21},"end":{"line":6,"column":70}},"6":{"start":{"line":7,"column":19},"end":{"line":17,"column":5}},"7":{"start":{"line":18,"column":4},"end":{"line":18,"column":18}},"8":{"start":{"line":21,"column":0},"end":{"line":21,"column":34}}},"fnMap":{"0":{"name":"(anonymous_0)","decl":{"start":{"line":1,"column":22},"end":{"line":1,"column":23}},"loc":{"start":{"line":1,"column":32},"end":{"line":19,"column":1}},"line":1}},"branchMap":{"0":{"loc":{"start":{"line":5,"column":25},"end":{"line":5,"column":66}},"type":"cond-expr","locations":[{"start":{"line":5,"column":44},"end":{"line":5,"column":48}},{"start":{"line":5,"column":51},"end":{"line":5,"column":66}}],"line":5},"1":{"loc":{"start":{"line":6,"column":21},"end":{"line":6,"column":70}},"type":"cond-expr","locations":[{"start":{"line":6,"column":48},"end":{"line":6,"column":52}},{"start":{"line":6,"column":55},"end":{"line":6,"column":70}}],"line":6}},"s":{"0":6,"1":1,"2":1,"3":1,"4":1,"5":1,"6":1,"7":1,"8":6},"f":{"0":1},"b":{"0":[1,0],"1":[0,1]},"_coverageSchema":"1a1c01bbd47fc00a2c39e90264f33305004495a9","hash":"756b478f0c83a9afa4d37745dca2833ee1346afe"}
,"/Users/nickolasdarselio/Documents/HACKTIV8 BSD/3 PHASE/finalproject/server/lib/createCategory.js": {"path":"/Users/nickolasdarselio/Documents/HACKTIV8 BSD/3 PHASE/finalproject/server/lib/createCategory.js","statementMap":{"0":{"start":{"line":1,"column":21},"end":{"line":1,"column":50}},"1":{"start":{"line":2,"column":21},"end":{"line":2,"column":59}},"2":{"start":{"line":13,"column":4},"end":{"line":13,"column":45}},"3":{"start":{"line":17,"column":0},"end":{"line":17,"column":35}}},"fnMap":{"0":{"name":"CreateCategory","decl":{"start":{"line":4,"column":9},"end":{"line":4,"column":23}},"loc":{"start":{"line":4,"column":26},"end":{"line":15,"column":1}},"line":4}},"branchMap":{},"s":{"0":3,"1":3,"2":3,"3":3},"f":{"0":3},"b":{},"_coverageSchema":"1a1c01bbd47fc00a2c39e90264f33305004495a9","hash":"ddba0918d94c28eea39efb2df507c6d50311f3db"}
,"/Users/nickolasdarselio/Documents/HACKTIV8 BSD/3 PHASE/finalproject/server/lib/createDress.js": {"path":"/Users/nickolasdarselio/Documents/HACKTIV8 BSD/3 PHASE/finalproject/server/lib/createDress.js","statementMap":{"0":{"start":{"line":1,"column":18},"end":{"line":1,"column":47}},"1":{"start":{"line":2,"column":18},"end":{"line":2,"column":53}},"2":{"start":{"line":26,"column":4},"end":{"line":26,"column":38}},"3":{"start":{"line":30,"column":0},"end":{"line":30,"column":32}}},"fnMap":{"0":{"name":"CreateDress","decl":{"start":{"line":4,"column":9},"end":{"line":4,"column":20}},"loc":{"start":{"line":4,"column":23},"end":{"line":28,"column":1}},"line":4}},"branchMap":{},"s":{"0":2,"1":2,"2":2,"3":2},"f":{"0":2},"b":{},"_coverageSchema":"1a1c01bbd47fc00a2c39e90264f33305004495a9","hash":"98869f20f1639a9fd01d41ee7d2c2fd51f429fb9"}
,"/Users/nickolasdarselio/Documents/HACKTIV8 BSD/3 PHASE/finalproject/server/lib/createFavorite.js": {"path":"/Users/nickolasdarselio/Documents/HACKTIV8 BSD/3 PHASE/finalproject/server/lib/createFavorite.js","statementMap":{"0":{"start":{"line":1,"column":21},"end":{"line":1,"column":50}},"1":{"start":{"line":2,"column":21},"end":{"line":2,"column":59}},"2":{"start":{"line":14,"column":4},"end":{"line":14,"column":45}},"3":{"start":{"line":18,"column":0},"end":{"line":18,"column":35}}},"fnMap":{"0":{"name":"CreateFavorite","decl":{"start":{"line":4,"column":9},"end":{"line":4,"column":23}},"loc":{"start":{"line":4,"column":26},"end":{"line":16,"column":1}},"line":4}},"branchMap":{},"s":{"0":1,"1":1,"2":1,"3":1},"f":{"0":1},"b":{},"_coverageSchema":"1a1c01bbd47fc00a2c39e90264f33305004495a9","hash":"ee7f1d11261ad2b44984591fdc7133ff007872e6"}
,"/Users/nickolasdarselio/Documents/HACKTIV8 BSD/3 PHASE/finalproject/server/lib/createStore.js": {"path":"/Users/nickolasdarselio/Documents/HACKTIV8 BSD/3 PHASE/finalproject/server/lib/createStore.js","statementMap":{"0":{"start":{"line":1,"column":18},"end":{"line":1,"column":47}},"1":{"start":{"line":2,"column":18},"end":{"line":2,"column":53}},"2":{"start":{"line":12,"column":4},"end":{"line":12,"column":39}},"3":{"start":{"line":16,"column":0},"end":{"line":16,"column":32}}},"fnMap":{"0":{"name":"CreateStore","decl":{"start":{"line":4,"column":9},"end":{"line":4,"column":20}},"loc":{"start":{"line":4,"column":23},"end":{"line":14,"column":1}},"line":4}},"branchMap":{},"s":{"0":3,"1":3,"2":3,"3":3},"f":{"0":3},"b":{},"_coverageSchema":"1a1c01bbd47fc00a2c39e90264f33305004495a9","hash":"69fff00752749c0489ac30379a9ebe5574dbbe13"}
,"/Users/nickolasdarselio/Documents/HACKTIV8 BSD/3 PHASE/finalproject/server/lib/createUser.js": {"path":"/Users/nickolasdarselio/Documents/HACKTIV8 BSD/3 PHASE/finalproject/server/lib/createUser.js","statementMap":{"0":{"start":{"line":1,"column":17},"end":{"line":1,"column":46}},"1":{"start":{"line":2,"column":17},"end":{"line":2,"column":51}},"2":{"start":{"line":3,"column":25},"end":{"line":3,"column":56}},"3":{"start":{"line":4,"column":0},"end":{"line":6,"column":2}},"4":{"start":{"line":5,"column":4},"end":{"line":5,"column":43}},"5":{"start":{"line":18,"column":4},"end":{"line":18,"column":37}},"6":{"start":{"line":22,"column":0},"end":{"line":22,"column":31}}},"fnMap":{"0":{"name":"(anonymous_0)","decl":{"start":{"line":4,"column":17},"end":{"line":4,"column":18}},"loc":{"start":{"line":4,"column":25},"end":{"line":6,"column":1}},"line":4},"1":{"name":"CreateUser","decl":{"start":{"line":8,"column":9},"end":{"line":8,"column":19}},"loc":{"start":{"line":8,"column":22},"end":{"line":20,"column":1}},"line":8}},"branchMap":{},"s":{"0":5,"1":5,"2":5,"3":5,"4":20,"5":5,"6":5},"f":{"0":20,"1":5},"b":{},"_coverageSchema":"1a1c01bbd47fc00a2c39e90264f33305004495a9","hash":"afa131e130aaf2390091952d22dacd6af1f4e8d1"}
,"/Users/nickolasdarselio/Documents/HACKTIV8 BSD/3 PHASE/finalproject/server/lib/deleteCategory.js": {"path":"/Users/nickolasdarselio/Documents/HACKTIV8 BSD/3 PHASE/finalproject/server/lib/deleteCategory.js","statementMap":{"0":{"start":{"line":1,"column":21},"end":{"line":1,"column":47}},"1":{"start":{"line":14,"column":4},"end":{"line":18,"column":6}},"2":{"start":{"line":21,"column":0},"end":{"line":21,"column":31}}},"fnMap":{"0":{"name":"DeleteCategory","decl":{"start":{"line":3,"column":15},"end":{"line":3,"column":29}},"loc":{"start":{"line":3,"column":32},"end":{"line":19,"column":1}},"line":3}},"branchMap":{},"s":{"0":3,"1":3,"2":3},"f":{"0":3},"b":{},"_coverageSchema":"1a1c01bbd47fc00a2c39e90264f33305004495a9","hash":"7c92a37a2e2ef4ea546a3577b0314c345e6c50fe"}
,"/Users/nickolasdarselio/Documents/HACKTIV8 BSD/3 PHASE/finalproject/server/lib/deleteDress.js": {"path":"/Users/nickolasdarselio/Documents/HACKTIV8 BSD/3 PHASE/finalproject/server/lib/deleteDress.js","statementMap":{"0":{"start":{"line":1,"column":18},"end":{"line":1,"column":44}},"1":{"start":{"line":14,"column":4},"end":{"line":18,"column":6}},"2":{"start":{"line":21,"column":0},"end":{"line":21,"column":28}}},"fnMap":{"0":{"name":"DeleteDress","decl":{"start":{"line":3,"column":15},"end":{"line":3,"column":26}},"loc":{"start":{"line":3,"column":29},"end":{"line":19,"column":1}},"line":3}},"branchMap":{},"s":{"0":2,"1":2,"2":2},"f":{"0":2},"b":{},"_coverageSchema":"1a1c01bbd47fc00a2c39e90264f33305004495a9","hash":"d70ef0e0c773fa7ee9c825dd11aa4eb4e11dca39"}
,"/Users/nickolasdarselio/Documents/HACKTIV8 BSD/3 PHASE/finalproject/server/lib/deleteFavorite.js": {"path":"/Users/nickolasdarselio/Documents/HACKTIV8 BSD/3 PHASE/finalproject/server/lib/deleteFavorite.js","statementMap":{"0":{"start":{"line":1,"column":21},"end":{"line":1,"column":47}},"1":{"start":{"line":14,"column":4},"end":{"line":18,"column":6}},"2":{"start":{"line":21,"column":0},"end":{"line":21,"column":31}}},"fnMap":{"0":{"name":"DeleteFavorite","decl":{"start":{"line":3,"column":15},"end":{"line":3,"column":29}},"loc":{"start":{"line":3,"column":32},"end":{"line":19,"column":1}},"line":3}},"branchMap":{},"s":{"0":1,"1":1,"2":1},"f":{"0":1},"b":{},"_coverageSchema":"1a1c01bbd47fc00a2c39e90264f33305004495a9","hash":"8d60020c190f2ef88ec82eac0f9e491908417412"}
,"/Users/nickolasdarselio/Documents/HACKTIV8 BSD/3 PHASE/finalproject/server/lib/deleteStore.js": {"path":"/Users/nickolasdarselio/Documents/HACKTIV8 BSD/3 PHASE/finalproject/server/lib/deleteStore.js","statementMap":{"0":{"start":{"line":1,"column":18},"end":{"line":1,"column":44}},"1":{"start":{"line":14,"column":4},"end":{"line":18,"column":6}},"2":{"start":{"line":21,"column":0},"end":{"line":21,"column":28}}},"fnMap":{"0":{"name":"DeleteStore","decl":{"start":{"line":3,"column":15},"end":{"line":3,"column":26}},"loc":{"start":{"line":3,"column":29},"end":{"line":19,"column":1}},"line":3}},"branchMap":{},"s":{"0":3,"1":3,"2":3},"f":{"0":3},"b":{},"_coverageSchema":"1a1c01bbd47fc00a2c39e90264f33305004495a9","hash":"26d9d581dbf550ec976f08806dd096c78e998091"}
,"/Users/nickolasdarselio/Documents/HACKTIV8 BSD/3 PHASE/finalproject/server/lib/deleteUser.js": {"path":"/Users/nickolasdarselio/Documents/HACKTIV8 BSD/3 PHASE/finalproject/server/lib/deleteUser.js","statementMap":{"0":{"start":{"line":1,"column":17},"end":{"line":1,"column":43}},"1":{"start":{"line":14,"column":4},"end":{"line":18,"column":6}},"2":{"start":{"line":21,"column":0},"end":{"line":21,"column":27}}},"fnMap":{"0":{"name":"DeleteUser","decl":{"start":{"line":3,"column":15},"end":{"line":3,"column":25}},"loc":{"start":{"line":3,"column":28},"end":{"line":19,"column":1}},"line":3}},"branchMap":{},"s":{"0":5,"1":5,"2":5},"f":{"0":5},"b":{},"_coverageSchema":"1a1c01bbd47fc00a2c39e90264f33305004495a9","hash":"fbb9b9b122a54e4603c15ac1ffe28b72aa356091"}
,"/Users/nickolasdarselio/Documents/HACKTIV8 BSD/3 PHASE/finalproject/server/middlewares/authentication.js": {"path":"/Users/nickolasdarselio/Documents/HACKTIV8 BSD/3 PHASE/finalproject/server/middlewares/authentication.js","statementMap":{"0":{"start":{"line":1,"column":17},"end":{"line":1,"column":43}},"1":{"start":{"line":2,"column":24},"end":{"line":2,"column":49}},"2":{"start":{"line":4,"column":23},"end":{"line":42,"column":1}},"3":{"start":{"line":5,"column":4},"end":{"line":41,"column":5}},"4":{"start":{"line":6,"column":33},"end":{"line":6,"column":48}},"5":{"start":{"line":8,"column":8},"end":{"line":10,"column":9}},"6":{"start":{"line":9,"column":12},"end":{"line":9,"column":45}},"7":{"start":{"line":12,"column":24},"end":{"line":12,"column":49}},"8":{"start":{"line":13,"column":8},"end":{"line":17,"column":9}},"9":{"start":{"line":14,"column":12},"end":{"line":16,"column":13}},"10":{"start":{"line":19,"column":21},"end":{"line":23,"column":10}},"11":{"start":{"line":25,"column":8},"end":{"line":29,"column":9}},"12":{"start":{"line":26,"column":12},"end":{"line":28,"column":13}},"13":{"start":{"line":31,"column":8},"end":{"line":36,"column":9}},"14":{"start":{"line":37,"column":8},"end":{"line":37,"column":14}},"15":{"start":{"line":40,"column":8},"end":{"line":40,"column":17}},"16":{"start":{"line":44,"column":0},"end":{"line":44,"column":35}}},"fnMap":{"0":{"name":"(anonymous_0)","decl":{"start":{"line":4,"column":23},"end":{"line":4,"column":24}},"loc":{"start":{"line":4,"column":58},"end":{"line":42,"column":1}},"line":4}},"branchMap":{"0":{"loc":{"start":{"line":8,"column":8},"end":{"line":10,"column":9}},"type":"if","locations":[{"start":{"line":8,"column":8},"end":{"line":10,"column":9}},{"start":{},"end":{}}],"line":8},"1":{"loc":{"start":{"line":13,"column":8},"end":{"line":17,"column":9}},"type":"if","locations":[{"start":{"line":13,"column":8},"end":{"line":17,"column":9}},{"start":{},"end":{}}],"line":13},"2":{"loc":{"start":{"line":25,"column":8},"end":{"line":29,"column":9}},"type":"if","locations":[{"start":{"line":25,"column":8},"end":{"line":29,"column":9}},{"start":{},"end":{}}],"line":25}},"s":{"0":6,"1":6,"2":6,"3":5,"4":5,"5":5,"6":0,"7":5,"8":4,"9":0,"10":4,"11":4,"12":0,"13":4,"14":4,"15":1,"16":6},"f":{"0":5},"b":{"0":[0,5],"1":[0,4],"2":[0,4]},"_coverageSchema":"1a1c01bbd47fc00a2c39e90264f33305004495a9","hash":"5f29015bf38bba549662365894caf92f9f0b8ca0"}
,"/Users/nickolasdarselio/Documents/HACKTIV8 BSD/3 PHASE/finalproject/server/middlewares/authorization.js": {"path":"/Users/nickolasdarselio/Documents/HACKTIV8 BSD/3 PHASE/finalproject/server/middlewares/authorization.js","statementMap":{"0":{"start":{"line":1,"column":17},"end":{"line":1,"column":43}},"1":{"start":{"line":2,"column":24},"end":{"line":2,"column":49}},"2":{"start":{"line":4,"column":22},"end":{"line":25,"column":1}},"3":{"start":{"line":5,"column":4},"end":{"line":24,"column":5}},"4":{"start":{"line":7,"column":8},"end":{"line":9,"column":9}},"5":{"start":{"line":8,"column":12},"end":{"line":8,"column":42}},"6":{"start":{"line":11,"column":24},"end":{"line":11,"column":65}},"7":{"start":{"line":14,"column":8},"end":{"line":18,"column":9}},"8":{"start":{"line":15,"column":12},"end":{"line":15,"column":42}},"9":{"start":{"line":17,"column":12},"end":{"line":17,"column":18}},"10":{"start":{"line":23,"column":8},"end":{"line":23,"column":17}},"11":{"start":{"line":27,"column":0},"end":{"line":27,"column":34}}},"fnMap":{"0":{"name":"(anonymous_0)","decl":{"start":{"line":4,"column":22},"end":{"line":4,"column":23}},"loc":{"start":{"line":4,"column":57},"end":{"line":25,"column":1}},"line":4}},"branchMap":{"0":{"loc":{"start":{"line":7,"column":8},"end":{"line":9,"column":9}},"type":"if","locations":[{"start":{"line":7,"column":8},"end":{"line":9,"column":9}},{"start":{},"end":{}}],"line":7},"1":{"loc":{"start":{"line":14,"column":8},"end":{"line":18,"column":9}},"type":"if","locations":[{"start":{"line":14,"column":8},"end":{"line":18,"column":9}},{"start":{"line":16,"column":15},"end":{"line":18,"column":9}}],"line":14}},"s":{"0":6,"1":6,"2":6,"3":15,"4":15,"5":1,"6":14,"7":14,"8":0,"9":14,"10":1,"11":6},"f":{"0":15},"b":{"0":[1,14],"1":[0,14]},"_coverageSchema":"1a1c01bbd47fc00a2c39e90264f33305004495a9","hash":"ad9154133bf0efbb0e0f50adafe0cda17f8c39cb"}
,"/Users/nickolasdarselio/Documents/HACKTIV8 BSD/3 PHASE/finalproject/server/middlewares/errorHandler.js": {"path":"/Users/nickolasdarselio/Documents/HACKTIV8 BSD/3 PHASE/finalproject/server/middlewares/errorHandler.js","statementMap":{"0":{"start":{"line":1,"column":21},"end":{"line":73,"column":1}},"1":{"start":{"line":2,"column":4},"end":{"line":72,"column":5}},"2":{"start":{"line":3,"column":8},"end":{"line":3,"column":56}},"3":{"start":{"line":4,"column":11},"end":{"line":72,"column":5}},"4":{"start":{"line":5,"column":8},"end":{"line":7,"column":10}},"5":{"start":{"line":8,"column":11},"end":{"line":72,"column":5}},"6":{"start":{"line":9,"column":8},"end":{"line":11,"column":10}},"7":{"start":{"line":12,"column":11},"end":{"line":72,"column":5}},"8":{"start":{"line":13,"column":8},"end":{"line":15,"column":10}},"9":{"start":{"line":16,"column":11},"end":{"line":72,"column":5}},"10":{"start":{"line":17,"column":8},"end":{"line":19,"column":10}},"11":{"start":{"line":20,"column":11},"end":{"line":72,"column":5}},"12":{"start":{"line":21,"column":8},"end":{"line":23,"column":10}},"13":{"start":{"line":24,"column":11},"end":{"line":72,"column":5}},"14":{"start":{"line":25,"column":8},"end":{"line":27,"column":10}},"15":{"start":{"line":28,"column":11},"end":{"line":72,"column":5}},"16":{"start":{"line":29,"column":8},"end":{"line":31,"column":10}},"17":{"start":{"line":32,"column":11},"end":{"line":72,"column":5}},"18":{"start":{"line":33,"column":8},"end":{"line":35,"column":10}},"19":{"start":{"line":36,"column":11},"end":{"line":72,"column":5}},"20":{"start":{"line":37,"column":8},"end":{"line":39,"column":10}},"21":{"start":{"line":40,"column":11},"end":{"line":72,"column":5}},"22":{"start":{"line":41,"column":8},"end":{"line":43,"column":10}},"23":{"start":{"line":44,"column":11},"end":{"line":72,"column":5}},"24":{"start":{"line":45,"column":8},"end":{"line":47,"column":10}},"25":{"start":{"line":48,"column":11},"end":{"line":72,"column":5}},"26":{"start":{"line":49,"column":8},"end":{"line":51,"column":10}},"27":{"start":{"line":52,"column":11},"end":{"line":72,"column":5}},"28":{"start":{"line":53,"column":8},"end":{"line":55,"column":10}},"29":{"start":{"line":56,"column":11},"end":{"line":72,"column":5}},"30":{"start":{"line":57,"column":8},"end":{"line":59,"column":10}},"31":{"start":{"line":60,"column":11},"end":{"line":72,"column":5}},"32":{"start":{"line":61,"column":8},"end":{"line":63,"column":10}},"33":{"start":{"line":64,"column":11},"end":{"line":72,"column":5}},"34":{"start":{"line":65,"column":8},"end":{"line":67,"column":10}},"35":{"start":{"line":69,"column":8},"end":{"line":71,"column":10}},"36":{"start":{"line":75,"column":0},"end":{"line":75,"column":33}}},"fnMap":{"0":{"name":"(anonymous_0)","decl":{"start":{"line":1,"column":21},"end":{"line":1,"column":22}},"loc":{"start":{"line":1,"column":61},"end":{"line":73,"column":1}},"line":1}},"branchMap":{"0":{"loc":{"start":{"line":2,"column":4},"end":{"line":72,"column":5}},"type":"if","locations":[{"start":{"line":2,"column":4},"end":{"line":72,"column":5}},{"start":{"line":4,"column":11},"end":{"line":72,"column":5}}],"line":2},"1":{"loc":{"start":{"line":4,"column":11},"end":{"line":72,"column":5}},"type":"if","locations":[{"start":{"line":4,"column":11},"end":{"line":72,"column":5}},{"start":{"line":8,"column":11},"end":{"line":72,"column":5}}],"line":4},"2":{"loc":{"start":{"line":8,"column":11},"end":{"line":72,"column":5}},"type":"if","locations":[{"start":{"line":8,"column":11},"end":{"line":72,"column":5}},{"start":{"line":12,"column":11},"end":{"line":72,"column":5}}],"line":8},"3":{"loc":{"start":{"line":12,"column":11},"end":{"line":72,"column":5}},"type":"if","locations":[{"start":{"line":12,"column":11},"end":{"line":72,"column":5}},{"start":{"line":16,"column":11},"end":{"line":72,"column":5}}],"line":12},"4":{"loc":{"start":{"line":16,"column":11},"end":{"line":72,"column":5}},"type":"if","locations":[{"start":{"line":16,"column":11},"end":{"line":72,"column":5}},{"start":{"line":20,"column":11},"end":{"line":72,"column":5}}],"line":16},"5":{"loc":{"start":{"line":20,"column":11},"end":{"line":72,"column":5}},"type":"if","locations":[{"start":{"line":20,"column":11},"end":{"line":72,"column":5}},{"start":{"line":24,"column":11},"end":{"line":72,"column":5}}],"line":20},"6":{"loc":{"start":{"line":24,"column":11},"end":{"line":72,"column":5}},"type":"if","locations":[{"start":{"line":24,"column":11},"end":{"line":72,"column":5}},{"start":{"line":28,"column":11},"end":{"line":72,"column":5}}],"line":24},"7":{"loc":{"start":{"line":28,"column":11},"end":{"line":72,"column":5}},"type":"if","locations":[{"start":{"line":28,"column":11},"end":{"line":72,"column":5}},{"start":{"line":32,"column":11},"end":{"line":72,"column":5}}],"line":28},"8":{"loc":{"start":{"line":32,"column":11},"end":{"line":72,"column":5}},"type":"if","locations":[{"start":{"line":32,"column":11},"end":{"line":72,"column":5}},{"start":{"line":36,"column":11},"end":{"line":72,"column":5}}],"line":32},"9":{"loc":{"start":{"line":36,"column":11},"end":{"line":72,"column":5}},"type":"if","locations":[{"start":{"line":36,"column":11},"end":{"line":72,"column":5}},{"start":{"line":40,"column":11},"end":{"line":72,"column":5}}],"line":36},"10":{"loc":{"start":{"line":40,"column":11},"end":{"line":72,"column":5}},"type":"if","locations":[{"start":{"line":40,"column":11},"end":{"line":72,"column":5}},{"start":{"line":44,"column":11},"end":{"line":72,"column":5}}],"line":40},"11":{"loc":{"start":{"line":44,"column":11},"end":{"line":72,"column":5}},"type":"if","locations":[{"start":{"line":44,"column":11},"end":{"line":72,"column":5}},{"start":{"line":48,"column":11},"end":{"line":72,"column":5}}],"line":44},"12":{"loc":{"start":{"line":48,"column":11},"end":{"line":72,"column":5}},"type":"if","locations":[{"start":{"line":48,"column":11},"end":{"line":72,"column":5}},{"start":{"line":52,"column":11},"end":{"line":72,"column":5}}],"line":48},"13":{"loc":{"start":{"line":52,"column":11},"end":{"line":72,"column":5}},"type":"if","locations":[{"start":{"line":52,"column":11},"end":{"line":72,"column":5}},{"start":{"line":56,"column":11},"end":{"line":72,"column":5}}],"line":52},"14":{"loc":{"start":{"line":56,"column":11},"end":{"line":72,"column":5}},"type":"if","locations":[{"start":{"line":56,"column":11},"end":{"line":72,"column":5}},{"start":{"line":60,"column":11},"end":{"line":72,"column":5}}],"line":56},"15":{"loc":{"start":{"line":60,"column":11},"end":{"line":72,"column":5}},"type":"if","locations":[{"start":{"line":60,"column":11},"end":{"line":72,"column":5}},{"start":{"line":64,"column":11},"end":{"line":72,"column":5}}],"line":60},"16":{"loc":{"start":{"line":64,"column":11},"end":{"line":72,"column":5}},"type":"if","locations":[{"start":{"line":64,"column":11},"end":{"line":72,"column":5}},{"start":{"line":68,"column":11},"end":{"line":72,"column":5}}],"line":64}},"s":{"0":6,"1":18,"2":3,"3":15,"4":1,"5":14,"6":2,"7":12,"8":1,"9":11,"10":0,"11":11,"12":0,"13":11,"14":0,"15":11,"16":0,"17":11,"18":4,"19":7,"20":0,"21":7,"22":0,"23":7,"24":2,"25":5,"26":2,"27":3,"28":0,"29":3,"30":1,"31":2,"32":1,"33":1,"34":1,"35":0,"36":6},"f":{"0":18},"b":{"0":[3,15],"1":[1,14],"2":[2,12],"3":[1,11],"4":[0,11],"5":[0,11],"6":[0,11],"7":[0,11],"8":[4,7],"9":[0,7],"10":[0,7],"11":[2,5],"12":[2,3],"13":[0,3],"14":[1,2],"15":[1,1],"16":[1,0]},"_coverageSchema":"1a1c01bbd47fc00a2c39e90264f33305004495a9","hash":"9cb19d959e288ce8d7ad92d35998a196b1f4a3b5"}
,"/Users/nickolasdarselio/Documents/HACKTIV8 BSD/3 PHASE/finalproject/server/models/category.js": {"path":"/Users/nickolasdarselio/Documents/HACKTIV8 BSD/3 PHASE/finalproject/server/models/category.js","statementMap":{"0":{"start":{"line":4,"column":4},"end":{"line":4,"column":24}},"1":{"start":{"line":5,"column":0},"end":{"line":34,"column":2}},"2":{"start":{"line":13,"column":6},"end":{"line":13,"column":66}},"3":{"start":{"line":16,"column":2},"end":{"line":32,"column":5}},"4":{"start":{"line":33,"column":2},"end":{"line":33,"column":18}}},"fnMap":{"0":{"name":"(anonymous_0)","decl":{"start":{"line":5,"column":17},"end":{"line":5,"column":18}},"loc":{"start":{"line":5,"column":43},"end":{"line":34,"column":1}},"line":5},"1":{"name":"(anonymous_1)","decl":{"start":{"line":12,"column":4},"end":{"line":12,"column":5}},"loc":{"start":{"line":12,"column":29},"end":{"line":14,"column":5}},"line":12}},"branchMap":{},"s":{"0":6,"1":6,"2":6,"3":6,"4":6},"f":{"0":6,"1":6},"b":{},"_coverageSchema":"1a1c01bbd47fc00a2c39e90264f33305004495a9","hash":"36624b4bd481f8d3dfb960c568bb5b24656a588b"}
,"/Users/nickolasdarselio/Documents/HACKTIV8 BSD/3 PHASE/finalproject/server/models/dress.js": {"path":"/Users/nickolasdarselio/Documents/HACKTIV8 BSD/3 PHASE/finalproject/server/models/dress.js","statementMap":{"0":{"start":{"line":4,"column":4},"end":{"line":4,"column":24}},"1":{"start":{"line":5,"column":0},"end":{"line":100,"column":2}},"2":{"start":{"line":13,"column":6},"end":{"line":13,"column":63}},"3":{"start":{"line":14,"column":6},"end":{"line":18,"column":8}},"4":{"start":{"line":20,"column":6},"end":{"line":20,"column":68}},"5":{"start":{"line":21,"column":6},"end":{"line":21,"column":62}},"6":{"start":{"line":23,"column":6},"end":{"line":23,"column":60}},"7":{"start":{"line":26,"column":2},"end":{"line":98,"column":5}},"8":{"start":{"line":99,"column":2},"end":{"line":99,"column":15}}},"fnMap":{"0":{"name":"(anonymous_0)","decl":{"start":{"line":5,"column":17},"end":{"line":5,"column":18}},"loc":{"start":{"line":5,"column":43},"end":{"line":100,"column":1}},"line":5},"1":{"name":"(anonymous_1)","decl":{"start":{"line":12,"column":4},"end":{"line":12,"column":5}},"loc":{"start":{"line":12,"column":29},"end":{"line":24,"column":5}},"line":12}},"branchMap":{},"s":{"0":6,"1":6,"2":6,"3":6,"4":6,"5":6,"6":6,"7":6,"8":6},"f":{"0":6,"1":6},"b":{},"_coverageSchema":"1a1c01bbd47fc00a2c39e90264f33305004495a9","hash":"fc5ceb86c4fdf903c1d774c23093784b201ec909"}
,"/Users/nickolasdarselio/Documents/HACKTIV8 BSD/3 PHASE/finalproject/server/models/favorite.js": {"path":"/Users/nickolasdarselio/Documents/HACKTIV8 BSD/3 PHASE/finalproject/server/models/favorite.js","statementMap":{"0":{"start":{"line":4,"column":4},"end":{"line":4,"column":24}},"1":{"start":{"line":5,"column":0},"end":{"line":25,"column":2}},"2":{"start":{"line":13,"column":6},"end":{"line":13,"column":63}},"3":{"start":{"line":14,"column":6},"end":{"line":14,"column":65}},"4":{"start":{"line":17,"column":2},"end":{"line":23,"column":5}},"5":{"start":{"line":24,"column":2},"end":{"line":24,"column":18}}},"fnMap":{"0":{"name":"(anonymous_0)","decl":{"start":{"line":5,"column":17},"end":{"line":5,"column":18}},"loc":{"start":{"line":5,"column":43},"end":{"line":25,"column":1}},"line":5},"1":{"name":"(anonymous_1)","decl":{"start":{"line":12,"column":4},"end":{"line":12,"column":5}},"loc":{"start":{"line":12,"column":29},"end":{"line":15,"column":5}},"line":12}},"branchMap":{},"s":{"0":6,"1":6,"2":6,"3":6,"4":6,"5":6},"f":{"0":6,"1":6},"b":{},"_coverageSchema":"1a1c01bbd47fc00a2c39e90264f33305004495a9","hash":"ecd24a208e70b4f1358678f79d716847768e6907"}
,"/Users/nickolasdarselio/Documents/HACKTIV8 BSD/3 PHASE/finalproject/server/models/image.js": {"path":"/Users/nickolasdarselio/Documents/HACKTIV8 BSD/3 PHASE/finalproject/server/models/image.js","statementMap":{"0":{"start":{"line":4,"column":4},"end":{"line":4,"column":24}},"1":{"start":{"line":5,"column":0},"end":{"line":35,"column":2}},"2":{"start":{"line":13,"column":6},"end":{"line":13,"column":62}},"3":{"start":{"line":16,"column":2},"end":{"line":33,"column":5}},"4":{"start":{"line":34,"column":2},"end":{"line":34,"column":15}}},"fnMap":{"0":{"name":"(anonymous_0)","decl":{"start":{"line":5,"column":17},"end":{"line":5,"column":18}},"loc":{"start":{"line":5,"column":43},"end":{"line":35,"column":1}},"line":5},"1":{"name":"(anonymous_1)","decl":{"start":{"line":12,"column":4},"end":{"line":12,"column":5}},"loc":{"start":{"line":12,"column":29},"end":{"line":14,"column":5}},"line":12}},"branchMap":{},"s":{"0":6,"1":6,"2":6,"3":6,"4":6},"f":{"0":6,"1":6},"b":{},"_coverageSchema":"1a1c01bbd47fc00a2c39e90264f33305004495a9","hash":"d488db196a591a7ae3da2d8174f6e82039478635"}
,"/Users/nickolasdarselio/Documents/HACKTIV8 BSD/3 PHASE/finalproject/server/models/index.js": {"path":"/Users/nickolasdarselio/Documents/HACKTIV8 BSD/3 PHASE/finalproject/server/models/index.js","statementMap":{"0":{"start":{"line":3,"column":11},"end":{"line":3,"column":24}},"1":{"start":{"line":4,"column":13},"end":{"line":4,"column":28}},"2":{"start":{"line":5,"column":18},"end":{"line":5,"column":38}},"3":{"start":{"line":6,"column":16},"end":{"line":6,"column":34}},"4":{"start":{"line":7,"column":17},"end":{"line":7,"column":42}},"5":{"start":{"line":8,"column":12},"end":{"line":8,"column":49}},"6":{"start":{"line":9,"column":15},"end":{"line":9,"column":65}},"7":{"start":{"line":10,"column":11},"end":{"line":10,"column":13}},"8":{"start":{"line":13,"column":0},"end":{"line":17,"column":1}},"9":{"start":{"line":14,"column":2},"end":{"line":14,"column":74}},"10":{"start":{"line":16,"column":2},"end":{"line":16,"column":87}},"11":{"start":{"line":19,"column":0},"end":{"line":32,"column":5}},"12":{"start":{"line":22,"column":4},"end":{"line":27,"column":6}},"13":{"start":{"line":30,"column":18},"end":{"line":30,"column":85}},"14":{"start":{"line":31,"column":4},"end":{"line":31,"column":27}},"15":{"start":{"line":34,"column":0},"end":{"line":38,"column":3}},"16":{"start":{"line":35,"column":2},"end":{"line":37,"column":3}},"17":{"start":{"line":36,"column":4},"end":{"line":36,"column":32}},"18":{"start":{"line":40,"column":0},"end":{"line":40,"column":25}},"19":{"start":{"line":41,"column":0},"end":{"line":41,"column":25}},"20":{"start":{"line":43,"column":0},"end":{"line":43,"column":20}}},"fnMap":{"0":{"name":"(anonymous_0)","decl":{"start":{"line":21,"column":10},"end":{"line":21,"column":11}},"loc":{"start":{"line":21,"column":18},"end":{"line":28,"column":3}},"line":21},"1":{"name":"(anonymous_1)","decl":{"start":{"line":29,"column":11},"end":{"line":29,"column":12}},"loc":{"start":{"line":29,"column":19},"end":{"line":32,"column":3}},"line":29},"2":{"name":"(anonymous_2)","decl":{"start":{"line":34,"column":24},"end":{"line":34,"column":25}},"loc":{"start":{"line":34,"column":37},"end":{"line":38,"column":1}},"line":34}},"branchMap":{"0":{"loc":{"start":{"line":8,"column":12},"end":{"line":8,"column":49}},"type":"binary-expr","locations":[{"start":{"line":8,"column":12},"end":{"line":8,"column":32}},{"start":{"line":8,"column":36},"end":{"line":8,"column":49}}],"line":8},"1":{"loc":{"start":{"line":13,"column":0},"end":{"line":17,"column":1}},"type":"if","locations":[{"start":{"line":13,"column":0},"end":{"line":17,"column":1}},{"start":{"line":15,"column":7},"end":{"line":17,"column":1}}],"line":13},"2":{"loc":{"start":{"line":23,"column":6},"end":{"line":26,"column":37}},"type":"binary-expr","locations":[{"start":{"line":23,"column":6},"end":{"line":23,"column":29}},{"start":{"line":24,"column":6},"end":{"line":24,"column":23}},{"start":{"line":25,"column":6},"end":{"line":25,"column":30}},{"start":{"line":26,"column":6},"end":{"line":26,"column":37}}],"line":23},"3":{"loc":{"start":{"line":35,"column":2},"end":{"line":37,"column":3}},"type":"if","locations":[{"start":{"line":35,"column":2},"end":{"line":37,"column":3}},{"start":{},"end":{}}],"line":35}},"s":{"0":6,"1":6,"2":6,"3":6,"4":6,"5":6,"6":6,"7":6,"8":6,"9":0,"10":6,"11":6,"12":42,"13":36,"14":36,"15":6,"16":36,"17":36,"18":6,"19":6,"20":6},"f":{"0":42,"1":36,"2":36},"b":{"0":[6,0],"1":[0,6],"2":[42,42,36,36],"3":[36,0]},"_coverageSchema":"1a1c01bbd47fc00a2c39e90264f33305004495a9","hash":"e2c67b6c036e45e3019b6a4d689d01db2ed9e51c"}
,"/Users/nickolasdarselio/Documents/HACKTIV8 BSD/3 PHASE/finalproject/server/models/store.js": {"path":"/Users/nickolasdarselio/Documents/HACKTIV8 BSD/3 PHASE/finalproject/server/models/store.js","statementMap":{"0":{"start":{"line":4,"column":4},"end":{"line":4,"column":24}},"1":{"start":{"line":5,"column":0},"end":{"line":55,"column":2}},"2":{"start":{"line":13,"column":6},"end":{"line":13,"column":60}},"3":{"start":{"line":16,"column":2},"end":{"line":50,"column":5}},"4":{"start":{"line":51,"column":2},"end":{"line":53,"column":4}},"5":{"start":{"line":52,"column":4},"end":{"line":52,"column":28}},"6":{"start":{"line":54,"column":2},"end":{"line":54,"column":15}}},"fnMap":{"0":{"name":"(anonymous_0)","decl":{"start":{"line":5,"column":17},"end":{"line":5,"column":18}},"loc":{"start":{"line":5,"column":43},"end":{"line":55,"column":1}},"line":5},"1":{"name":"(anonymous_1)","decl":{"start":{"line":12,"column":4},"end":{"line":12,"column":5}},"loc":{"start":{"line":12,"column":29},"end":{"line":14,"column":5}},"line":12},"2":{"name":"(anonymous_2)","decl":{"start":{"line":51,"column":21},"end":{"line":51,"column":22}},"loc":{"start":{"line":51,"column":33},"end":{"line":53,"column":3}},"line":51}},"branchMap":{},"s":{"0":6,"1":6,"2":6,"3":6,"4":6,"5":1,"6":6},"f":{"0":6,"1":6,"2":1},"b":{},"_coverageSchema":"1a1c01bbd47fc00a2c39e90264f33305004495a9","hash":"3a3b92dbdb7be02d279a25ece7dc07ca56d1cec9"}
,"/Users/nickolasdarselio/Documents/HACKTIV8 BSD/3 PHASE/finalproject/server/models/user.js": {"path":"/Users/nickolasdarselio/Documents/HACKTIV8 BSD/3 PHASE/finalproject/server/models/user.js","statementMap":{"0":{"start":{"line":4,"column":4},"end":{"line":4,"column":24}},"1":{"start":{"line":5,"column":25},"end":{"line":5,"column":53}},"2":{"start":{"line":6,"column":0},"end":{"line":111,"column":2}},"3":{"start":{"line":14,"column":6},"end":{"line":14,"column":61}},"4":{"start":{"line":16,"column":6},"end":{"line":20,"column":8}},"5":{"start":{"line":23,"column":2},"end":{"line":106,"column":5}},"6":{"start":{"line":107,"column":2},"end":{"line":109,"column":4}},"7":{"start":{"line":108,"column":4},"end":{"line":108,"column":49}},"8":{"start":{"line":110,"column":2},"end":{"line":110,"column":14}}},"fnMap":{"0":{"name":"(anonymous_0)","decl":{"start":{"line":6,"column":17},"end":{"line":6,"column":18}},"loc":{"start":{"line":6,"column":43},"end":{"line":111,"column":1}},"line":6},"1":{"name":"(anonymous_1)","decl":{"start":{"line":13,"column":4},"end":{"line":13,"column":5}},"loc":{"start":{"line":13,"column":29},"end":{"line":21,"column":5}},"line":13},"2":{"name":"(anonymous_2)","decl":{"start":{"line":107,"column":20},"end":{"line":107,"column":21}},"loc":{"start":{"line":107,"column":31},"end":{"line":109,"column":3}},"line":107}},"branchMap":{},"s":{"0":6,"1":6,"2":6,"3":6,"4":6,"5":6,"6":6,"7":2,"8":6},"f":{"0":6,"1":6,"2":2},"b":{},"_coverageSchema":"1a1c01bbd47fc00a2c39e90264f33305004495a9","hash":"64d895563b6e0155031bbffa423311583699a139"}
,"/Users/nickolasdarselio/Documents/HACKTIV8 BSD/3 PHASE/finalproject/server/routers/categories.js": {"path":"/Users/nickolasdarselio/Documents/HACKTIV8 BSD/3 PHASE/finalproject/server/routers/categories.js","statementMap":{"0":{"start":{"line":1,"column":16},"end":{"line":1,"column":34}},"1":{"start":{"line":2,"column":15},"end":{"line":2,"column":31}},"2":{"start":{"line":3,"column":27},"end":{"line":3,"column":71}},"3":{"start":{"line":4,"column":26},"end":{"line":4,"column":65}},"4":{"start":{"line":6,"column":0},"end":{"line":6,"column":60}},"5":{"start":{"line":7,"column":0},"end":{"line":7,"column":78}},"6":{"start":{"line":8,"column":0},"end":{"line":8,"column":84}},"7":{"start":{"line":10,"column":0},"end":{"line":10,"column":23}}},"fnMap":{},"branchMap":{},"s":{"0":6,"1":6,"2":6,"3":6,"4":6,"5":6,"6":6,"7":6},"f":{},"b":{},"_coverageSchema":"1a1c01bbd47fc00a2c39e90264f33305004495a9","hash":"cd04f3416ab4643f1ccc1840dd62c895e174056c"}
,"/Users/nickolasdarselio/Documents/HACKTIV8 BSD/3 PHASE/finalproject/server/routers/dress.js": {"path":"/Users/nickolasdarselio/Documents/HACKTIV8 BSD/3 PHASE/finalproject/server/routers/dress.js","statementMap":{"0":{"start":{"line":1,"column":16},"end":{"line":1,"column":34}},"1":{"start":{"line":2,"column":15},"end":{"line":2,"column":31}},"2":{"start":{"line":3,"column":24},"end":{"line":3,"column":65}},"3":{"start":{"line":4,"column":26},"end":{"line":4,"column":65}},"4":{"start":{"line":6,"column":0},"end":{"line":6,"column":47}},"5":{"start":{"line":7,"column":0},"end":{"line":7,"column":57}},"6":{"start":{"line":8,"column":0},"end":{"line":8,"column":65}},"7":{"start":{"line":9,"column":0},"end":{"line":9,"column":68}},"8":{"start":{"line":10,"column":0},"end":{"line":10,"column":71}},"9":{"start":{"line":14,"column":0},"end":{"line":14,"column":23}}},"fnMap":{},"branchMap":{},"s":{"0":6,"1":6,"2":6,"3":6,"4":6,"5":6,"6":6,"7":6,"8":6,"9":6},"f":{},"b":{},"_coverageSchema":"1a1c01bbd47fc00a2c39e90264f33305004495a9","hash":"17d5ae13590a2d4e7eaa67d8825fa406eb140705"}
,"/Users/nickolasdarselio/Documents/HACKTIV8 BSD/3 PHASE/finalproject/server/routers/favorite.js": {"path":"/Users/nickolasdarselio/Documents/HACKTIV8 BSD/3 PHASE/finalproject/server/routers/favorite.js","statementMap":{"0":{"start":{"line":1,"column":16},"end":{"line":1,"column":34}},"1":{"start":{"line":2,"column":15},"end":{"line":2,"column":31}},"2":{"start":{"line":3,"column":27},"end":{"line":3,"column":71}},"3":{"start":{"line":5,"column":0},"end":{"line":5,"column":56}},"4":{"start":{"line":6,"column":0},"end":{"line":6,"column":60}},"5":{"start":{"line":7,"column":0},"end":{"line":7,"column":65}},"6":{"start":{"line":10,"column":0},"end":{"line":10,"column":23}}},"fnMap":{},"branchMap":{},"s":{"0":6,"1":6,"2":6,"3":6,"4":6,"5":6,"6":6},"f":{},"b":{},"_coverageSchema":"1a1c01bbd47fc00a2c39e90264f33305004495a9","hash":"240df24f6dfe47f74b26d8b6c1d905fe9ffbecea"}
,"/Users/nickolasdarselio/Documents/HACKTIV8 BSD/3 PHASE/finalproject/server/routers/googleMaps.js": {"path":"/Users/nickolasdarselio/Documents/HACKTIV8 BSD/3 PHASE/finalproject/server/routers/googleMaps.js","statementMap":{"0":{"start":{"line":1,"column":16},"end":{"line":1,"column":34}},"1":{"start":{"line":2,"column":15},"end":{"line":2,"column":31}},"2":{"start":{"line":3,"column":29},"end":{"line":3,"column":75}},"3":{"start":{"line":5,"column":0},"end":{"line":5,"column":58}},"4":{"start":{"line":6,"column":0},"end":{"line":6,"column":65}},"5":{"start":{"line":7,"column":0},"end":{"line":7,"column":79}},"6":{"start":{"line":8,"column":0},"end":{"line":8,"column":75}},"7":{"start":{"line":11,"column":0},"end":{"line":11,"column":23}}},"fnMap":{},"branchMap":{},"s":{"0":6,"1":6,"2":6,"3":6,"4":6,"5":6,"6":6,"7":6},"f":{},"b":{},"_coverageSchema":"1a1c01bbd47fc00a2c39e90264f33305004495a9","hash":"2bdfbb96c5d422c7169b030d915a730594898afe"}
,"/Users/nickolasdarselio/Documents/HACKTIV8 BSD/3 PHASE/finalproject/server/routers/index.js": {"path":"/Users/nickolasdarselio/Documents/HACKTIV8 BSD/3 PHASE/finalproject/server/routers/index.js","statementMap":{"0":{"start":{"line":1,"column":16},"end":{"line":1,"column":34}},"1":{"start":{"line":2,"column":15},"end":{"line":2,"column":31}},"2":{"start":{"line":3,"column":19},"end":{"line":3,"column":37}},"3":{"start":{"line":4,"column":23},"end":{"line":4,"column":46}},"4":{"start":{"line":5,"column":20},"end":{"line":5,"column":38}},"5":{"start":{"line":6,"column":23},"end":{"line":6,"column":44}},"6":{"start":{"line":7,"column":20},"end":{"line":7,"column":38}},"7":{"start":{"line":8,"column":25},"end":{"line":8,"column":48}},"8":{"start":{"line":9,"column":27},"end":{"line":9,"column":67}},"9":{"start":{"line":11,"column":0},"end":{"line":11,"column":22}},"10":{"start":{"line":12,"column":0},"end":{"line":12,"column":26}},"11":{"start":{"line":13,"column":0},"end":{"line":13,"column":23}},"12":{"start":{"line":14,"column":0},"end":{"line":14,"column":23}},"13":{"start":{"line":15,"column":0},"end":{"line":15,"column":28}},"14":{"start":{"line":16,"column":0},"end":{"line":16,"column":26}},"15":{"start":{"line":17,"column":0},"end":{"line":17,"column":26}},"16":{"start":{"line":19,"column":0},"end":{"line":19,"column":23}}},"fnMap":{},"branchMap":{},"s":{"0":6,"1":6,"2":6,"3":6,"4":6,"5":6,"6":6,"7":6,"8":6,"9":6,"10":6,"11":6,"12":6,"13":6,"14":6,"15":6,"16":6},"f":{},"b":{},"_coverageSchema":"1a1c01bbd47fc00a2c39e90264f33305004495a9","hash":"ce9822d6bdd3d4415d028cada6439f4616aa5271"}
,"/Users/nickolasdarselio/Documents/HACKTIV8 BSD/3 PHASE/finalproject/server/routers/store.js": {"path":"/Users/nickolasdarselio/Documents/HACKTIV8 BSD/3 PHASE/finalproject/server/routers/store.js","statementMap":{"0":{"start":{"line":1,"column":16},"end":{"line":1,"column":34}},"1":{"start":{"line":2,"column":15},"end":{"line":2,"column":31}},"2":{"start":{"line":3,"column":24},"end":{"line":3,"column":65}},"3":{"start":{"line":4,"column":26},"end":{"line":4,"column":65}},"4":{"start":{"line":6,"column":0},"end":{"line":6,"column":47}},"5":{"start":{"line":7,"column":0},"end":{"line":7,"column":57}},"6":{"start":{"line":8,"column":0},"end":{"line":8,"column":65}},"7":{"start":{"line":9,"column":0},"end":{"line":9,"column":71}},"8":{"start":{"line":11,"column":0},"end":{"line":11,"column":23}}},"fnMap":{},"branchMap":{},"s":{"0":6,"1":6,"2":6,"3":6,"4":6,"5":6,"6":6,"7":6,"8":6},"f":{},"b":{},"_coverageSchema":"1a1c01bbd47fc00a2c39e90264f33305004495a9","hash":"69b0802c770f1c9311fef5701b0da44f67a12fd1"}
,"/Users/nickolasdarselio/Documents/HACKTIV8 BSD/3 PHASE/finalproject/server/routers/users.js": {"path":"/Users/nickolasdarselio/Documents/HACKTIV8 BSD/3 PHASE/finalproject/server/routers/users.js","statementMap":{"0":{"start":{"line":1,"column":16},"end":{"line":1,"column":34}},"1":{"start":{"line":2,"column":15},"end":{"line":2,"column":31}},"2":{"start":{"line":3,"column":23},"end":{"line":3,"column":63}},"3":{"start":{"line":5,"column":0},"end":{"line":5,"column":53}},"4":{"start":{"line":6,"column":0},"end":{"line":6,"column":48}},"5":{"start":{"line":8,"column":0},"end":{"line":8,"column":23}}},"fnMap":{},"branchMap":{},"s":{"0":6,"1":6,"2":6,"3":6,"4":6,"5":6},"f":{},"b":{},"_coverageSchema":"1a1c01bbd47fc00a2c39e90264f33305004495a9","hash":"ad2f2083e6faa55b9e186d1f3e8e96d53d7c22fe"}
}
