{"/Users/nickolasdarselio/Documents/HACKTIV8 BSD/3 PHASE/finalproject/server/app.js": {"path":"/Users/nickolasdarselio/Documents/HACKTIV8 BSD/3 PHASE/finalproject/server/app.js","statementMap":{"0":{"start":{"line":1,"column":0},"end":{"line":3,"column":1}},"1":{"start":{"line":2,"column":4},"end":{"line":2,"column":30}},"2":{"start":{"line":5,"column":16},"end":{"line":5,"column":34}},"3":{"start":{"line":6,"column":12},"end":{"line":6,"column":21}},"4":{"start":{"line":7,"column":13},"end":{"line":7,"column":37}},"5":{"start":{"line":8,"column":15},"end":{"line":8,"column":41}},"6":{"start":{"line":9,"column":25},"end":{"line":9,"column":62}},"7":{"start":{"line":10,"column":13},"end":{"line":10,"column":28}},"8":{"start":{"line":12,"column":0},"end":{"line":12,"column":15}},"9":{"start":{"line":13,"column":0},"end":{"line":13,"column":23}},"10":{"start":{"line":14,"column":0},"end":{"line":14,"column":48}},"11":{"start":{"line":15,"column":0},"end":{"line":15,"column":15}},"12":{"start":{"line":16,"column":0},"end":{"line":16,"column":21}},"13":{"start":{"line":22,"column":0},"end":{"line":22,"column":20}}},"fnMap":{},"branchMap":{"0":{"loc":{"start":{"line":1,"column":0},"end":{"line":3,"column":1}},"type":"if","locations":[{"start":{"line":1,"column":0},"end":{"line":3,"column":1}},{"start":{},"end":{}}],"line":1},"1":{"loc":{"start":{"line":7,"column":13},"end":{"line":7,"column":37}},"type":"binary-expr","locations":[{"start":{"line":7,"column":13},"end":{"line":7,"column":29}},{"start":{"line":7,"column":33},"end":{"line":7,"column":37}}],"line":7}},"s":{"0":2,"1":2,"2":2,"3":2,"4":2,"5":2,"6":2,"7":2,"8":2,"9":2,"10":2,"11":2,"12":2,"13":2},"f":{},"b":{"0":[2,0],"1":[2,0]},"_coverageSchema":"1a1c01bbd47fc00a2c39e90264f33305004495a9","hash":"33694c2d84aab3837dce2ded84b2450d5207b1f9"}
,"/Users/nickolasdarselio/Documents/HACKTIV8 BSD/3 PHASE/finalproject/server/controllers/cartController.js": {"path":"/Users/nickolasdarselio/Documents/HACKTIV8 BSD/3 PHASE/finalproject/server/controllers/cartController.js","statementMap":{"0":{"start":{"line":1,"column":24},"end":{"line":1,"column":44}},"1":{"start":{"line":5,"column":8},"end":{"line":18,"column":9}},"2":{"start":{"line":6,"column":27},"end":{"line":11,"column":14}},"3":{"start":{"line":12,"column":12},"end":{"line":14,"column":13}},"4":{"start":{"line":16,"column":12},"end":{"line":16,"column":28}},"5":{"start":{"line":17,"column":12},"end":{"line":17,"column":21}},"6":{"start":{"line":22,"column":8},"end":{"line":45,"column":9}},"7":{"start":{"line":23,"column":27},"end":{"line":23,"column":41}},"8":{"start":{"line":25,"column":27},"end":{"line":36,"column":14}},"9":{"start":{"line":38,"column":12},"end":{"line":40,"column":13}},"10":{"start":{"line":39,"column":16},"end":{"line":39,"column":48}},"11":{"start":{"line":41,"column":12},"end":{"line":41,"column":31}},"12":{"start":{"line":42,"column":12},"end":{"line":42,"column":45}},"13":{"start":{"line":49,"column":8},"end":{"line":66,"column":9}},"14":{"start":{"line":50,"column":27},"end":{"line":55,"column":14}},"15":{"start":{"line":56,"column":12},"end":{"line":58,"column":13}},"16":{"start":{"line":57,"column":16},"end":{"line":57,"column":45}},"17":{"start":{"line":60,"column":12},"end":{"line":62,"column":14}},"18":{"start":{"line":64,"column":12},"end":{"line":64,"column":28}},"19":{"start":{"line":65,"column":12},"end":{"line":65,"column":21}},"20":{"start":{"line":72,"column":0},"end":{"line":72,"column":31}}},"fnMap":{"0":{"name":"(anonymous_0)","decl":{"start":{"line":4,"column":4},"end":{"line":4,"column":5}},"loc":{"start":{"line":4,"column":51},"end":{"line":19,"column":5}},"line":4},"1":{"name":"(anonymous_1)","decl":{"start":{"line":21,"column":4},"end":{"line":21,"column":5}},"loc":{"start":{"line":21,"column":50},"end":{"line":46,"column":5}},"line":21},"2":{"name":"(anonymous_2)","decl":{"start":{"line":48,"column":4},"end":{"line":48,"column":5}},"loc":{"start":{"line":48,"column":53},"end":{"line":67,"column":5}},"line":48}},"branchMap":{"0":{"loc":{"start":{"line":38,"column":12},"end":{"line":40,"column":13}},"type":"if","locations":[{"start":{"line":38,"column":12},"end":{"line":40,"column":13}},{"start":{},"end":{}}],"line":38},"1":{"loc":{"start":{"line":56,"column":12},"end":{"line":58,"column":13}},"type":"if","locations":[{"start":{"line":56,"column":12},"end":{"line":58,"column":13}},{"start":{},"end":{}}],"line":56}},"s":{"0":2,"1":0,"2":0,"3":0,"4":0,"5":0,"6":0,"7":0,"8":0,"9":0,"10":0,"11":0,"12":0,"13":0,"14":0,"15":0,"16":0,"17":0,"18":0,"19":0,"20":2},"f":{"0":0,"1":0,"2":0},"b":{"0":[0,0],"1":[0,0]},"_coverageSchema":"1a1c01bbd47fc00a2c39e90264f33305004495a9","hash":"aacf0b4c114a31382d2c7957a320aaa16768a298"}
,"/Users/nickolasdarselio/Documents/HACKTIV8 BSD/3 PHASE/finalproject/server/controllers/categoryController.js": {"path":"/Users/nickolasdarselio/Documents/HACKTIV8 BSD/3 PHASE/finalproject/server/controllers/categoryController.js","statementMap":{"0":{"start":{"line":1,"column":21},"end":{"line":1,"column":47}},"1":{"start":{"line":6,"column":8},"end":{"line":14,"column":9}},"2":{"start":{"line":7,"column":27},"end":{"line":7,"column":51}},"3":{"start":{"line":8,"column":12},"end":{"line":10,"column":13}},"4":{"start":{"line":12,"column":12},"end":{"line":12,"column":28}},"5":{"start":{"line":13,"column":12},"end":{"line":13,"column":21}},"6":{"start":{"line":18,"column":8},"end":{"line":29,"column":9}},"7":{"start":{"line":19,"column":29},"end":{"line":19,"column":41}},"8":{"start":{"line":21,"column":27},"end":{"line":23,"column":14}},"9":{"start":{"line":25,"column":12},"end":{"line":25,"column":45}},"10":{"start":{"line":27,"column":12},"end":{"line":27,"column":28}},"11":{"start":{"line":28,"column":12},"end":{"line":28,"column":21}},"12":{"start":{"line":33,"column":8},"end":{"line":46,"column":9}},"13":{"start":{"line":34,"column":27},"end":{"line":34,"column":41}},"14":{"start":{"line":35,"column":12},"end":{"line":39,"column":14}},"15":{"start":{"line":40,"column":12},"end":{"line":42,"column":14}},"16":{"start":{"line":44,"column":12},"end":{"line":44,"column":28}},"17":{"start":{"line":45,"column":12},"end":{"line":45,"column":21}},"18":{"start":{"line":50,"column":0},"end":{"line":50,"column":35}}},"fnMap":{"0":{"name":"(anonymous_0)","decl":{"start":{"line":5,"column":4},"end":{"line":5,"column":5}},"loc":{"start":{"line":5,"column":57},"end":{"line":15,"column":5}},"line":5},"1":{"name":"(anonymous_1)","decl":{"start":{"line":17,"column":4},"end":{"line":17,"column":5}},"loc":{"start":{"line":17,"column":59},"end":{"line":30,"column":5}},"line":17},"2":{"name":"(anonymous_2)","decl":{"start":{"line":32,"column":4},"end":{"line":32,"column":5}},"loc":{"start":{"line":32,"column":59},"end":{"line":47,"column":5}},"line":32}},"branchMap":{},"s":{"0":2,"1":1,"2":1,"3":1,"4":0,"5":0,"6":1,"7":1,"8":1,"9":1,"10":0,"11":0,"12":1,"13":1,"14":1,"15":1,"16":0,"17":0,"18":2},"f":{"0":1,"1":1,"2":1},"b":{},"_coverageSchema":"1a1c01bbd47fc00a2c39e90264f33305004495a9","hash":"2851c03f70950505c327883e5f774d1add554411"}
,"/Users/nickolasdarselio/Documents/HACKTIV8 BSD/3 PHASE/finalproject/server/controllers/dressController.js": {"path":"/Users/nickolasdarselio/Documents/HACKTIV8 BSD/3 PHASE/finalproject/server/controllers/dressController.js","statementMap":{"0":{"start":{"line":1,"column":42},"end":{"line":1,"column":62}},"1":{"start":{"line":2,"column":26},"end":{"line":2,"column":58}},"2":{"start":{"line":3,"column":15},"end":{"line":3,"column":35}},"3":{"start":{"line":4,"column":22},"end":{"line":4,"column":42}},"4":{"start":{"line":8,"column":20},"end":{"line":8,"column":49}},"5":{"start":{"line":9,"column":8},"end":{"line":53,"column":9}},"6":{"start":{"line":10,"column":26},"end":{"line":10,"column":28}},"7":{"start":{"line":11,"column":29},"end":{"line":11,"column":42}},"8":{"start":{"line":13,"column":12},"end":{"line":15,"column":13}},"9":{"start":{"line":14,"column":16},"end":{"line":14,"column":56}},"10":{"start":{"line":17,"column":25},"end":{"line":17,"column":78}},"11":{"start":{"line":18,"column":28},"end":{"line":18,"column":87}},"12":{"start":{"line":20,"column":12},"end":{"line":22,"column":13}},"13":{"start":{"line":21,"column":16},"end":{"line":21,"column":51}},"14":{"start":{"line":24,"column":36},"end":{"line":34,"column":13}},"15":{"start":{"line":36,"column":27},"end":{"line":41,"column":14}},"16":{"start":{"line":43,"column":12},"end":{"line":45,"column":13}},"17":{"start":{"line":44,"column":16},"end":{"line":44,"column":49}},"18":{"start":{"line":47,"column":12},"end":{"line":47,"column":45}},"19":{"start":{"line":48,"column":12},"end":{"line":48,"column":30}},"20":{"start":{"line":50,"column":12},"end":{"line":50,"column":32}},"21":{"start":{"line":51,"column":12},"end":{"line":51,"column":28}},"22":{"start":{"line":52,"column":12},"end":{"line":52,"column":21}},"23":{"start":{"line":57,"column":20},"end":{"line":57,"column":49}},"24":{"start":{"line":58,"column":8},"end":{"line":85,"column":9}},"25":{"start":{"line":59,"column":27},"end":{"line":59,"column":41}},"26":{"start":{"line":60,"column":27},"end":{"line":66,"column":14}},"27":{"start":{"line":68,"column":12},"end":{"line":70,"column":13}},"28":{"start":{"line":69,"column":16},"end":{"line":69,"column":43}},"29":{"start":{"line":72,"column":32},"end":{"line":77,"column":14}},"30":{"start":{"line":79,"column":12},"end":{"line":79,"column":30}},"31":{"start":{"line":80,"column":12},"end":{"line":80,"column":62}},"32":{"start":{"line":82,"column":12},"end":{"line":82,"column":32}},"33":{"start":{"line":83,"column":12},"end":{"line":83,"column":28}},"34":{"start":{"line":84,"column":12},"end":{"line":84,"column":21}},"35":{"start":{"line":89,"column":20},"end":{"line":89,"column":49}},"36":{"start":{"line":90,"column":8},"end":{"line":130,"column":9}},"37":{"start":{"line":91,"column":127},"end":{"line":91,"column":139}},"38":{"start":{"line":92,"column":12},"end":{"line":94,"column":13}},"39":{"start":{"line":93,"column":16},"end":{"line":93,"column":54}},"40":{"start":{"line":96,"column":27},"end":{"line":105,"column":36}},"41":{"start":{"line":107,"column":12},"end":{"line":107,"column":31}},"42":{"start":{"line":109,"column":35},"end":{"line":122,"column":36}},"43":{"start":{"line":124,"column":12},"end":{"line":124,"column":30}},"44":{"start":{"line":125,"column":12},"end":{"line":125,"column":65}},"45":{"start":{"line":127,"column":12},"end":{"line":127,"column":32}},"46":{"start":{"line":128,"column":12},"end":{"line":128,"column":28}},"47":{"start":{"line":129,"column":12},"end":{"line":129,"column":21}},"48":{"start":{"line":134,"column":20},"end":{"line":134,"column":49}},"49":{"start":{"line":135,"column":8},"end":{"line":186,"column":9}},"50":{"start":{"line":136,"column":27},"end":{"line":136,"column":41}},"51":{"start":{"line":137,"column":118},"end":{"line":137,"column":130}},"52":{"start":{"line":139,"column":27},"end":{"line":152,"column":14}},"53":{"start":{"line":153,"column":12},"end":{"line":155,"column":13}},"54":{"start":{"line":154,"column":16},"end":{"line":154,"column":43}},"55":{"start":{"line":157,"column":28},"end":{"line":162,"column":14}},"56":{"start":{"line":164,"column":32},"end":{"line":177,"column":36}},"57":{"start":{"line":178,"column":12},"end":{"line":178,"column":30}},"58":{"start":{"line":179,"column":12},"end":{"line":181,"column":14}},"59":{"start":{"line":183,"column":12},"end":{"line":183,"column":32}},"60":{"start":{"line":184,"column":12},"end":{"line":184,"column":28}},"61":{"start":{"line":185,"column":12},"end":{"line":185,"column":21}},"62":{"start":{"line":190,"column":20},"end":{"line":190,"column":49}},"63":{"start":{"line":191,"column":8},"end":{"line":214,"column":9}},"64":{"start":{"line":192,"column":12},"end":{"line":192,"column":43}},"65":{"start":{"line":193,"column":27},"end":{"line":193,"column":41}},"66":{"start":{"line":194,"column":27},"end":{"line":199,"column":14}},"67":{"start":{"line":201,"column":12},"end":{"line":203,"column":13}},"68":{"start":{"line":202,"column":16},"end":{"line":202,"column":45}},"69":{"start":{"line":205,"column":12},"end":{"line":205,"column":30}},"70":{"start":{"line":206,"column":12},"end":{"line":208,"column":14}},"71":{"start":{"line":211,"column":12},"end":{"line":211,"column":32}},"72":{"start":{"line":212,"column":12},"end":{"line":212,"column":28}},"73":{"start":{"line":213,"column":12},"end":{"line":213,"column":21}},"74":{"start":{"line":218,"column":0},"end":{"line":218,"column":32}}},"fnMap":{"0":{"name":"(anonymous_0)","decl":{"start":{"line":7,"column":4},"end":{"line":7,"column":5}},"loc":{"start":{"line":7,"column":52},"end":{"line":54,"column":5}},"line":7},"1":{"name":"(anonymous_1)","decl":{"start":{"line":56,"column":4},"end":{"line":56,"column":5}},"loc":{"start":{"line":56,"column":58},"end":{"line":86,"column":5}},"line":56},"2":{"name":"(anonymous_2)","decl":{"start":{"line":88,"column":4},"end":{"line":88,"column":5}},"loc":{"start":{"line":88,"column":54},"end":{"line":131,"column":5}},"line":88},"3":{"name":"(anonymous_3)","decl":{"start":{"line":133,"column":4},"end":{"line":133,"column":5}},"loc":{"start":{"line":133,"column":54},"end":{"line":187,"column":5}},"line":133},"4":{"name":"(anonymous_4)","decl":{"start":{"line":189,"column":4},"end":{"line":189,"column":5}},"loc":{"start":{"line":189,"column":54},"end":{"line":215,"column":5}},"line":189}},"branchMap":{"0":{"loc":{"start":{"line":13,"column":12},"end":{"line":15,"column":13}},"type":"if","locations":[{"start":{"line":13,"column":12},"end":{"line":15,"column":13}},{"start":{},"end":{}}],"line":13},"1":{"loc":{"start":{"line":17,"column":25},"end":{"line":17,"column":78}},"type":"cond-expr","locations":[{"start":{"line":17,"column":46},"end":{"line":17,"column":74}},{"start":{"line":17,"column":77},"end":{"line":17,"column":78}}],"line":17},"2":{"loc":{"start":{"line":18,"column":28},"end":{"line":18,"column":87}},"type":"cond-expr","locations":[{"start":{"line":18,"column":52},"end":{"line":18,"column":83}},{"start":{"line":18,"column":86},"end":{"line":18,"column":87}}],"line":18},"3":{"loc":{"start":{"line":20,"column":12},"end":{"line":22,"column":13}},"type":"if","locations":[{"start":{"line":20,"column":12},"end":{"line":22,"column":13}},{"start":{},"end":{}}],"line":20},"4":{"loc":{"start":{"line":20,"column":16},"end":{"line":20,"column":41}},"type":"binary-expr","locations":[{"start":{"line":20,"column":16},"end":{"line":20,"column":25}},{"start":{"line":20,"column":29},"end":{"line":20,"column":41}}],"line":20},"5":{"loc":{"start":{"line":43,"column":12},"end":{"line":45,"column":13}},"type":"if","locations":[{"start":{"line":43,"column":12},"end":{"line":45,"column":13}},{"start":{},"end":{}}],"line":43},"6":{"loc":{"start":{"line":68,"column":12},"end":{"line":70,"column":13}},"type":"if","locations":[{"start":{"line":68,"column":12},"end":{"line":70,"column":13}},{"start":{},"end":{}}],"line":68},"7":{"loc":{"start":{"line":92,"column":12},"end":{"line":94,"column":13}},"type":"if","locations":[{"start":{"line":92,"column":12},"end":{"line":94,"column":13}},{"start":{},"end":{}}],"line":92},"8":{"loc":{"start":{"line":92,"column":16},"end":{"line":92,"column":54}},"type":"binary-expr","locations":[{"start":{"line":92,"column":16},"end":{"line":92,"column":26}},{"start":{"line":92,"column":30},"end":{"line":92,"column":40}},{"start":{"line":92,"column":44},"end":{"line":92,"column":54}}],"line":92},"9":{"loc":{"start":{"line":153,"column":12},"end":{"line":155,"column":13}},"type":"if","locations":[{"start":{"line":153,"column":12},"end":{"line":155,"column":13}},{"start":{},"end":{}}],"line":153},"10":{"loc":{"start":{"line":201,"column":12},"end":{"line":203,"column":13}},"type":"if","locations":[{"start":{"line":201,"column":12},"end":{"line":203,"column":13}},{"start":{},"end":{}}],"line":201}},"s":{"0":2,"1":2,"2":2,"3":2,"4":0,"5":0,"6":0,"7":0,"8":0,"9":0,"10":0,"11":0,"12":0,"13":0,"14":0,"15":0,"16":0,"17":0,"18":0,"19":0,"20":0,"21":0,"22":0,"23":0,"24":0,"25":0,"26":0,"27":0,"28":0,"29":0,"30":0,"31":0,"32":0,"33":0,"34":0,"35":0,"36":0,"37":0,"38":0,"39":0,"40":0,"41":0,"42":0,"43":0,"44":0,"45":0,"46":0,"47":0,"48":0,"49":0,"50":0,"51":0,"52":0,"53":0,"54":0,"55":0,"56":0,"57":0,"58":0,"59":0,"60":0,"61":0,"62":0,"63":0,"64":0,"65":0,"66":0,"67":0,"68":0,"69":0,"70":0,"71":0,"72":0,"73":0,"74":2},"f":{"0":0,"1":0,"2":0,"3":0,"4":0},"b":{"0":[0,0],"1":[0,0],"2":[0,0],"3":[0,0],"4":[0,0],"5":[0,0],"6":[0,0],"7":[0,0],"8":[0,0,0],"9":[0,0],"10":[0,0]},"_coverageSchema":"1a1c01bbd47fc00a2c39e90264f33305004495a9","hash":"55794a28bb4eeb9ca7900d6a5d403d33bd860323"}
,"/Users/nickolasdarselio/Documents/HACKTIV8 BSD/3 PHASE/finalproject/server/controllers/favoriteController.js": {"path":"/Users/nickolasdarselio/Documents/HACKTIV8 BSD/3 PHASE/finalproject/server/controllers/favoriteController.js","statementMap":{"0":{"start":{"line":1,"column":28},"end":{"line":1,"column":48}},"1":{"start":{"line":5,"column":8},"end":{"line":18,"column":9}},"2":{"start":{"line":6,"column":27},"end":{"line":11,"column":14}},"3":{"start":{"line":12,"column":12},"end":{"line":14,"column":13}},"4":{"start":{"line":16,"column":12},"end":{"line":16,"column":28}},"5":{"start":{"line":17,"column":12},"end":{"line":17,"column":21}},"6":{"start":{"line":22,"column":8},"end":{"line":45,"column":9}},"7":{"start":{"line":23,"column":27},"end":{"line":23,"column":41}},"8":{"start":{"line":25,"column":27},"end":{"line":36,"column":14}},"9":{"start":{"line":38,"column":12},"end":{"line":40,"column":13}},"10":{"start":{"line":39,"column":16},"end":{"line":39,"column":52}},"11":{"start":{"line":41,"column":12},"end":{"line":41,"column":31}},"12":{"start":{"line":42,"column":12},"end":{"line":42,"column":45}},"13":{"start":{"line":49,"column":8},"end":{"line":66,"column":9}},"14":{"start":{"line":50,"column":27},"end":{"line":55,"column":14}},"15":{"start":{"line":56,"column":12},"end":{"line":58,"column":13}},"16":{"start":{"line":57,"column":16},"end":{"line":57,"column":45}},"17":{"start":{"line":60,"column":12},"end":{"line":62,"column":14}},"18":{"start":{"line":64,"column":12},"end":{"line":64,"column":28}},"19":{"start":{"line":65,"column":12},"end":{"line":65,"column":21}},"20":{"start":{"line":70,"column":0},"end":{"line":70,"column":35}}},"fnMap":{"0":{"name":"(anonymous_0)","decl":{"start":{"line":4,"column":4},"end":{"line":4,"column":5}},"loc":{"start":{"line":4,"column":55},"end":{"line":19,"column":5}},"line":4},"1":{"name":"(anonymous_1)","decl":{"start":{"line":21,"column":4},"end":{"line":21,"column":5}},"loc":{"start":{"line":21,"column":54},"end":{"line":46,"column":5}},"line":21},"2":{"name":"(anonymous_2)","decl":{"start":{"line":48,"column":4},"end":{"line":48,"column":5}},"loc":{"start":{"line":48,"column":57},"end":{"line":67,"column":5}},"line":48}},"branchMap":{"0":{"loc":{"start":{"line":38,"column":12},"end":{"line":40,"column":13}},"type":"if","locations":[{"start":{"line":38,"column":12},"end":{"line":40,"column":13}},{"start":{},"end":{}}],"line":38},"1":{"loc":{"start":{"line":56,"column":12},"end":{"line":58,"column":13}},"type":"if","locations":[{"start":{"line":56,"column":12},"end":{"line":58,"column":13}},{"start":{},"end":{}}],"line":56}},"s":{"0":2,"1":0,"2":0,"3":0,"4":0,"5":0,"6":0,"7":0,"8":0,"9":0,"10":0,"11":0,"12":0,"13":0,"14":0,"15":0,"16":0,"17":0,"18":0,"19":0,"20":2},"f":{"0":0,"1":0,"2":0},"b":{"0":[0,0],"1":[0,0]},"_coverageSchema":"1a1c01bbd47fc00a2c39e90264f33305004495a9","hash":"3b4a6ae9c63d95f4eec0f316b9086750f09ff0d9"}
,"/Users/nickolasdarselio/Documents/HACKTIV8 BSD/3 PHASE/finalproject/server/controllers/storeController.js": {"path":"/Users/nickolasdarselio/Documents/HACKTIV8 BSD/3 PHASE/finalproject/server/controllers/storeController.js","statementMap":{"0":{"start":{"line":1,"column":18},"end":{"line":1,"column":44}},"1":{"start":{"line":4,"column":8},"end":{"line":12,"column":9}},"2":{"start":{"line":5,"column":27},"end":{"line":5,"column":48}},"3":{"start":{"line":6,"column":12},"end":{"line":8,"column":13}},"4":{"start":{"line":10,"column":12},"end":{"line":10,"column":28}},"5":{"start":{"line":11,"column":12},"end":{"line":11,"column":21}},"6":{"start":{"line":16,"column":8},"end":{"line":29,"column":9}},"7":{"start":{"line":17,"column":51},"end":{"line":17,"column":63}},"8":{"start":{"line":19,"column":27},"end":{"line":23,"column":14}},"9":{"start":{"line":25,"column":12},"end":{"line":25,"column":45}},"10":{"start":{"line":27,"column":12},"end":{"line":27,"column":28}},"11":{"start":{"line":28,"column":12},"end":{"line":28,"column":21}},"12":{"start":{"line":33,"column":8},"end":{"line":46,"column":9}},"13":{"start":{"line":34,"column":27},"end":{"line":34,"column":41}},"14":{"start":{"line":35,"column":12},"end":{"line":39,"column":14}},"15":{"start":{"line":40,"column":12},"end":{"line":42,"column":14}},"16":{"start":{"line":44,"column":12},"end":{"line":44,"column":28}},"17":{"start":{"line":45,"column":12},"end":{"line":45,"column":21}},"18":{"start":{"line":50,"column":0},"end":{"line":50,"column":32}}},"fnMap":{"0":{"name":"(anonymous_0)","decl":{"start":{"line":3,"column":4},"end":{"line":3,"column":5}},"loc":{"start":{"line":3,"column":52},"end":{"line":13,"column":5}},"line":3},"1":{"name":"(anonymous_1)","decl":{"start":{"line":15,"column":4},"end":{"line":15,"column":5}},"loc":{"start":{"line":15,"column":54},"end":{"line":30,"column":5}},"line":15},"2":{"name":"(anonymous_2)","decl":{"start":{"line":32,"column":4},"end":{"line":32,"column":5}},"loc":{"start":{"line":32,"column":54},"end":{"line":47,"column":5}},"line":32}},"branchMap":{},"s":{"0":2,"1":0,"2":0,"3":0,"4":0,"5":0,"6":0,"7":0,"8":0,"9":0,"10":0,"11":0,"12":0,"13":0,"14":0,"15":0,"16":0,"17":0,"18":2},"f":{"0":0,"1":0,"2":0},"b":{},"_coverageSchema":"1a1c01bbd47fc00a2c39e90264f33305004495a9","hash":"5bd9b419671cba2f2016e1abfba3808661414cce"}
,"/Users/nickolasdarselio/Documents/HACKTIV8 BSD/3 PHASE/finalproject/server/controllers/userController.js": {"path":"/Users/nickolasdarselio/Documents/HACKTIV8 BSD/3 PHASE/finalproject/server/controllers/userController.js","statementMap":{"0":{"start":{"line":1,"column":28},"end":{"line":1,"column":56}},"1":{"start":{"line":2,"column":24},"end":{"line":2,"column":49}},"2":{"start":{"line":3,"column":17},"end":{"line":3,"column":43}},"3":{"start":{"line":7,"column":8},"end":{"line":25,"column":9}},"4":{"start":{"line":8,"column":78},"end":{"line":8,"column":90}},"5":{"start":{"line":10,"column":28},"end":{"line":17,"column":14}},"6":{"start":{"line":18,"column":12},"end":{"line":20,"column":13}},"7":{"start":{"line":23,"column":12},"end":{"line":23,"column":28}},"8":{"start":{"line":24,"column":12},"end":{"line":24,"column":21}},"9":{"start":{"line":29,"column":8},"end":{"line":67,"column":9}},"10":{"start":{"line":30,"column":40},"end":{"line":30,"column":52}},"11":{"start":{"line":32,"column":12},"end":{"line":34,"column":13}},"12":{"start":{"line":33,"column":16},"end":{"line":33,"column":41}},"13":{"start":{"line":36,"column":25},"end":{"line":40,"column":14}},"14":{"start":{"line":42,"column":12},"end":{"line":44,"column":13}},"15":{"start":{"line":43,"column":16},"end":{"line":43,"column":41}},"16":{"start":{"line":46,"column":36},"end":{"line":46,"column":76}},"17":{"start":{"line":47,"column":12},"end":{"line":49,"column":13}},"18":{"start":{"line":48,"column":16},"end":{"line":48,"column":41}},"19":{"start":{"line":51,"column":26},"end":{"line":56,"column":14}},"20":{"start":{"line":58,"column":12},"end":{"line":63,"column":14}},"21":{"start":{"line":65,"column":12},"end":{"line":65,"column":28}},"22":{"start":{"line":66,"column":12},"end":{"line":66,"column":21}},"23":{"start":{"line":72,"column":0},"end":{"line":72,"column":31}}},"fnMap":{"0":{"name":"(anonymous_0)","decl":{"start":{"line":6,"column":4},"end":{"line":6,"column":5}},"loc":{"start":{"line":6,"column":55},"end":{"line":26,"column":5}},"line":6},"1":{"name":"(anonymous_1)","decl":{"start":{"line":28,"column":4},"end":{"line":28,"column":5}},"loc":{"start":{"line":28,"column":52},"end":{"line":68,"column":5}},"line":28}},"branchMap":{"0":{"loc":{"start":{"line":32,"column":12},"end":{"line":34,"column":13}},"type":"if","locations":[{"start":{"line":32,"column":12},"end":{"line":34,"column":13}},{"start":{},"end":{}}],"line":32},"1":{"loc":{"start":{"line":32,"column":16},"end":{"line":32,"column":35}},"type":"binary-expr","locations":[{"start":{"line":32,"column":16},"end":{"line":32,"column":22}},{"start":{"line":32,"column":26},"end":{"line":32,"column":35}}],"line":32},"2":{"loc":{"start":{"line":42,"column":12},"end":{"line":44,"column":13}},"type":"if","locations":[{"start":{"line":42,"column":12},"end":{"line":44,"column":13}},{"start":{},"end":{}}],"line":42},"3":{"loc":{"start":{"line":47,"column":12},"end":{"line":49,"column":13}},"type":"if","locations":[{"start":{"line":47,"column":12},"end":{"line":49,"column":13}},{"start":{},"end":{}}],"line":47}},"s":{"0":2,"1":2,"2":2,"3":5,"4":5,"5":5,"6":1,"7":4,"8":4,"9":3,"10":3,"11":3,"12":1,"13":2,"14":2,"15":1,"16":1,"17":1,"18":0,"19":1,"20":1,"21":2,"22":2,"23":2},"f":{"0":5,"1":3},"b":{"0":[1,2],"1":[3,2],"2":[1,1],"3":[0,1]},"_coverageSchema":"1a1c01bbd47fc00a2c39e90264f33305004495a9","hash":"36c38ddd47b6e95e7faf9c16f04972b8c2063485"}
,"/Users/nickolasdarselio/Documents/HACKTIV8 BSD/3 PHASE/finalproject/server/helpers/bcrypt.js": {"path":"/Users/nickolasdarselio/Documents/HACKTIV8 BSD/3 PHASE/finalproject/server/helpers/bcrypt.js","statementMap":{"0":{"start":{"line":1,"column":15},"end":{"line":1,"column":34}},"1":{"start":{"line":2,"column":13},"end":{"line":2,"column":35}},"2":{"start":{"line":5,"column":4},"end":{"line":5,"column":47}},"3":{"start":{"line":9,"column":4},"end":{"line":9,"column":51}},"4":{"start":{"line":12,"column":0},"end":{"line":12,"column":50}}},"fnMap":{"0":{"name":"hashPassword","decl":{"start":{"line":4,"column":9},"end":{"line":4,"column":21}},"loc":{"start":{"line":4,"column":37},"end":{"line":6,"column":1}},"line":4},"1":{"name":"comparePassword","decl":{"start":{"line":8,"column":9},"end":{"line":8,"column":24}},"loc":{"start":{"line":8,"column":46},"end":{"line":10,"column":1}},"line":8}},"branchMap":{},"s":{"0":2,"1":2,"2":10,"3":1,"4":2},"f":{"0":10,"1":1},"b":{},"_coverageSchema":"1a1c01bbd47fc00a2c39e90264f33305004495a9","hash":"6ad36df0029b3b40468702f9fbc95128ad43b1ac"}
,"/Users/nickolasdarselio/Documents/HACKTIV8 BSD/3 PHASE/finalproject/server/helpers/jwt.js": {"path":"/Users/nickolasdarselio/Documents/HACKTIV8 BSD/3 PHASE/finalproject/server/helpers/jwt.js","statementMap":{"0":{"start":{"line":1,"column":12},"end":{"line":1,"column":35}},"1":{"start":{"line":2,"column":15},"end":{"line":2,"column":37}},"2":{"start":{"line":5,"column":4},"end":{"line":5,"column":36}},"3":{"start":{"line":9,"column":4},"end":{"line":9,"column":36}},"4":{"start":{"line":12,"column":0},"end":{"line":12,"column":45}}},"fnMap":{"0":{"name":"createToken","decl":{"start":{"line":4,"column":9},"end":{"line":4,"column":20}},"loc":{"start":{"line":4,"column":30},"end":{"line":6,"column":1}},"line":4},"1":{"name":"verifyToken","decl":{"start":{"line":8,"column":9},"end":{"line":8,"column":20}},"loc":{"start":{"line":8,"column":28},"end":{"line":10,"column":1}},"line":8}},"branchMap":{},"s":{"0":2,"1":2,"2":1,"3":2,"4":2},"f":{"0":1,"1":2},"b":{},"_coverageSchema":"1a1c01bbd47fc00a2c39e90264f33305004495a9","hash":"55c95d258da778eb78b777f209ded5bf715ef318"}
,"/Users/nickolasdarselio/Documents/HACKTIV8 BSD/3 PHASE/finalproject/server/helpers/pagination.js": {"path":"/Users/nickolasdarselio/Documents/HACKTIV8 BSD/3 PHASE/finalproject/server/helpers/pagination.js","statementMap":{"0":{"start":{"line":1,"column":22},"end":{"line":19,"column":1}},"1":{"start":{"line":2,"column":22},"end":{"line":2,"column":58}},"2":{"start":{"line":3,"column":25},"end":{"line":3,"column":37}},"3":{"start":{"line":4,"column":24},"end":{"line":4,"column":33}},"4":{"start":{"line":5,"column":25},"end":{"line":5,"column":66}},"5":{"start":{"line":6,"column":21},"end":{"line":6,"column":70}},"6":{"start":{"line":7,"column":19},"end":{"line":17,"column":5}},"7":{"start":{"line":18,"column":4},"end":{"line":18,"column":18}},"8":{"start":{"line":21,"column":0},"end":{"line":21,"column":34}}},"fnMap":{"0":{"name":"(anonymous_0)","decl":{"start":{"line":1,"column":22},"end":{"line":1,"column":23}},"loc":{"start":{"line":1,"column":32},"end":{"line":19,"column":1}},"line":1}},"branchMap":{"0":{"loc":{"start":{"line":5,"column":25},"end":{"line":5,"column":66}},"type":"cond-expr","locations":[{"start":{"line":5,"column":44},"end":{"line":5,"column":48}},{"start":{"line":5,"column":51},"end":{"line":5,"column":66}}],"line":5},"1":{"loc":{"start":{"line":6,"column":21},"end":{"line":6,"column":70}},"type":"cond-expr","locations":[{"start":{"line":6,"column":48},"end":{"line":6,"column":52}},{"start":{"line":6,"column":55},"end":{"line":6,"column":70}}],"line":6}},"s":{"0":2,"1":0,"2":0,"3":0,"4":0,"5":0,"6":0,"7":0,"8":2},"f":{"0":0},"b":{"0":[0,0],"1":[0,0]},"_coverageSchema":"1a1c01bbd47fc00a2c39e90264f33305004495a9","hash":"756b478f0c83a9afa4d37745dca2833ee1346afe"}
,"/Users/nickolasdarselio/Documents/HACKTIV8 BSD/3 PHASE/finalproject/server/lib/createCategory.js": {"path":"/Users/nickolasdarselio/Documents/HACKTIV8 BSD/3 PHASE/finalproject/server/lib/createCategory.js","statementMap":{"0":{"start":{"line":1,"column":21},"end":{"line":1,"column":50}},"1":{"start":{"line":2,"column":21},"end":{"line":2,"column":55}},"2":{"start":{"line":5,"column":4},"end":{"line":11,"column":5}},"3":{"start":{"line":7,"column":8},"end":{"line":7,"column":47}},"4":{"start":{"line":10,"column":8},"end":{"line":10,"column":24}},"5":{"start":{"line":15,"column":0},"end":{"line":15,"column":35}}},"fnMap":{"0":{"name":"CreateCategory","decl":{"start":{"line":4,"column":15},"end":{"line":4,"column":29}},"loc":{"start":{"line":4,"column":32},"end":{"line":13,"column":1}},"line":4}},"branchMap":{},"s":{"0":1,"1":1,"2":1,"3":1,"4":1,"5":1},"f":{"0":1},"b":{},"_coverageSchema":"1a1c01bbd47fc00a2c39e90264f33305004495a9","hash":"46ab3e456930ed2e15cdcc8f005f48822191da3e"}
,"/Users/nickolasdarselio/Documents/HACKTIV8 BSD/3 PHASE/finalproject/server/lib/createUser.js": {"path":"/Users/nickolasdarselio/Documents/HACKTIV8 BSD/3 PHASE/finalproject/server/lib/createUser.js","statementMap":{"0":{"start":{"line":1,"column":17},"end":{"line":1,"column":46}},"1":{"start":{"line":2,"column":17},"end":{"line":2,"column":51}},"2":{"start":{"line":3,"column":25},"end":{"line":3,"column":56}},"3":{"start":{"line":4,"column":0},"end":{"line":6,"column":2}},"4":{"start":{"line":5,"column":4},"end":{"line":5,"column":43}},"5":{"start":{"line":9,"column":4},"end":{"line":15,"column":5}},"6":{"start":{"line":11,"column":23},"end":{"line":11,"column":54}},"7":{"start":{"line":14,"column":8},"end":{"line":14,"column":24}},"8":{"start":{"line":19,"column":0},"end":{"line":19,"column":31}}},"fnMap":{"0":{"name":"(anonymous_0)","decl":{"start":{"line":4,"column":17},"end":{"line":4,"column":18}},"loc":{"start":{"line":4,"column":25},"end":{"line":6,"column":1}},"line":4},"1":{"name":"CreateUser","decl":{"start":{"line":8,"column":15},"end":{"line":8,"column":25}},"loc":{"start":{"line":8,"column":28},"end":{"line":17,"column":1}},"line":8}},"branchMap":{},"s":{"0":2,"1":2,"2":2,"3":2,"4":8,"5":2,"6":2,"7":0,"8":2},"f":{"0":8,"1":2},"b":{},"_coverageSchema":"1a1c01bbd47fc00a2c39e90264f33305004495a9","hash":"f999be03daec15d82f80adad81007710553a7d26"}
,"/Users/nickolasdarselio/Documents/HACKTIV8 BSD/3 PHASE/finalproject/server/lib/deleteUser.js": {"path":"/Users/nickolasdarselio/Documents/HACKTIV8 BSD/3 PHASE/finalproject/server/lib/deleteUser.js","statementMap":{"0":{"start":{"line":1,"column":17},"end":{"line":1,"column":43}},"1":{"start":{"line":4,"column":4},"end":{"line":12,"column":5}},"2":{"start":{"line":5,"column":8},"end":{"line":9,"column":10}},"3":{"start":{"line":11,"column":8},"end":{"line":11,"column":24}},"4":{"start":{"line":15,"column":0},"end":{"line":15,"column":27}}},"fnMap":{"0":{"name":"DeleteUser","decl":{"start":{"line":3,"column":15},"end":{"line":3,"column":25}},"loc":{"start":{"line":3,"column":28},"end":{"line":13,"column":1}},"line":3}},"branchMap":{},"s":{"0":2,"1":2,"2":2,"3":0,"4":2},"f":{"0":2},"b":{},"_coverageSchema":"1a1c01bbd47fc00a2c39e90264f33305004495a9","hash":"8433fa57f9c21182aa1e824fb613307322b33eaa"}
,"/Users/nickolasdarselio/Documents/HACKTIV8 BSD/3 PHASE/finalproject/server/middlewares/authentication.js": {"path":"/Users/nickolasdarselio/Documents/HACKTIV8 BSD/3 PHASE/finalproject/server/middlewares/authentication.js","statementMap":{"0":{"start":{"line":1,"column":17},"end":{"line":1,"column":43}},"1":{"start":{"line":2,"column":24},"end":{"line":2,"column":49}},"2":{"start":{"line":4,"column":23},"end":{"line":42,"column":1}},"3":{"start":{"line":5,"column":4},"end":{"line":41,"column":5}},"4":{"start":{"line":6,"column":33},"end":{"line":6,"column":48}},"5":{"start":{"line":7,"column":8},"end":{"line":7,"column":33}},"6":{"start":{"line":8,"column":8},"end":{"line":10,"column":9}},"7":{"start":{"line":9,"column":12},"end":{"line":9,"column":45}},"8":{"start":{"line":12,"column":24},"end":{"line":12,"column":49}},"9":{"start":{"line":13,"column":8},"end":{"line":17,"column":9}},"10":{"start":{"line":14,"column":12},"end":{"line":16,"column":13}},"11":{"start":{"line":19,"column":21},"end":{"line":23,"column":10}},"12":{"start":{"line":25,"column":8},"end":{"line":29,"column":9}},"13":{"start":{"line":26,"column":12},"end":{"line":28,"column":13}},"14":{"start":{"line":31,"column":8},"end":{"line":36,"column":9}},"15":{"start":{"line":37,"column":8},"end":{"line":37,"column":14}},"16":{"start":{"line":39,"column":8},"end":{"line":39,"column":25}},"17":{"start":{"line":40,"column":8},"end":{"line":40,"column":17}},"18":{"start":{"line":44,"column":0},"end":{"line":44,"column":35}}},"fnMap":{"0":{"name":"(anonymous_0)","decl":{"start":{"line":4,"column":23},"end":{"line":4,"column":24}},"loc":{"start":{"line":4,"column":58},"end":{"line":42,"column":1}},"line":4}},"branchMap":{"0":{"loc":{"start":{"line":8,"column":8},"end":{"line":10,"column":9}},"type":"if","locations":[{"start":{"line":8,"column":8},"end":{"line":10,"column":9}},{"start":{},"end":{}}],"line":8},"1":{"loc":{"start":{"line":13,"column":8},"end":{"line":17,"column":9}},"type":"if","locations":[{"start":{"line":13,"column":8},"end":{"line":17,"column":9}},{"start":{},"end":{}}],"line":13},"2":{"loc":{"start":{"line":25,"column":8},"end":{"line":29,"column":9}},"type":"if","locations":[{"start":{"line":25,"column":8},"end":{"line":29,"column":9}},{"start":{},"end":{}}],"line":25}},"s":{"0":2,"1":2,"2":2,"3":0,"4":0,"5":0,"6":0,"7":0,"8":0,"9":0,"10":0,"11":0,"12":0,"13":0,"14":0,"15":0,"16":0,"17":0,"18":2},"f":{"0":0},"b":{"0":[0,0],"1":[0,0],"2":[0,0]},"_coverageSchema":"1a1c01bbd47fc00a2c39e90264f33305004495a9","hash":"b373b605039f6d04bde7cfedefc5081bd09c212f"}
,"/Users/nickolasdarselio/Documents/HACKTIV8 BSD/3 PHASE/finalproject/server/middlewares/authorization.js": {"path":"/Users/nickolasdarselio/Documents/HACKTIV8 BSD/3 PHASE/finalproject/server/middlewares/authorization.js","statementMap":{"0":{"start":{"line":1,"column":17},"end":{"line":1,"column":43}},"1":{"start":{"line":2,"column":24},"end":{"line":2,"column":49}},"2":{"start":{"line":4,"column":22},"end":{"line":25,"column":1}},"3":{"start":{"line":5,"column":4},"end":{"line":24,"column":5}},"4":{"start":{"line":6,"column":8},"end":{"line":6,"column":66}},"5":{"start":{"line":7,"column":8},"end":{"line":9,"column":9}},"6":{"start":{"line":8,"column":12},"end":{"line":8,"column":42}},"7":{"start":{"line":11,"column":24},"end":{"line":11,"column":65}},"8":{"start":{"line":12,"column":8},"end":{"line":12,"column":28}},"9":{"start":{"line":14,"column":8},"end":{"line":18,"column":9}},"10":{"start":{"line":15,"column":12},"end":{"line":15,"column":42}},"11":{"start":{"line":17,"column":12},"end":{"line":17,"column":18}},"12":{"start":{"line":21,"column":8},"end":{"line":21,"column":24}},"13":{"start":{"line":23,"column":8},"end":{"line":23,"column":17}},"14":{"start":{"line":27,"column":0},"end":{"line":27,"column":34}}},"fnMap":{"0":{"name":"(anonymous_0)","decl":{"start":{"line":4,"column":22},"end":{"line":4,"column":23}},"loc":{"start":{"line":4,"column":57},"end":{"line":25,"column":1}},"line":4}},"branchMap":{"0":{"loc":{"start":{"line":7,"column":8},"end":{"line":9,"column":9}},"type":"if","locations":[{"start":{"line":7,"column":8},"end":{"line":9,"column":9}},{"start":{},"end":{}}],"line":7},"1":{"loc":{"start":{"line":14,"column":8},"end":{"line":18,"column":9}},"type":"if","locations":[{"start":{"line":14,"column":8},"end":{"line":18,"column":9}},{"start":{"line":16,"column":15},"end":{"line":18,"column":9}}],"line":14}},"s":{"0":2,"1":2,"2":2,"3":2,"4":2,"5":2,"6":0,"7":2,"8":2,"9":2,"10":0,"11":2,"12":0,"13":0,"14":2},"f":{"0":2},"b":{"0":[0,2],"1":[0,2]},"_coverageSchema":"1a1c01bbd47fc00a2c39e90264f33305004495a9","hash":"a7021b9ae55287995b21afecc6a6f04b2892d048"}
,"/Users/nickolasdarselio/Documents/HACKTIV8 BSD/3 PHASE/finalproject/server/middlewares/errorHandler.js": {"path":"/Users/nickolasdarselio/Documents/HACKTIV8 BSD/3 PHASE/finalproject/server/middlewares/errorHandler.js","statementMap":{"0":{"start":{"line":1,"column":21},"end":{"line":69,"column":1}},"1":{"start":{"line":2,"column":4},"end":{"line":68,"column":5}},"2":{"start":{"line":3,"column":8},"end":{"line":3,"column":56}},"3":{"start":{"line":4,"column":11},"end":{"line":68,"column":5}},"4":{"start":{"line":5,"column":8},"end":{"line":7,"column":10}},"5":{"start":{"line":8,"column":11},"end":{"line":68,"column":5}},"6":{"start":{"line":9,"column":8},"end":{"line":11,"column":10}},"7":{"start":{"line":12,"column":11},"end":{"line":68,"column":5}},"8":{"start":{"line":13,"column":8},"end":{"line":15,"column":10}},"9":{"start":{"line":16,"column":11},"end":{"line":68,"column":5}},"10":{"start":{"line":17,"column":8},"end":{"line":19,"column":10}},"11":{"start":{"line":20,"column":11},"end":{"line":68,"column":5}},"12":{"start":{"line":21,"column":8},"end":{"line":23,"column":10}},"13":{"start":{"line":24,"column":11},"end":{"line":68,"column":5}},"14":{"start":{"line":25,"column":8},"end":{"line":27,"column":10}},"15":{"start":{"line":28,"column":11},"end":{"line":68,"column":5}},"16":{"start":{"line":29,"column":8},"end":{"line":31,"column":10}},"17":{"start":{"line":32,"column":11},"end":{"line":68,"column":5}},"18":{"start":{"line":33,"column":8},"end":{"line":35,"column":10}},"19":{"start":{"line":36,"column":11},"end":{"line":68,"column":5}},"20":{"start":{"line":37,"column":8},"end":{"line":39,"column":10}},"21":{"start":{"line":40,"column":11},"end":{"line":68,"column":5}},"22":{"start":{"line":41,"column":8},"end":{"line":43,"column":10}},"23":{"start":{"line":44,"column":11},"end":{"line":68,"column":5}},"24":{"start":{"line":45,"column":8},"end":{"line":47,"column":10}},"25":{"start":{"line":48,"column":11},"end":{"line":68,"column":5}},"26":{"start":{"line":49,"column":8},"end":{"line":51,"column":10}},"27":{"start":{"line":52,"column":11},"end":{"line":68,"column":5}},"28":{"start":{"line":53,"column":8},"end":{"line":55,"column":10}},"29":{"start":{"line":56,"column":11},"end":{"line":68,"column":5}},"30":{"start":{"line":57,"column":8},"end":{"line":59,"column":10}},"31":{"start":{"line":60,"column":11},"end":{"line":68,"column":5}},"32":{"start":{"line":61,"column":8},"end":{"line":63,"column":10}},"33":{"start":{"line":65,"column":8},"end":{"line":67,"column":10}},"34":{"start":{"line":71,"column":0},"end":{"line":71,"column":33}}},"fnMap":{"0":{"name":"(anonymous_0)","decl":{"start":{"line":1,"column":21},"end":{"line":1,"column":22}},"loc":{"start":{"line":1,"column":61},"end":{"line":69,"column":1}},"line":1}},"branchMap":{"0":{"loc":{"start":{"line":2,"column":4},"end":{"line":68,"column":5}},"type":"if","locations":[{"start":{"line":2,"column":4},"end":{"line":68,"column":5}},{"start":{"line":4,"column":11},"end":{"line":68,"column":5}}],"line":2},"1":{"loc":{"start":{"line":4,"column":11},"end":{"line":68,"column":5}},"type":"if","locations":[{"start":{"line":4,"column":11},"end":{"line":68,"column":5}},{"start":{"line":8,"column":11},"end":{"line":68,"column":5}}],"line":4},"2":{"loc":{"start":{"line":8,"column":11},"end":{"line":68,"column":5}},"type":"if","locations":[{"start":{"line":8,"column":11},"end":{"line":68,"column":5}},{"start":{"line":12,"column":11},"end":{"line":68,"column":5}}],"line":8},"3":{"loc":{"start":{"line":12,"column":11},"end":{"line":68,"column":5}},"type":"if","locations":[{"start":{"line":12,"column":11},"end":{"line":68,"column":5}},{"start":{"line":16,"column":11},"end":{"line":68,"column":5}}],"line":12},"4":{"loc":{"start":{"line":16,"column":11},"end":{"line":68,"column":5}},"type":"if","locations":[{"start":{"line":16,"column":11},"end":{"line":68,"column":5}},{"start":{"line":20,"column":11},"end":{"line":68,"column":5}}],"line":16},"5":{"loc":{"start":{"line":20,"column":11},"end":{"line":68,"column":5}},"type":"if","locations":[{"start":{"line":20,"column":11},"end":{"line":68,"column":5}},{"start":{"line":24,"column":11},"end":{"line":68,"column":5}}],"line":20},"6":{"loc":{"start":{"line":24,"column":11},"end":{"line":68,"column":5}},"type":"if","locations":[{"start":{"line":24,"column":11},"end":{"line":68,"column":5}},{"start":{"line":28,"column":11},"end":{"line":68,"column":5}}],"line":24},"7":{"loc":{"start":{"line":28,"column":11},"end":{"line":68,"column":5}},"type":"if","locations":[{"start":{"line":28,"column":11},"end":{"line":68,"column":5}},{"start":{"line":32,"column":11},"end":{"line":68,"column":5}}],"line":28},"8":{"loc":{"start":{"line":32,"column":11},"end":{"line":68,"column":5}},"type":"if","locations":[{"start":{"line":32,"column":11},"end":{"line":68,"column":5}},{"start":{"line":36,"column":11},"end":{"line":68,"column":5}}],"line":32},"9":{"loc":{"start":{"line":36,"column":11},"end":{"line":68,"column":5}},"type":"if","locations":[{"start":{"line":36,"column":11},"end":{"line":68,"column":5}},{"start":{"line":40,"column":11},"end":{"line":68,"column":5}}],"line":36},"10":{"loc":{"start":{"line":40,"column":11},"end":{"line":68,"column":5}},"type":"if","locations":[{"start":{"line":40,"column":11},"end":{"line":68,"column":5}},{"start":{"line":44,"column":11},"end":{"line":68,"column":5}}],"line":40},"11":{"loc":{"start":{"line":44,"column":11},"end":{"line":68,"column":5}},"type":"if","locations":[{"start":{"line":44,"column":11},"end":{"line":68,"column":5}},{"start":{"line":48,"column":11},"end":{"line":68,"column":5}}],"line":44},"12":{"loc":{"start":{"line":48,"column":11},"end":{"line":68,"column":5}},"type":"if","locations":[{"start":{"line":48,"column":11},"end":{"line":68,"column":5}},{"start":{"line":52,"column":11},"end":{"line":68,"column":5}}],"line":48},"13":{"loc":{"start":{"line":52,"column":11},"end":{"line":68,"column":5}},"type":"if","locations":[{"start":{"line":52,"column":11},"end":{"line":68,"column":5}},{"start":{"line":56,"column":11},"end":{"line":68,"column":5}}],"line":52},"14":{"loc":{"start":{"line":56,"column":11},"end":{"line":68,"column":5}},"type":"if","locations":[{"start":{"line":56,"column":11},"end":{"line":68,"column":5}},{"start":{"line":60,"column":11},"end":{"line":68,"column":5}}],"line":56},"15":{"loc":{"start":{"line":60,"column":11},"end":{"line":68,"column":5}},"type":"if","locations":[{"start":{"line":60,"column":11},"end":{"line":68,"column":5}},{"start":{"line":64,"column":11},"end":{"line":68,"column":5}}],"line":60}},"s":{"0":2,"1":6,"2":3,"3":3,"4":1,"5":2,"6":2,"7":0,"8":0,"9":0,"10":0,"11":0,"12":0,"13":0,"14":0,"15":0,"16":0,"17":0,"18":0,"19":0,"20":0,"21":0,"22":0,"23":0,"24":0,"25":0,"26":0,"27":0,"28":0,"29":0,"30":0,"31":0,"32":0,"33":0,"34":2},"f":{"0":6},"b":{"0":[3,3],"1":[1,2],"2":[2,0],"3":[0,0],"4":[0,0],"5":[0,0],"6":[0,0],"7":[0,0],"8":[0,0],"9":[0,0],"10":[0,0],"11":[0,0],"12":[0,0],"13":[0,0],"14":[0,0],"15":[0,0]},"_coverageSchema":"1a1c01bbd47fc00a2c39e90264f33305004495a9","hash":"c93235f85dd4f72e87710e8c54a7d28442ccb663"}
,"/Users/nickolasdarselio/Documents/HACKTIV8 BSD/3 PHASE/finalproject/server/models/cart.js": {"path":"/Users/nickolasdarselio/Documents/HACKTIV8 BSD/3 PHASE/finalproject/server/models/cart.js","statementMap":{"0":{"start":{"line":4,"column":4},"end":{"line":4,"column":24}},"1":{"start":{"line":5,"column":0},"end":{"line":25,"column":2}},"2":{"start":{"line":13,"column":6},"end":{"line":13,"column":59}},"3":{"start":{"line":14,"column":6},"end":{"line":14,"column":61}},"4":{"start":{"line":17,"column":2},"end":{"line":23,"column":5}},"5":{"start":{"line":24,"column":2},"end":{"line":24,"column":14}}},"fnMap":{"0":{"name":"(anonymous_0)","decl":{"start":{"line":5,"column":17},"end":{"line":5,"column":18}},"loc":{"start":{"line":5,"column":43},"end":{"line":25,"column":1}},"line":5},"1":{"name":"(anonymous_1)","decl":{"start":{"line":12,"column":4},"end":{"line":12,"column":5}},"loc":{"start":{"line":12,"column":29},"end":{"line":15,"column":5}},"line":12}},"branchMap":{},"s":{"0":2,"1":2,"2":2,"3":2,"4":2,"5":2},"f":{"0":2,"1":2},"b":{},"_coverageSchema":"1a1c01bbd47fc00a2c39e90264f33305004495a9","hash":"186f26c5e363ab48a423adf5572d7fc399ca12a2"}
,"/Users/nickolasdarselio/Documents/HACKTIV8 BSD/3 PHASE/finalproject/server/models/category.js": {"path":"/Users/nickolasdarselio/Documents/HACKTIV8 BSD/3 PHASE/finalproject/server/models/category.js","statementMap":{"0":{"start":{"line":4,"column":4},"end":{"line":4,"column":24}},"1":{"start":{"line":5,"column":0},"end":{"line":34,"column":2}},"2":{"start":{"line":13,"column":6},"end":{"line":13,"column":66}},"3":{"start":{"line":16,"column":2},"end":{"line":32,"column":5}},"4":{"start":{"line":33,"column":2},"end":{"line":33,"column":18}}},"fnMap":{"0":{"name":"(anonymous_0)","decl":{"start":{"line":5,"column":17},"end":{"line":5,"column":18}},"loc":{"start":{"line":5,"column":43},"end":{"line":34,"column":1}},"line":5},"1":{"name":"(anonymous_1)","decl":{"start":{"line":12,"column":4},"end":{"line":12,"column":5}},"loc":{"start":{"line":12,"column":29},"end":{"line":14,"column":5}},"line":12}},"branchMap":{},"s":{"0":2,"1":2,"2":2,"3":2,"4":2},"f":{"0":2,"1":2},"b":{},"_coverageSchema":"1a1c01bbd47fc00a2c39e90264f33305004495a9","hash":"36624b4bd481f8d3dfb960c568bb5b24656a588b"}
,"/Users/nickolasdarselio/Documents/HACKTIV8 BSD/3 PHASE/finalproject/server/models/dress.js": {"path":"/Users/nickolasdarselio/Documents/HACKTIV8 BSD/3 PHASE/finalproject/server/models/dress.js","statementMap":{"0":{"start":{"line":4,"column":4},"end":{"line":4,"column":24}},"1":{"start":{"line":5,"column":0},"end":{"line":119,"column":2}},"2":{"start":{"line":13,"column":6},"end":{"line":13,"column":63}},"3":{"start":{"line":14,"column":6},"end":{"line":14,"column":59}},"4":{"start":{"line":16,"column":6},"end":{"line":20,"column":8}},"5":{"start":{"line":21,"column":6},"end":{"line":25,"column":8}},"6":{"start":{"line":27,"column":6},"end":{"line":27,"column":68}},"7":{"start":{"line":28,"column":6},"end":{"line":28,"column":62}},"8":{"start":{"line":30,"column":6},"end":{"line":30,"column":60}},"9":{"start":{"line":33,"column":2},"end":{"line":117,"column":5}},"10":{"start":{"line":118,"column":2},"end":{"line":118,"column":15}}},"fnMap":{"0":{"name":"(anonymous_0)","decl":{"start":{"line":5,"column":17},"end":{"line":5,"column":18}},"loc":{"start":{"line":5,"column":43},"end":{"line":119,"column":1}},"line":5},"1":{"name":"(anonymous_1)","decl":{"start":{"line":12,"column":4},"end":{"line":12,"column":5}},"loc":{"start":{"line":12,"column":29},"end":{"line":31,"column":5}},"line":12}},"branchMap":{},"s":{"0":2,"1":2,"2":2,"3":2,"4":2,"5":2,"6":2,"7":2,"8":2,"9":2,"10":2},"f":{"0":2,"1":2},"b":{},"_coverageSchema":"1a1c01bbd47fc00a2c39e90264f33305004495a9","hash":"a5d978c9cffc965eb5de4484dfc9eaabe79af43a"}
,"/Users/nickolasdarselio/Documents/HACKTIV8 BSD/3 PHASE/finalproject/server/models/favorite.js": {"path":"/Users/nickolasdarselio/Documents/HACKTIV8 BSD/3 PHASE/finalproject/server/models/favorite.js","statementMap":{"0":{"start":{"line":4,"column":4},"end":{"line":4,"column":24}},"1":{"start":{"line":5,"column":0},"end":{"line":25,"column":2}},"2":{"start":{"line":13,"column":6},"end":{"line":13,"column":63}},"3":{"start":{"line":14,"column":6},"end":{"line":14,"column":65}},"4":{"start":{"line":17,"column":2},"end":{"line":23,"column":5}},"5":{"start":{"line":24,"column":2},"end":{"line":24,"column":18}}},"fnMap":{"0":{"name":"(anonymous_0)","decl":{"start":{"line":5,"column":17},"end":{"line":5,"column":18}},"loc":{"start":{"line":5,"column":43},"end":{"line":25,"column":1}},"line":5},"1":{"name":"(anonymous_1)","decl":{"start":{"line":12,"column":4},"end":{"line":12,"column":5}},"loc":{"start":{"line":12,"column":29},"end":{"line":15,"column":5}},"line":12}},"branchMap":{},"s":{"0":2,"1":2,"2":2,"3":2,"4":2,"5":2},"f":{"0":2,"1":2},"b":{},"_coverageSchema":"1a1c01bbd47fc00a2c39e90264f33305004495a9","hash":"ecd24a208e70b4f1358678f79d716847768e6907"}
,"/Users/nickolasdarselio/Documents/HACKTIV8 BSD/3 PHASE/finalproject/server/models/image.js": {"path":"/Users/nickolasdarselio/Documents/HACKTIV8 BSD/3 PHASE/finalproject/server/models/image.js","statementMap":{"0":{"start":{"line":4,"column":4},"end":{"line":4,"column":24}},"1":{"start":{"line":5,"column":0},"end":{"line":35,"column":2}},"2":{"start":{"line":13,"column":6},"end":{"line":13,"column":62}},"3":{"start":{"line":16,"column":2},"end":{"line":33,"column":5}},"4":{"start":{"line":34,"column":2},"end":{"line":34,"column":15}}},"fnMap":{"0":{"name":"(anonymous_0)","decl":{"start":{"line":5,"column":17},"end":{"line":5,"column":18}},"loc":{"start":{"line":5,"column":43},"end":{"line":35,"column":1}},"line":5},"1":{"name":"(anonymous_1)","decl":{"start":{"line":12,"column":4},"end":{"line":12,"column":5}},"loc":{"start":{"line":12,"column":29},"end":{"line":14,"column":5}},"line":12}},"branchMap":{},"s":{"0":2,"1":2,"2":2,"3":2,"4":2},"f":{"0":2,"1":2},"b":{},"_coverageSchema":"1a1c01bbd47fc00a2c39e90264f33305004495a9","hash":"d488db196a591a7ae3da2d8174f6e82039478635"}
,"/Users/nickolasdarselio/Documents/HACKTIV8 BSD/3 PHASE/finalproject/server/models/index.js": {"path":"/Users/nickolasdarselio/Documents/HACKTIV8 BSD/3 PHASE/finalproject/server/models/index.js","statementMap":{"0":{"start":{"line":3,"column":11},"end":{"line":3,"column":24}},"1":{"start":{"line":4,"column":13},"end":{"line":4,"column":28}},"2":{"start":{"line":5,"column":18},"end":{"line":5,"column":38}},"3":{"start":{"line":6,"column":16},"end":{"line":6,"column":34}},"4":{"start":{"line":7,"column":17},"end":{"line":7,"column":42}},"5":{"start":{"line":8,"column":12},"end":{"line":8,"column":49}},"6":{"start":{"line":9,"column":15},"end":{"line":9,"column":65}},"7":{"start":{"line":10,"column":11},"end":{"line":10,"column":13}},"8":{"start":{"line":13,"column":0},"end":{"line":17,"column":1}},"9":{"start":{"line":14,"column":2},"end":{"line":14,"column":74}},"10":{"start":{"line":16,"column":2},"end":{"line":16,"column":87}},"11":{"start":{"line":19,"column":0},"end":{"line":32,"column":5}},"12":{"start":{"line":22,"column":4},"end":{"line":27,"column":6}},"13":{"start":{"line":30,"column":18},"end":{"line":30,"column":85}},"14":{"start":{"line":31,"column":4},"end":{"line":31,"column":27}},"15":{"start":{"line":34,"column":0},"end":{"line":38,"column":3}},"16":{"start":{"line":35,"column":2},"end":{"line":37,"column":3}},"17":{"start":{"line":36,"column":4},"end":{"line":36,"column":32}},"18":{"start":{"line":40,"column":0},"end":{"line":40,"column":25}},"19":{"start":{"line":41,"column":0},"end":{"line":41,"column":25}},"20":{"start":{"line":43,"column":0},"end":{"line":43,"column":20}}},"fnMap":{"0":{"name":"(anonymous_0)","decl":{"start":{"line":21,"column":10},"end":{"line":21,"column":11}},"loc":{"start":{"line":21,"column":18},"end":{"line":28,"column":3}},"line":21},"1":{"name":"(anonymous_1)","decl":{"start":{"line":29,"column":11},"end":{"line":29,"column":12}},"loc":{"start":{"line":29,"column":19},"end":{"line":32,"column":3}},"line":29},"2":{"name":"(anonymous_2)","decl":{"start":{"line":34,"column":24},"end":{"line":34,"column":25}},"loc":{"start":{"line":34,"column":37},"end":{"line":38,"column":1}},"line":34}},"branchMap":{"0":{"loc":{"start":{"line":8,"column":12},"end":{"line":8,"column":49}},"type":"binary-expr","locations":[{"start":{"line":8,"column":12},"end":{"line":8,"column":32}},{"start":{"line":8,"column":36},"end":{"line":8,"column":49}}],"line":8},"1":{"loc":{"start":{"line":13,"column":0},"end":{"line":17,"column":1}},"type":"if","locations":[{"start":{"line":13,"column":0},"end":{"line":17,"column":1}},{"start":{"line":15,"column":7},"end":{"line":17,"column":1}}],"line":13},"2":{"loc":{"start":{"line":23,"column":6},"end":{"line":26,"column":37}},"type":"binary-expr","locations":[{"start":{"line":23,"column":6},"end":{"line":23,"column":29}},{"start":{"line":24,"column":6},"end":{"line":24,"column":23}},{"start":{"line":25,"column":6},"end":{"line":25,"column":30}},{"start":{"line":26,"column":6},"end":{"line":26,"column":37}}],"line":23},"3":{"loc":{"start":{"line":35,"column":2},"end":{"line":37,"column":3}},"type":"if","locations":[{"start":{"line":35,"column":2},"end":{"line":37,"column":3}},{"start":{},"end":{}}],"line":35}},"s":{"0":2,"1":2,"2":2,"3":2,"4":2,"5":2,"6":2,"7":2,"8":2,"9":0,"10":2,"11":2,"12":16,"13":14,"14":14,"15":2,"16":14,"17":14,"18":2,"19":2,"20":2},"f":{"0":16,"1":14,"2":14},"b":{"0":[2,0],"1":[0,2],"2":[16,16,14,14],"3":[14,0]},"_coverageSchema":"1a1c01bbd47fc00a2c39e90264f33305004495a9","hash":"e2c67b6c036e45e3019b6a4d689d01db2ed9e51c"}
,"/Users/nickolasdarselio/Documents/HACKTIV8 BSD/3 PHASE/finalproject/server/models/store.js": {"path":"/Users/nickolasdarselio/Documents/HACKTIV8 BSD/3 PHASE/finalproject/server/models/store.js","statementMap":{"0":{"start":{"line":4,"column":4},"end":{"line":4,"column":24}},"1":{"start":{"line":5,"column":0},"end":{"line":58,"column":2}},"2":{"start":{"line":13,"column":6},"end":{"line":13,"column":60}},"3":{"start":{"line":16,"column":2},"end":{"line":56,"column":5}},"4":{"start":{"line":57,"column":2},"end":{"line":57,"column":15}}},"fnMap":{"0":{"name":"(anonymous_0)","decl":{"start":{"line":5,"column":17},"end":{"line":5,"column":18}},"loc":{"start":{"line":5,"column":43},"end":{"line":58,"column":1}},"line":5},"1":{"name":"(anonymous_1)","decl":{"start":{"line":12,"column":4},"end":{"line":12,"column":5}},"loc":{"start":{"line":12,"column":29},"end":{"line":14,"column":5}},"line":12}},"branchMap":{},"s":{"0":2,"1":2,"2":2,"3":2,"4":2},"f":{"0":2,"1":2},"b":{},"_coverageSchema":"1a1c01bbd47fc00a2c39e90264f33305004495a9","hash":"7cbddac956439bb1b42478c962963d7addd5b0d9"}
,"/Users/nickolasdarselio/Documents/HACKTIV8 BSD/3 PHASE/finalproject/server/models/user.js": {"path":"/Users/nickolasdarselio/Documents/HACKTIV8 BSD/3 PHASE/finalproject/server/models/user.js","statementMap":{"0":{"start":{"line":4,"column":4},"end":{"line":4,"column":24}},"1":{"start":{"line":5,"column":25},"end":{"line":5,"column":53}},"2":{"start":{"line":6,"column":0},"end":{"line":84,"column":2}},"3":{"start":{"line":14,"column":6},"end":{"line":14,"column":61}},"4":{"start":{"line":15,"column":6},"end":{"line":15,"column":57}},"5":{"start":{"line":17,"column":6},"end":{"line":21,"column":8}},"6":{"start":{"line":22,"column":6},"end":{"line":26,"column":8}},"7":{"start":{"line":29,"column":2},"end":{"line":79,"column":5}},"8":{"start":{"line":80,"column":2},"end":{"line":82,"column":4}},"9":{"start":{"line":81,"column":4},"end":{"line":81,"column":49}},"10":{"start":{"line":83,"column":2},"end":{"line":83,"column":14}}},"fnMap":{"0":{"name":"(anonymous_0)","decl":{"start":{"line":6,"column":17},"end":{"line":6,"column":18}},"loc":{"start":{"line":6,"column":43},"end":{"line":84,"column":1}},"line":6},"1":{"name":"(anonymous_1)","decl":{"start":{"line":13,"column":4},"end":{"line":13,"column":5}},"loc":{"start":{"line":13,"column":29},"end":{"line":27,"column":5}},"line":13},"2":{"name":"(anonymous_2)","decl":{"start":{"line":80,"column":20},"end":{"line":80,"column":21}},"loc":{"start":{"line":80,"column":31},"end":{"line":82,"column":3}},"line":80}},"branchMap":{},"s":{"0":2,"1":2,"2":2,"3":2,"4":2,"5":2,"6":2,"7":2,"8":2,"9":2,"10":2},"f":{"0":2,"1":2,"2":2},"b":{},"_coverageSchema":"1a1c01bbd47fc00a2c39e90264f33305004495a9","hash":"513938adfb14e9640e6f7a37cc9d0ee1827feb64"}
,"/Users/nickolasdarselio/Documents/HACKTIV8 BSD/3 PHASE/finalproject/server/routers/cart.js": {"path":"/Users/nickolasdarselio/Documents/HACKTIV8 BSD/3 PHASE/finalproject/server/routers/cart.js","statementMap":{"0":{"start":{"line":1,"column":16},"end":{"line":1,"column":34}},"1":{"start":{"line":2,"column":15},"end":{"line":2,"column":31}},"2":{"start":{"line":3,"column":23},"end":{"line":3,"column":63}},"3":{"start":{"line":5,"column":0},"end":{"line":5,"column":44}},"4":{"start":{"line":6,"column":0},"end":{"line":6,"column":48}},"5":{"start":{"line":7,"column":0},"end":{"line":7,"column":53}},"6":{"start":{"line":10,"column":0},"end":{"line":10,"column":23}}},"fnMap":{},"branchMap":{},"s":{"0":2,"1":2,"2":2,"3":2,"4":2,"5":2,"6":2},"f":{},"b":{},"_coverageSchema":"1a1c01bbd47fc00a2c39e90264f33305004495a9","hash":"3f9d22c28d54dbf05fc227752bd9737ec18d9d24"}
,"/Users/nickolasdarselio/Documents/HACKTIV8 BSD/3 PHASE/finalproject/server/routers/categories.js": {"path":"/Users/nickolasdarselio/Documents/HACKTIV8 BSD/3 PHASE/finalproject/server/routers/categories.js","statementMap":{"0":{"start":{"line":1,"column":16},"end":{"line":1,"column":34}},"1":{"start":{"line":2,"column":15},"end":{"line":2,"column":31}},"2":{"start":{"line":3,"column":27},"end":{"line":3,"column":71}},"3":{"start":{"line":4,"column":26},"end":{"line":4,"column":65}},"4":{"start":{"line":6,"column":0},"end":{"line":6,"column":60}},"5":{"start":{"line":7,"column":0},"end":{"line":7,"column":78}},"6":{"start":{"line":8,"column":0},"end":{"line":8,"column":84}},"7":{"start":{"line":10,"column":0},"end":{"line":10,"column":23}}},"fnMap":{},"branchMap":{},"s":{"0":2,"1":2,"2":2,"3":2,"4":2,"5":2,"6":2,"7":2},"f":{},"b":{},"_coverageSchema":"1a1c01bbd47fc00a2c39e90264f33305004495a9","hash":"cd04f3416ab4643f1ccc1840dd62c895e174056c"}
,"/Users/nickolasdarselio/Documents/HACKTIV8 BSD/3 PHASE/finalproject/server/routers/dress.js": {"path":"/Users/nickolasdarselio/Documents/HACKTIV8 BSD/3 PHASE/finalproject/server/routers/dress.js","statementMap":{"0":{"start":{"line":1,"column":16},"end":{"line":1,"column":34}},"1":{"start":{"line":2,"column":15},"end":{"line":2,"column":31}},"2":{"start":{"line":3,"column":24},"end":{"line":3,"column":65}},"3":{"start":{"line":4,"column":26},"end":{"line":4,"column":65}},"4":{"start":{"line":6,"column":0},"end":{"line":6,"column":47}},"5":{"start":{"line":7,"column":0},"end":{"line":7,"column":57}},"6":{"start":{"line":8,"column":0},"end":{"line":8,"column":65}},"7":{"start":{"line":9,"column":0},"end":{"line":9,"column":68}},"8":{"start":{"line":10,"column":0},"end":{"line":10,"column":71}},"9":{"start":{"line":14,"column":0},"end":{"line":14,"column":23}}},"fnMap":{},"branchMap":{},"s":{"0":2,"1":2,"2":2,"3":2,"4":2,"5":2,"6":2,"7":2,"8":2,"9":2},"f":{},"b":{},"_coverageSchema":"1a1c01bbd47fc00a2c39e90264f33305004495a9","hash":"17d5ae13590a2d4e7eaa67d8825fa406eb140705"}
,"/Users/nickolasdarselio/Documents/HACKTIV8 BSD/3 PHASE/finalproject/server/routers/favorite.js": {"path":"/Users/nickolasdarselio/Documents/HACKTIV8 BSD/3 PHASE/finalproject/server/routers/favorite.js","statementMap":{"0":{"start":{"line":1,"column":16},"end":{"line":1,"column":34}},"1":{"start":{"line":2,"column":15},"end":{"line":2,"column":31}},"2":{"start":{"line":3,"column":27},"end":{"line":3,"column":71}},"3":{"start":{"line":5,"column":0},"end":{"line":5,"column":56}},"4":{"start":{"line":6,"column":0},"end":{"line":6,"column":60}},"5":{"start":{"line":7,"column":0},"end":{"line":7,"column":65}},"6":{"start":{"line":10,"column":0},"end":{"line":10,"column":23}}},"fnMap":{},"branchMap":{},"s":{"0":2,"1":2,"2":2,"3":2,"4":2,"5":2,"6":2},"f":{},"b":{},"_coverageSchema":"1a1c01bbd47fc00a2c39e90264f33305004495a9","hash":"240df24f6dfe47f74b26d8b6c1d905fe9ffbecea"}
,"/Users/nickolasdarselio/Documents/HACKTIV8 BSD/3 PHASE/finalproject/server/routers/index.js": {"path":"/Users/nickolasdarselio/Documents/HACKTIV8 BSD/3 PHASE/finalproject/server/routers/index.js","statementMap":{"0":{"start":{"line":1,"column":16},"end":{"line":1,"column":34}},"1":{"start":{"line":2,"column":15},"end":{"line":2,"column":31}},"2":{"start":{"line":3,"column":19},"end":{"line":3,"column":37}},"3":{"start":{"line":4,"column":23},"end":{"line":4,"column":46}},"4":{"start":{"line":5,"column":20},"end":{"line":5,"column":38}},"5":{"start":{"line":6,"column":19},"end":{"line":6,"column":36}},"6":{"start":{"line":7,"column":23},"end":{"line":7,"column":44}},"7":{"start":{"line":8,"column":20},"end":{"line":8,"column":38}},"8":{"start":{"line":9,"column":27},"end":{"line":9,"column":67}},"9":{"start":{"line":11,"column":0},"end":{"line":11,"column":22}},"10":{"start":{"line":12,"column":0},"end":{"line":12,"column":26}},"11":{"start":{"line":13,"column":0},"end":{"line":13,"column":23}},"12":{"start":{"line":14,"column":0},"end":{"line":14,"column":23}},"13":{"start":{"line":15,"column":0},"end":{"line":15,"column":26}},"14":{"start":{"line":16,"column":0},"end":{"line":16,"column":22}},"15":{"start":{"line":17,"column":0},"end":{"line":17,"column":26}},"16":{"start":{"line":19,"column":0},"end":{"line":19,"column":23}}},"fnMap":{},"branchMap":{},"s":{"0":2,"1":2,"2":2,"3":2,"4":2,"5":2,"6":2,"7":2,"8":2,"9":2,"10":2,"11":2,"12":2,"13":2,"14":2,"15":2,"16":2},"f":{},"b":{},"_coverageSchema":"1a1c01bbd47fc00a2c39e90264f33305004495a9","hash":"6dd4a4e205d9542eb08c492fb54618eee99c716d"}
,"/Users/nickolasdarselio/Documents/HACKTIV8 BSD/3 PHASE/finalproject/server/routers/store.js": {"path":"/Users/nickolasdarselio/Documents/HACKTIV8 BSD/3 PHASE/finalproject/server/routers/store.js","statementMap":{"0":{"start":{"line":1,"column":16},"end":{"line":1,"column":34}},"1":{"start":{"line":2,"column":15},"end":{"line":2,"column":31}},"2":{"start":{"line":3,"column":24},"end":{"line":3,"column":65}},"3":{"start":{"line":4,"column":26},"end":{"line":4,"column":65}},"4":{"start":{"line":6,"column":0},"end":{"line":6,"column":47}},"5":{"start":{"line":7,"column":0},"end":{"line":7,"column":65}},"6":{"start":{"line":8,"column":0},"end":{"line":8,"column":71}},"7":{"start":{"line":10,"column":0},"end":{"line":10,"column":23}}},"fnMap":{},"branchMap":{},"s":{"0":2,"1":2,"2":2,"3":2,"4":2,"5":2,"6":2,"7":2},"f":{},"b":{},"_coverageSchema":"1a1c01bbd47fc00a2c39e90264f33305004495a9","hash":"842dae327677f87520d5ef1d26b9aee7596ca731"}
,"/Users/nickolasdarselio/Documents/HACKTIV8 BSD/3 PHASE/finalproject/server/routers/users.js": {"path":"/Users/nickolasdarselio/Documents/HACKTIV8 BSD/3 PHASE/finalproject/server/routers/users.js","statementMap":{"0":{"start":{"line":1,"column":16},"end":{"line":1,"column":34}},"1":{"start":{"line":2,"column":15},"end":{"line":2,"column":31}},"2":{"start":{"line":3,"column":23},"end":{"line":3,"column":63}},"3":{"start":{"line":5,"column":0},"end":{"line":5,"column":53}},"4":{"start":{"line":6,"column":0},"end":{"line":6,"column":48}},"5":{"start":{"line":8,"column":0},"end":{"line":8,"column":23}}},"fnMap":{},"branchMap":{},"s":{"0":2,"1":2,"2":2,"3":2,"4":2,"5":2},"f":{},"b":{},"_coverageSchema":"1a1c01bbd47fc00a2c39e90264f33305004495a9","hash":"ad2f2083e6faa55b9e186d1f3e8e96d53d7c22fe"}
}
