TN:
SF:app.js
FNF:0
FNH:0
DA:1,6
DA:2,6
DA:5,6
DA:6,6
DA:7,6
DA:8,6
DA:9,6
DA:10,6
DA:12,6
DA:13,6
DA:14,6
DA:15,6
DA:16,6
DA:22,6
LF:14
LH:14
BRDA:1,0,0,6
BRDA:1,0,1,0
BRDA:7,1,0,6
BRDA:7,1,1,0
BRF:4
BRH:2
end_of_record
TN:
SF:controllers/categoryController.js
FN:5,(anonymous_0)
FN:17,(anonymous_1)
FN:36,(anonymous_2)
FNF:3
FNH:3
FNDA:1,(anonymous_0)
FNDA:2,(anonymous_1)
FNDA:2,(anonymous_2)
DA:1,6
DA:6,1
DA:7,1
DA:8,1
DA:13,0
DA:18,2
DA:19,2
DA:21,2
DA:22,1
DA:25,1
DA:29,1
DA:32,1
DA:37,2
DA:38,2
DA:40,2
DA:46,2
DA:47,1
DA:49,1
DA:54,1
DA:59,6
LF:20
LH:19
BRDA:21,0,0,1
BRDA:21,0,1,1
BRDA:46,1,0,1
BRDA:46,1,1,1
BRF:4
BRH:4
end_of_record
TN:
SF:controllers/dressController.js
FN:11,(anonymous_0)
FN:76,(anonymous_1)
FN:97,(anonymous_2)
FN:142,(anonymous_3)
FN:198,(anonymous_4)
FNF:5
FNH:5
FNDA:4,(anonymous_0)
FNDA:2,(anonymous_1)
FNDA:2,(anonymous_2)
FNDA:2,(anonymous_3)
FNDA:2,(anonymous_4)
DA:1,6
DA:2,6
DA:3,6
DA:4,6
DA:6,6
DA:8,6
DA:12,4
DA:13,4
DA:15,4
DA:16,3
DA:17,3
DA:20,1
DA:21,1
DA:23,1
DA:24,0
DA:27,1
DA:28,0
DA:31,1
DA:32,0
DA:35,1
DA:36,0
DA:39,1
DA:40,1
DA:42,1
DA:43,0
DA:46,1
DA:57,1
DA:64,1
DA:65,0
DA:68,1
DA:70,1
DA:72,0
DA:77,2
DA:78,2
DA:79,2
DA:86,2
DA:87,1
DA:90,1
DA:93,1
DA:98,2
DA:99,2
DA:100,2
DA:102,2
DA:112,2
DA:113,1
DA:117,1
DA:132,1
DA:133,1
DA:134,1
DA:136,1
DA:137,1
DA:138,1
DA:143,2
DA:144,2
DA:145,2
DA:146,2
DA:148,2
DA:161,2
DA:162,1
DA:165,1
DA:172,1
DA:186,1
DA:187,1
DA:188,1
DA:192,1
DA:194,1
DA:199,2
DA:200,2
DA:202,2
DA:203,2
DA:210,2
DA:211,1
DA:214,1
DA:215,1
DA:216,1
DA:221,1
DA:223,1
DA:228,6
LF:78
LH:71
BRDA:15,0,0,3
BRDA:15,0,1,1
BRDA:23,1,0,0
BRDA:23,1,1,1
BRDA:27,2,0,0
BRDA:27,2,1,1
BRDA:31,3,0,0
BRDA:31,3,1,1
BRDA:35,4,0,0
BRDA:35,4,1,1
BRDA:39,5,0,0
BRDA:39,5,1,1
BRDA:40,6,0,0
BRDA:40,6,1,1
BRDA:42,7,0,0
BRDA:42,7,1,1
BRDA:42,8,0,1
BRDA:42,8,1,1
BRDA:64,9,0,0
BRDA:64,9,1,1
BRDA:86,10,0,1
BRDA:86,10,1,1
BRDA:112,11,0,1
BRDA:112,11,1,1
BRDA:112,12,0,2
BRDA:112,12,1,2
BRDA:112,12,2,2
BRDA:161,13,0,1
BRDA:161,13,1,1
BRDA:210,14,0,1
BRDA:210,14,1,1
BRF:31
BRH:23
end_of_record
TN:
SF:controllers/favoriteController.js
FN:4,(anonymous_0)
FN:21,(anonymous_1)
FN:43,(anonymous_2)
FNF:3
FNH:3
FNDA:1,(anonymous_0)
FNDA:1,(anonymous_1)
FNDA:2,(anonymous_2)
DA:1,6
DA:5,1
DA:6,1
DA:12,1
DA:17,0
DA:22,1
DA:23,1
DA:25,1
DA:37,1
DA:39,0
DA:44,2
DA:45,2
DA:48,2
DA:54,2
DA:55,1
DA:58,1
DA:63,1
DA:68,6
LF:18
LH:16
BRDA:54,0,0,1
BRDA:54,0,1,1
BRF:2
BRH:2
end_of_record
TN:
SF:controllers/googleMapsController.js
FN:8,(anonymous_0)
FN:13,(anonymous_1)
FN:24,(anonymous_2)
FN:41,(anonymous_3)
FNF:4
FNH:3
FNDA:120,(anonymous_0)
FNDA:360,(anonymous_1)
FNDA:1,(anonymous_2)
FNDA:0,(anonymous_3)
DA:1,6
DA:2,6
DA:3,6
DA:4,6
DA:5,6
DA:6,6
DA:7,6
DA:8,6
DA:9,120
DA:10,120
DA:12,6
DA:13,6
DA:14,360
DA:15,360
DA:18,6
DA:20,6
DA:25,1
DA:26,1
DA:27,1
DA:29,1
DA:30,1
DA:31,1
DA:33,0
DA:41,0
DA:43,0
DA:58,0
DA:63,0
DA:64,0
DA:68,0
DA:69,0
DA:72,0
DA:134,6
LF:32
LH:23
BRDA:29,0,0,1
BRDA:29,0,1,0
BRF:2
BRH:1
end_of_record
TN:
SF:controllers/paymentController.js
FN:4,(anonymous_0)
FN:40,(anonymous_1)
FN:55,(anonymous_2)
FN:56,(anonymous_3)
FN:61,(anonymous_4)
FN:72,(anonymous_5)
FNF:6
FNH:0
FNDA:0,(anonymous_0)
FNDA:0,(anonymous_1)
FNDA:0,(anonymous_2)
FNDA:0,(anonymous_3)
FNDA:0,(anonymous_4)
FNDA:0,(anonymous_5)
DA:1,6
DA:5,0
DA:7,0
DA:8,0
DA:9,0
DA:15,0
DA:17,0
DA:36,0
DA:37,0
DA:40,0
DA:41,0
DA:44,0
DA:55,0
DA:59,0
DA:63,0
DA:68,0
DA:73,0
DA:74,0
DA:75,0
DA:76,0
DA:78,0
DA:83,6
LF:22
LH:2
BRF:0
BRH:0
end_of_record
TN:
SF:controllers/storeController.js
FN:3,(anonymous_0)
FN:15,(anonymous_1)
FN:35,(anonymous_2)
FN:59,(anonymous_3)
FNF:4
FNH:4
FNDA:1,(anonymous_0)
FNDA:2,(anonymous_1)
FNDA:2,(anonymous_2)
FNDA:2,(anonymous_3)
DA:1,6
DA:4,1
DA:5,1
DA:6,1
DA:11,0
DA:16,2
DA:17,2
DA:18,2
DA:24,2
DA:25,1
DA:28,1
DA:30,1
DA:31,1
DA:36,2
DA:37,2
DA:39,2
DA:40,1
DA:43,1
DA:52,1
DA:55,1
DA:60,2
DA:61,2
DA:62,2
DA:67,2
DA:68,1
DA:70,1
DA:75,1
DA:80,6
LF:28
LH:27
BRDA:24,0,0,1
BRDA:24,0,1,1
BRDA:39,1,0,1
BRDA:39,1,1,1
BRDA:39,2,0,2
BRDA:39,2,1,1
BRDA:39,2,2,1
BRDA:67,3,0,1
BRDA:67,3,1,1
BRF:9
BRH:9
end_of_record
TN:
SF:controllers/userController.js
FN:6,(anonymous_0)
FN:29,(anonymous_1)
FNF:2
FNH:2
FNDA:5,(anonymous_0)
FNDA:3,(anonymous_1)
DA:1,6
DA:2,6
DA:3,6
DA:7,5
DA:8,5
DA:11,5
DA:19,1
DA:25,4
DA:30,3
DA:31,3
DA:33,3
DA:34,1
DA:37,2
DA:43,2
DA:44,1
DA:47,1
DA:48,1
DA:49,0
DA:52,1
DA:59,1
DA:67,2
DA:73,6
LF:22
LH:21
BRDA:33,0,0,1
BRDA:33,0,1,2
BRDA:33,1,0,3
BRDA:33,1,1,2
BRDA:43,2,0,1
BRDA:43,2,1,1
BRDA:48,3,0,0
BRDA:48,3,1,1
BRF:8
BRH:7
end_of_record
TN:
SF:helpers/bcrypt.js
FN:4,hashPassword
FN:8,comparePassword
FNF:2
FNH:2
FNDA:22,hashPassword
FNDA:1,comparePassword
DA:1,6
DA:2,6
DA:5,22
DA:9,1
DA:12,6
LF:5
LH:5
BRF:0
BRH:0
end_of_record
TN:
SF:helpers/jwt.js
FN:4,createToken
FN:8,verifyToken
FNF:2
FNH:2
FNDA:1,createToken
FNDA:20,verifyToken
DA:1,6
DA:2,6
DA:5,1
DA:9,20
DA:12,6
LF:5
LH:5
BRF:0
BRH:0
end_of_record
TN:
SF:helpers/pagination.js
FN:1,(anonymous_0)
FNF:1
FNH:1
FNDA:1,(anonymous_0)
DA:1,6
DA:2,1
DA:3,1
DA:4,1
DA:5,1
DA:6,1
DA:7,1
DA:18,1
DA:21,6
LF:9
LH:9
BRDA:5,0,0,1
BRDA:5,0,1,0
BRDA:6,1,0,0
BRDA:6,1,1,1
BRF:4
BRH:2
end_of_record
TN:
SF:lib/createCategory.js
FN:4,CreateCategory
FNF:1
FNH:1
FNDA:3,CreateCategory
DA:1,3
DA:2,3
DA:13,3
DA:17,3
LF:4
LH:4
BRF:0
BRH:0
end_of_record
TN:
SF:lib/createDress.js
FN:4,CreateDress
FNF:1
FNH:1
FNDA:2,CreateDress
DA:1,2
DA:2,2
DA:26,2
DA:30,2
LF:4
LH:4
BRF:0
BRH:0
end_of_record
TN:
SF:lib/createFavorite.js
FN:4,CreateFavorite
FNF:1
FNH:1
FNDA:1,CreateFavorite
DA:1,1
DA:2,1
DA:14,1
DA:18,1
LF:4
LH:4
BRF:0
BRH:0
end_of_record
TN:
SF:lib/createStore.js
FN:4,CreateStore
FNF:1
FNH:1
FNDA:3,CreateStore
DA:1,3
DA:2,3
DA:12,3
DA:16,3
LF:4
LH:4
BRF:0
BRH:0
end_of_record
TN:
SF:lib/createUser.js
FN:4,(anonymous_0)
FN:8,CreateUser
FNF:2
FNH:2
FNDA:20,(anonymous_0)
FNDA:5,CreateUser
DA:1,5
DA:2,5
DA:3,5
DA:4,5
DA:5,20
DA:18,5
DA:22,5
LF:7
LH:7
BRF:0
BRH:0
end_of_record
TN:
SF:lib/deleteCategory.js
FN:3,DeleteCategory
FNF:1
FNH:1
FNDA:3,DeleteCategory
DA:1,3
DA:14,3
DA:21,3
LF:3
LH:3
BRF:0
BRH:0
end_of_record
TN:
SF:lib/deleteDress.js
FN:3,DeleteDress
FNF:1
FNH:1
FNDA:2,DeleteDress
DA:1,2
DA:14,2
DA:21,2
LF:3
LH:3
BRF:0
BRH:0
end_of_record
TN:
SF:lib/deleteFavorite.js
FN:3,DeleteFavorite
FNF:1
FNH:1
FNDA:1,DeleteFavorite
DA:1,1
DA:14,1
DA:21,1
LF:3
LH:3
BRF:0
BRH:0
end_of_record
TN:
SF:lib/deleteStore.js
FN:3,DeleteStore
FNF:1
FNH:1
FNDA:3,DeleteStore
DA:1,3
DA:14,3
DA:21,3
LF:3
LH:3
BRF:0
BRH:0
end_of_record
TN:
SF:lib/deleteUser.js
FN:3,DeleteUser
FNF:1
FNH:1
FNDA:5,DeleteUser
DA:1,5
DA:14,5
DA:21,5
LF:3
LH:3
BRF:0
BRH:0
end_of_record
TN:
SF:middlewares/authentication.js
FN:4,(anonymous_0)
FNF:1
FNH:1
FNDA:6,(anonymous_0)
DA:1,6
DA:2,6
DA:4,6
DA:5,6
DA:6,6
DA:8,6
DA:9,1
DA:12,5
DA:13,4
DA:14,0
DA:19,4
DA:25,4
DA:31,4
DA:34,2
DA:38,6
LF:15
LH:14
BRDA:8,0,0,1
BRDA:8,0,1,5
BRDA:13,1,0,0
BRDA:13,1,1,4
BRF:4
BRH:3
end_of_record
TN:
SF:middlewares/authorization.js
FN:4,(anonymous_0)
FNF:1
FNH:1
FNDA:16,(anonymous_0)
DA:1,6
DA:2,6
DA:4,6
DA:5,16
DA:7,16
DA:8,1
DA:11,15
DA:14,15
DA:15,1
DA:17,14
DA:23,2
DA:27,6
LF:12
LH:12
BRDA:7,0,0,1
BRDA:7,0,1,15
BRDA:14,1,0,1
BRDA:14,1,1,14
BRF:4
BRH:4
end_of_record
TN:
SF:middlewares/errorHandler.js
FN:1,(anonymous_0)
FNF:1
FNH:1
FNDA:20,(anonymous_0)
DA:1,6
DA:2,20
DA:3,3
DA:4,17
DA:5,1
DA:8,16
DA:9,2
DA:12,14
DA:13,1
DA:16,13
DA:17,1
DA:20,12
DA:21,4
DA:24,8
DA:25,0
DA:28,8
DA:29,0
DA:32,8
DA:33,2
DA:36,6
DA:37,2
DA:40,4
DA:41,0
DA:44,4
DA:45,1
DA:48,3
DA:49,1
DA:52,2
DA:53,2
DA:57,0
DA:63,6
LF:31
LH:27
BRDA:2,0,0,3
BRDA:2,0,1,17
BRDA:4,1,0,1
BRDA:4,1,1,16
BRDA:8,2,0,2
BRDA:8,2,1,14
BRDA:12,3,0,1
BRDA:12,3,1,13
BRDA:16,4,0,1
BRDA:16,4,1,12
BRDA:20,5,0,4
BRDA:20,5,1,8
BRDA:24,6,0,0
BRDA:24,6,1,8
BRDA:28,7,0,0
BRDA:28,7,1,8
BRDA:32,8,0,2
BRDA:32,8,1,6
BRDA:36,9,0,2
BRDA:36,9,1,4
BRDA:40,10,0,0
BRDA:40,10,1,4
BRDA:44,11,0,1
BRDA:44,11,1,3
BRDA:48,12,0,1
BRDA:48,12,1,2
BRDA:52,13,0,2
BRDA:52,13,1,0
BRF:28
BRH:24
end_of_record
TN:
SF:models/category.js
FN:5,(anonymous_0)
FN:12,(anonymous_1)
FNF:2
FNH:2
FNDA:6,(anonymous_0)
FNDA:6,(anonymous_1)
DA:4,6
DA:5,6
DA:13,6
DA:16,6
DA:33,6
LF:5
LH:5
BRF:0
BRH:0
end_of_record
TN:
SF:models/dress.js
FN:5,(anonymous_0)
FN:12,(anonymous_1)
FNF:2
FNH:2
FNDA:6,(anonymous_0)
FNDA:6,(anonymous_1)
DA:4,6
DA:5,6
DA:13,6
DA:14,6
DA:20,6
DA:21,6
DA:23,6
DA:26,6
DA:102,6
LF:9
LH:9
BRF:0
BRH:0
end_of_record
TN:
SF:models/favorite.js
FN:5,(anonymous_0)
FN:12,(anonymous_1)
FNF:2
FNH:2
FNDA:6,(anonymous_0)
FNDA:6,(anonymous_1)
DA:4,6
DA:5,6
DA:13,6
DA:14,6
DA:17,6
DA:24,6
LF:6
LH:6
BRF:0
BRH:0
end_of_record
TN:
SF:models/image.js
FN:5,(anonymous_0)
FN:12,(anonymous_1)
FNF:2
FNH:2
FNDA:6,(anonymous_0)
FNDA:6,(anonymous_1)
DA:4,6
DA:5,6
DA:13,6
DA:16,6
DA:34,6
LF:5
LH:5
BRF:0
BRH:0
end_of_record
TN:
SF:models/index.js
FN:21,(anonymous_0)
FN:29,(anonymous_1)
FN:34,(anonymous_2)
FNF:3
FNH:3
FNDA:42,(anonymous_0)
FNDA:36,(anonymous_1)
FNDA:36,(anonymous_2)
DA:3,6
DA:4,6
DA:5,6
DA:6,6
DA:7,6
DA:8,6
DA:9,6
DA:10,6
DA:13,6
DA:14,0
DA:16,6
DA:19,6
DA:22,42
DA:30,36
DA:31,36
DA:34,6
DA:35,36
DA:36,36
DA:40,6
DA:41,6
DA:43,6
LF:21
LH:20
BRDA:8,0,0,6
BRDA:8,0,1,0
BRDA:13,1,0,0
BRDA:13,1,1,6
BRDA:23,2,0,42
BRDA:23,2,1,42
BRDA:23,2,2,36
BRDA:23,2,3,36
BRDA:35,3,0,36
BRDA:35,3,1,0
BRF:10
BRH:7
end_of_record
TN:
SF:models/store.js
FN:5,(anonymous_0)
FN:12,(anonymous_1)
FN:57,(anonymous_2)
FNF:3
FNH:3
FNDA:6,(anonymous_0)
FNDA:6,(anonymous_1)
FNDA:1,(anonymous_2)
DA:4,6
DA:5,6
DA:13,6
DA:16,6
DA:57,6
DA:58,1
DA:60,6
LF:7
LH:7
BRF:0
BRH:0
end_of_record
TN:
SF:models/user.js
FN:6,(anonymous_0)
FN:13,(anonymous_1)
FN:107,(anonymous_2)
FNF:3
FNH:3
FNDA:6,(anonymous_0)
FNDA:6,(anonymous_1)
FNDA:2,(anonymous_2)
DA:4,6
DA:5,6
DA:6,6
DA:14,6
DA:16,6
DA:23,6
DA:107,6
DA:108,2
DA:110,6
LF:9
LH:9
BRF:0
BRH:0
end_of_record
TN:
SF:routers/categories.js
FNF:0
FNH:0
DA:1,6
DA:2,6
DA:3,6
DA:4,6
DA:6,6
DA:7,6
DA:8,6
DA:10,6
LF:8
LH:8
BRF:0
BRH:0
end_of_record
TN:
SF:routers/dress.js
FNF:0
FNH:0
DA:1,6
DA:2,6
DA:3,6
DA:4,6
DA:6,6
DA:7,6
DA:8,6
DA:9,6
DA:10,6
DA:14,6
LF:10
LH:10
BRF:0
BRH:0
end_of_record
TN:
SF:routers/favorite.js
FNF:0
FNH:0
DA:1,6
DA:2,6
DA:3,6
DA:5,6
DA:6,6
DA:7,6
DA:10,6
LF:7
LH:7
BRF:0
BRH:0
end_of_record
TN:
SF:routers/googleMaps.js
FNF:0
FNH:0
DA:1,6
DA:2,6
DA:3,6
DA:5,6
DA:11,6
LF:5
LH:5
BRF:0
BRH:0
end_of_record
TN:
SF:routers/index.js
FNF:0
FNH:0
DA:1,6
DA:2,6
DA:3,6
DA:4,6
DA:5,6
DA:6,6
DA:7,6
DA:8,6
DA:9,6
DA:10,6
DA:12,6
DA:13,6
DA:14,6
DA:15,6
DA:16,6
DA:17,6
DA:18,6
DA:19,6
DA:21,6
LF:19
LH:19
BRF:0
BRH:0
end_of_record
TN:
SF:routers/payment.js
FNF:0
FNH:0
DA:1,6
DA:2,6
DA:3,6
DA:5,6
DA:6,6
DA:8,6
LF:6
LH:6
BRF:0
BRH:0
end_of_record
TN:
SF:routers/store.js
FNF:0
FNH:0
DA:1,6
DA:2,6
DA:3,6
DA:4,6
DA:6,6
DA:7,6
DA:8,6
DA:9,6
DA:11,6
LF:9
LH:9
BRF:0
BRH:0
end_of_record
TN:
SF:routers/users.js
FNF:0
FNH:0
DA:1,6
DA:2,6
DA:3,6
DA:5,6
DA:6,6
DA:8,6
LF:6
LH:6
BRF:0
BRH:0
end_of_record
