TN:
SF:app.js
FNF:0
FNH:0
DA:1,5
DA:2,5
DA:5,5
DA:6,5
DA:7,5
DA:8,5
DA:9,5
DA:10,5
DA:12,5
DA:13,5
DA:14,5
DA:15,5
DA:16,5
DA:22,5
LF:14
LH:14
BRDA:1,0,0,5
BRDA:1,0,1,0
BRDA:7,1,0,5
BRDA:7,1,1,0
BRF:4
BRH:2
end_of_record
TN:
SF:controllers/categoryController.js
FN:5,(anonymous_0)
FN:17,(anonymous_1)
FN:36,(anonymous_2)
FNF:3
FNH:3
FNDA:1,(anonymous_0)
FNDA:2,(anonymous_1)
FNDA:2,(anonymous_2)
DA:1,5
DA:6,1
DA:7,1
DA:8,1
DA:12,0
DA:13,0
DA:18,2
DA:19,2
DA:21,2
DA:22,1
DA:25,1
DA:29,1
DA:31,1
DA:32,1
DA:37,2
DA:38,2
DA:40,2
DA:46,2
DA:47,1
DA:49,1
DA:53,1
DA:54,1
DA:59,5
LF:23
LH:21
BRDA:21,0,0,1
BRDA:21,0,1,1
BRDA:46,1,0,1
BRDA:46,1,1,1
BRF:4
BRH:4
end_of_record
TN:
SF:controllers/dressController.js
FN:7,(anonymous_0)
FN:60,(anonymous_1)
FN:81,(anonymous_2)
FN:125,(anonymous_3)
FN:180,(anonymous_4)
FNF:5
FNH:1
FNDA:1,(anonymous_0)
FNDA:0,(anonymous_1)
FNDA:0,(anonymous_2)
FNDA:0,(anonymous_3)
FNDA:0,(anonymous_4)
DA:1,5
DA:2,5
DA:3,5
DA:4,5
DA:8,1
DA:9,1
DA:10,1
DA:12,1
DA:13,0
DA:16,1
DA:17,0
DA:20,1
DA:21,0
DA:24,1
DA:25,1
DA:27,1
DA:28,0
DA:31,1
DA:42,1
DA:49,1
DA:50,1
DA:53,0
DA:55,1
DA:56,1
DA:61,0
DA:62,0
DA:63,0
DA:70,0
DA:71,0
DA:74,0
DA:76,0
DA:77,0
DA:82,0
DA:83,0
DA:84,0
DA:85,0
DA:86,0
DA:89,0
DA:99,0
DA:101,0
DA:116,0
DA:117,0
DA:119,0
DA:120,0
DA:121,0
DA:126,0
DA:127,0
DA:128,0
DA:129,0
DA:131,0
DA:144,0
DA:145,0
DA:148,0
DA:155,0
DA:169,0
DA:170,0
DA:174,0
DA:175,0
DA:176,0
DA:181,0
DA:182,0
DA:183,0
DA:184,0
DA:185,0
DA:192,0
DA:193,0
DA:196,0
DA:197,0
DA:202,0
DA:203,0
DA:204,0
DA:209,5
LF:72
LH:20
BRDA:12,0,0,0
BRDA:12,0,1,1
BRDA:16,1,0,0
BRDA:16,1,1,1
BRDA:20,2,0,0
BRDA:20,2,1,1
BRDA:24,3,0,0
BRDA:24,3,1,1
BRDA:25,4,0,0
BRDA:25,4,1,1
BRDA:27,5,0,0
BRDA:27,5,1,1
BRDA:27,6,0,1
BRDA:27,6,1,1
BRDA:49,7,0,1
BRDA:49,7,1,0
BRDA:70,8,0,0
BRDA:70,8,1,0
BRDA:85,9,0,0
BRDA:85,9,1,0
BRDA:85,10,0,0
BRDA:85,10,1,0
BRDA:85,10,2,0
BRDA:144,11,0,0
BRDA:144,11,1,0
BRDA:192,12,0,0
BRDA:192,12,1,0
BRF:27
BRH:9
end_of_record
TN:
SF:controllers/favoriteController.js
FN:4,(anonymous_0)
FN:21,(anonymous_1)
FN:48,(anonymous_2)
FNF:3
FNH:1
FNDA:1,(anonymous_0)
FNDA:0,(anonymous_1)
FNDA:0,(anonymous_2)
DA:1,5
DA:5,1
DA:6,1
DA:12,1
DA:16,0
DA:17,0
DA:22,0
DA:23,0
DA:25,0
DA:38,0
DA:39,0
DA:41,0
DA:42,0
DA:49,0
DA:50,0
DA:56,0
DA:57,0
DA:60,0
DA:64,0
DA:65,0
DA:70,5
LF:21
LH:5
BRDA:38,0,0,0
BRDA:38,0,1,0
BRDA:56,1,0,0
BRDA:56,1,1,0
BRF:4
BRH:0
end_of_record
TN:
SF:controllers/storeController.js
FN:3,(anonymous_0)
FN:15,(anonymous_1)
FN:34,(anonymous_2)
FN:56,(anonymous_3)
FNF:4
FNH:4
FNDA:1,(anonymous_0)
FNDA:2,(anonymous_1)
FNDA:2,(anonymous_2)
FNDA:2,(anonymous_3)
DA:1,5
DA:4,1
DA:5,1
DA:6,1
DA:10,0
DA:11,0
DA:16,2
DA:17,2
DA:18,2
DA:23,2
DA:24,1
DA:27,1
DA:29,1
DA:30,1
DA:35,2
DA:36,2
DA:38,2
DA:39,1
DA:42,1
DA:49,1
DA:51,1
DA:52,1
DA:57,2
DA:58,2
DA:59,2
DA:64,2
DA:65,1
DA:67,1
DA:71,1
DA:72,1
DA:77,5
LF:31
LH:29
BRDA:23,0,0,1
BRDA:23,0,1,1
BRDA:38,1,0,1
BRDA:38,1,1,1
BRDA:38,2,0,2
BRDA:38,2,1,1
BRDA:38,2,2,1
BRDA:64,3,0,1
BRDA:64,3,1,1
BRF:9
BRH:9
end_of_record
TN:
SF:controllers/userController.js
FN:6,(anonymous_0)
FN:29,(anonymous_1)
FNF:2
FNH:2
FNDA:5,(anonymous_0)
FNDA:3,(anonymous_1)
DA:1,5
DA:2,5
DA:3,5
DA:7,5
DA:8,5
DA:9,5
DA:11,5
DA:19,1
DA:24,4
DA:25,4
DA:30,3
DA:31,3
DA:33,3
DA:34,1
DA:37,2
DA:43,2
DA:44,1
DA:47,1
DA:48,1
DA:49,0
DA:52,1
DA:59,1
DA:66,2
DA:67,2
DA:73,5
LF:25
LH:24
BRDA:33,0,0,1
BRDA:33,0,1,2
BRDA:33,1,0,3
BRDA:33,1,1,2
BRDA:43,2,0,1
BRDA:43,2,1,1
BRDA:48,3,0,0
BRDA:48,3,1,1
BRF:8
BRH:7
end_of_record
TN:
SF:helpers/bcrypt.js
FN:4,hashPassword
FN:8,comparePassword
FNF:2
FNH:2
FNDA:22,hashPassword
FNDA:1,comparePassword
DA:1,5
DA:2,5
DA:5,22
DA:9,1
DA:12,5
LF:5
LH:5
BRF:0
BRH:0
end_of_record
TN:
SF:helpers/jwt.js
FN:4,createToken
FN:8,verifyToken
FNF:2
FNH:2
FNDA:1,createToken
FNDA:10,verifyToken
DA:1,5
DA:2,5
DA:5,1
DA:9,10
DA:12,5
LF:5
LH:5
BRF:0
BRH:0
end_of_record
TN:
SF:helpers/pagination.js
FN:1,(anonymous_0)
FNF:1
FNH:1
FNDA:1,(anonymous_0)
DA:1,5
DA:2,1
DA:3,1
DA:4,1
DA:5,1
DA:6,1
DA:7,1
DA:18,1
DA:21,5
LF:9
LH:9
BRDA:5,0,0,1
BRDA:5,0,1,0
BRDA:6,1,0,0
BRDA:6,1,1,1
BRF:4
BRH:2
end_of_record
TN:
SF:lib/createCategory.js
FN:4,CreateCategory
FNF:1
FNH:1
FNDA:3,CreateCategory
DA:1,3
DA:2,3
DA:13,3
DA:17,3
LF:4
LH:4
BRF:0
BRH:0
end_of_record
TN:
SF:lib/createDress.js
FN:4,CreateDress
FNF:1
FNH:1
FNDA:2,CreateDress
DA:1,2
DA:2,2
DA:13,2
DA:17,2
LF:4
LH:4
BRF:0
BRH:0
end_of_record
TN:
SF:lib/createFavorite.js
FN:4,CreateFavorite
FNF:1
FNH:1
FNDA:1,CreateFavorite
DA:1,1
DA:2,1
DA:13,1
DA:17,1
LF:4
LH:4
BRF:0
BRH:0
end_of_record
TN:
SF:lib/createStore.js
FN:4,CreateStore
FNF:1
FNH:1
FNDA:3,CreateStore
DA:1,3
DA:2,3
DA:12,3
DA:16,3
LF:4
LH:4
BRF:0
BRH:0
end_of_record
TN:
SF:lib/createUser.js
FN:4,(anonymous_0)
FN:8,CreateUser
FNF:2
FNH:2
FNDA:20,(anonymous_0)
FNDA:5,CreateUser
DA:1,5
DA:2,5
DA:3,5
DA:4,5
DA:5,20
DA:18,5
DA:22,5
LF:7
LH:7
BRF:0
BRH:0
end_of_record
TN:
SF:lib/deleteCategory.js
FN:3,DeleteCategory
FNF:1
FNH:1
FNDA:3,DeleteCategory
DA:1,3
DA:14,3
DA:21,3
LF:3
LH:3
BRF:0
BRH:0
end_of_record
TN:
SF:lib/deleteDress.js
FN:3,DeleteDress
FNF:1
FNH:1
FNDA:2,DeleteDress
DA:1,2
DA:14,2
DA:21,2
LF:3
LH:3
BRF:0
BRH:0
end_of_record
TN:
SF:lib/deleteFavorite.js
FN:3,DeleteFavorite
FNF:1
FNH:1
FNDA:1,DeleteFavorite
DA:1,1
DA:14,1
DA:21,1
LF:3
LH:3
BRF:0
BRH:0
end_of_record
TN:
SF:lib/deleteStore.js
FN:3,DeleteStore
FNF:1
FNH:1
FNDA:3,DeleteStore
DA:1,3
DA:14,3
DA:21,3
LF:3
LH:3
BRF:0
BRH:0
end_of_record
TN:
SF:lib/deleteUser.js
FN:3,DeleteUser
FNF:1
FNH:1
FNDA:5,DeleteUser
DA:1,5
DA:14,5
DA:21,5
LF:3
LH:3
BRF:0
BRH:0
end_of_record
TN:
SF:middlewares/authentication.js
FN:4,(anonymous_0)
FNF:1
FNH:1
FNDA:2,(anonymous_0)
DA:1,5
DA:2,5
DA:4,5
DA:5,2
DA:6,2
DA:7,2
DA:8,2
DA:9,0
DA:12,2
DA:13,1
DA:14,0
DA:19,1
DA:25,1
DA:26,0
DA:31,1
DA:37,1
DA:39,1
DA:40,1
DA:44,5
LF:19
LH:16
BRDA:8,0,0,0
BRDA:8,0,1,2
BRDA:13,1,0,0
BRDA:13,1,1,1
BRDA:25,2,0,0
BRDA:25,2,1,1
BRF:6
BRH:3
end_of_record
TN:
SF:middlewares/authorization.js
FN:4,(anonymous_0)
FNF:1
FNH:1
FNDA:8,(anonymous_0)
DA:1,5
DA:2,5
DA:4,5
DA:5,8
DA:6,8
DA:7,8
DA:8,0
DA:11,8
DA:12,8
DA:14,8
DA:15,0
DA:17,8
DA:21,0
DA:23,0
DA:27,5
LF:15
LH:11
BRDA:7,0,0,0
BRDA:7,0,1,8
BRDA:14,1,0,0
BRDA:14,1,1,8
BRF:4
BRH:2
end_of_record
TN:
SF:middlewares/errorHandler.js
FN:1,(anonymous_0)
FNF:1
FNH:1
FNDA:13,(anonymous_0)
DA:1,5
DA:2,13
DA:3,3
DA:4,10
DA:5,1
DA:8,9
DA:9,2
DA:12,7
DA:13,1
DA:16,6
DA:17,0
DA:20,6
DA:21,0
DA:24,6
DA:25,0
DA:28,6
DA:29,0
DA:32,6
DA:33,2
DA:36,4
DA:37,0
DA:40,4
DA:41,0
DA:44,4
DA:45,1
DA:48,3
DA:49,2
DA:52,1
DA:53,0
DA:56,1
DA:57,0
DA:60,1
DA:61,0
DA:64,1
DA:65,0
DA:69,1
DA:75,5
LF:37
LH:27
BRDA:2,0,0,3
BRDA:2,0,1,10
BRDA:4,1,0,1
BRDA:4,1,1,9
BRDA:8,2,0,2
BRDA:8,2,1,7
BRDA:12,3,0,1
BRDA:12,3,1,6
BRDA:16,4,0,0
BRDA:16,4,1,6
BRDA:20,5,0,0
BRDA:20,5,1,6
BRDA:24,6,0,0
BRDA:24,6,1,6
BRDA:28,7,0,0
BRDA:28,7,1,6
BRDA:32,8,0,2
BRDA:32,8,1,4
BRDA:36,9,0,0
BRDA:36,9,1,4
BRDA:40,10,0,0
BRDA:40,10,1,4
BRDA:44,11,0,1
BRDA:44,11,1,3
BRDA:48,12,0,2
BRDA:48,12,1,1
BRDA:52,13,0,0
BRDA:52,13,1,1
BRDA:56,14,0,0
BRDA:56,14,1,1
BRDA:60,15,0,0
BRDA:60,15,1,1
BRDA:64,16,0,0
BRDA:64,16,1,1
BRF:34
BRH:24
end_of_record
TN:
SF:models/category.js
FN:5,(anonymous_0)
FN:12,(anonymous_1)
FNF:2
FNH:2
FNDA:5,(anonymous_0)
FNDA:5,(anonymous_1)
DA:4,5
DA:5,5
DA:13,5
DA:16,5
DA:33,5
LF:5
LH:5
BRF:0
BRH:0
end_of_record
TN:
SF:models/dress.js
FN:5,(anonymous_0)
FN:12,(anonymous_1)
FNF:2
FNH:2
FNDA:5,(anonymous_0)
FNDA:5,(anonymous_1)
DA:4,5
DA:5,5
DA:13,5
DA:14,5
DA:20,5
DA:21,5
DA:23,5
DA:26,5
DA:99,5
LF:9
LH:9
BRF:0
BRH:0
end_of_record
TN:
SF:models/favorite.js
FN:5,(anonymous_0)
FN:12,(anonymous_1)
FNF:2
FNH:2
FNDA:5,(anonymous_0)
FNDA:5,(anonymous_1)
DA:4,5
DA:5,5
DA:13,5
DA:14,5
DA:17,5
DA:24,5
LF:6
LH:6
BRF:0
BRH:0
end_of_record
TN:
SF:models/image.js
FN:5,(anonymous_0)
FN:12,(anonymous_1)
FNF:2
FNH:2
FNDA:5,(anonymous_0)
FNDA:5,(anonymous_1)
DA:4,5
DA:5,5
DA:13,5
DA:16,5
DA:34,5
LF:5
LH:5
BRF:0
BRH:0
end_of_record
TN:
SF:models/index.js
FN:21,(anonymous_0)
FN:29,(anonymous_1)
FN:34,(anonymous_2)
FNF:3
FNH:3
FNDA:35,(anonymous_0)
FNDA:30,(anonymous_1)
FNDA:30,(anonymous_2)
DA:3,5
DA:4,5
DA:5,5
DA:6,5
DA:7,5
DA:8,5
DA:9,5
DA:10,5
DA:13,5
DA:14,0
DA:16,5
DA:19,5
DA:22,35
DA:30,30
DA:31,30
DA:34,5
DA:35,30
DA:36,30
DA:40,5
DA:41,5
DA:43,5
LF:21
LH:20
BRDA:8,0,0,5
BRDA:8,0,1,0
BRDA:13,1,0,0
BRDA:13,1,1,5
BRDA:23,2,0,35
BRDA:23,2,1,35
BRDA:23,2,2,30
BRDA:23,2,3,30
BRDA:35,3,0,30
BRDA:35,3,1,0
BRF:10
BRH:7
end_of_record
TN:
SF:models/store.js
FN:5,(anonymous_0)
FN:12,(anonymous_1)
FN:60,(anonymous_2)
FNF:3
FNH:3
FNDA:5,(anonymous_0)
FNDA:5,(anonymous_1)
FNDA:1,(anonymous_2)
DA:4,5
DA:5,5
DA:13,5
DA:16,5
DA:60,5
DA:61,1
DA:63,5
LF:7
LH:7
BRF:0
BRH:0
end_of_record
TN:
SF:models/user.js
FN:6,(anonymous_0)
FN:13,(anonymous_1)
FN:74,(anonymous_2)
FNF:3
FNH:3
FNDA:5,(anonymous_0)
FNDA:5,(anonymous_1)
FNDA:2,(anonymous_2)
DA:4,5
DA:5,5
DA:6,5
DA:14,5
DA:16,5
DA:23,5
DA:74,5
DA:75,2
DA:77,5
LF:9
LH:9
BRF:0
BRH:0
end_of_record
TN:
SF:routers/categories.js
FNF:0
FNH:0
DA:1,5
DA:2,5
DA:3,5
DA:4,5
DA:6,5
DA:7,5
DA:8,5
DA:10,5
LF:8
LH:8
BRF:0
BRH:0
end_of_record
TN:
SF:routers/dress.js
FNF:0
FNH:0
DA:1,5
DA:2,5
DA:3,5
DA:4,5
DA:6,5
DA:7,5
DA:8,5
DA:9,5
DA:10,5
DA:14,5
LF:10
LH:10
BRF:0
BRH:0
end_of_record
TN:
SF:routers/favorite.js
FNF:0
FNH:0
DA:1,5
DA:2,5
DA:3,5
DA:5,5
DA:6,5
DA:7,5
DA:10,5
LF:7
LH:7
BRF:0
BRH:0
end_of_record
TN:
SF:routers/index.js
FNF:0
FNH:0
DA:1,5
DA:2,5
DA:3,5
DA:4,5
DA:5,5
DA:6,5
DA:7,5
DA:8,5
DA:10,5
DA:11,5
DA:12,5
DA:13,5
DA:14,5
DA:15,5
DA:17,5
LF:15
LH:15
BRF:0
BRH:0
end_of_record
TN:
SF:routers/store.js
FNF:0
FNH:0
DA:1,5
DA:2,5
DA:3,5
DA:4,5
DA:6,5
DA:7,5
DA:8,5
DA:9,5
DA:11,5
LF:9
LH:9
BRF:0
BRH:0
end_of_record
TN:
SF:routers/users.js
FNF:0
FNH:0
DA:1,5
DA:2,5
DA:3,5
DA:5,5
DA:6,5
DA:8,5
LF:6
LH:6
BRF:0
BRH:0
end_of_record
